[couchdb:info,2020-02-17T11:04:19.052Z,couchdb_ns_1@cb.local:cb_couch_sup<0.137.0>:couch_log:info:41]Apache CouchDB has started on http://0.0.0.0:8092/
[couchdb:info,2020-02-17T11:05:18.825Z,couchdb_ns_1@cb.local:couch_query_logger<0.186.0>:couch_log:info:41]Query-Volume
---
[couchdb:info,2020-02-17T11:06:18.826Z,couchdb_ns_1@cb.local:couch_query_logger<0.186.0>:couch_log:info:41]Query-Volume
---
[couchdb:info,2020-02-17T11:07:18.827Z,couchdb_ns_1@cb.local:couch_query_logger<0.186.0>:couch_log:info:41]Query-Volume
---
[couchdb:info,2020-02-17T11:08:18.828Z,couchdb_ns_1@cb.local:couch_query_logger<0.186.0>:couch_log:info:41]Query-Volume
---
[couchdb:info,2020-02-17T11:09:18.829Z,couchdb_ns_1@cb.local:couch_query_logger<0.186.0>:couch_log:info:41]Query-Volume
---
[couchdb:info,2020-02-17T11:10:18.830Z,couchdb_ns_1@cb.local:couch_query_logger<0.186.0>:couch_log:info:41]Query-Volume
---
[couchdb:info,2020-02-17T11:11:18.831Z,couchdb_ns_1@cb.local:couch_query_logger<0.186.0>:couch_log:info:41]Query-Volume
---
[couchdb:info,2020-02-17T11:12:18.832Z,couchdb_ns_1@cb.local:couch_query_logger<0.186.0>:couch_log:info:41]Query-Volume
---
[couchdb:info,2020-02-17T11:13:18.833Z,couchdb_ns_1@cb.local:couch_query_logger<0.186.0>:couch_log:info:41]Query-Volume
---
[couchdb:info,2020-02-17T11:14:18.834Z,couchdb_ns_1@cb.local:couch_query_logger<0.186.0>:couch_log:info:41]Query-Volume
---
[couchdb:info,2020-02-17T11:15:18.835Z,couchdb_ns_1@cb.local:couch_query_logger<0.186.0>:couch_log:info:41]Query-Volume
---
[couchdb:info,2020-02-17T11:16:18.836Z,couchdb_ns_1@cb.local:couch_query_logger<0.186.0>:couch_log:info:41]Query-Volume
---
[couchdb:info,2020-02-17T11:17:18.837Z,couchdb_ns_1@cb.local:couch_query_logger<0.186.0>:couch_log:info:41]Query-Volume
---
[couchdb:info,2020-02-17T11:18:18.838Z,couchdb_ns_1@cb.local:couch_query_logger<0.186.0>:couch_log:info:41]Query-Volume
---
[couchdb:info,2020-02-17T11:19:18.839Z,couchdb_ns_1@cb.local:couch_query_logger<0.186.0>:couch_log:info:41]Query-Volume
---
[couchdb:info,2020-02-17T11:20:18.840Z,couchdb_ns_1@cb.local:couch_query_logger<0.186.0>:couch_log:info:41]Query-Volume
---
[couchdb:info,2020-02-17T11:21:18.841Z,couchdb_ns_1@cb.local:couch_query_logger<0.186.0>:couch_log:info:41]Query-Volume
---
[couchdb:info,2020-02-17T11:22:18.842Z,couchdb_ns_1@cb.local:couch_query_logger<0.186.0>:couch_log:info:41]Query-Volume
---
[couchdb:info,2020-02-17T11:23:18.843Z,couchdb_ns_1@cb.local:couch_query_logger<0.186.0>:couch_log:info:41]Query-Volume
---
[couchdb:info,2020-02-17T11:24:18.844Z,couchdb_ns_1@cb.local:couch_query_logger<0.186.0>:couch_log:info:41]Query-Volume
---
[couchdb:info,2020-02-17T11:25:18.845Z,couchdb_ns_1@cb.local:couch_query_logger<0.186.0>:couch_log:info:41]Query-Volume
---
[couchdb:info,2020-02-17T11:26:18.846Z,couchdb_ns_1@cb.local:couch_query_logger<0.186.0>:couch_log:info:41]Query-Volume
---
[couchdb:info,2020-02-17T11:27:18.847Z,couchdb_ns_1@cb.local:couch_query_logger<0.186.0>:couch_log:info:41]Query-Volume
---
[couchdb:info,2020-02-17T11:28:18.848Z,couchdb_ns_1@cb.local:couch_query_logger<0.186.0>:couch_log:info:41]Query-Volume
---
[couchdb:info,2020-02-17T11:29:18.849Z,couchdb_ns_1@cb.local:couch_query_logger<0.186.0>:couch_log:info:41]Query-Volume
---
[couchdb:info,2020-02-17T11:30:18.850Z,couchdb_ns_1@cb.local:couch_query_logger<0.186.0>:couch_log:info:41]Query-Volume
---
[couchdb:info,2020-02-17T11:34:20.504Z,couchdb_ns_1@cb.local:cb_couch_sup<0.135.0>:couch_log:info:41]Apache CouchDB has started on http://0.0.0.0:8092/
[couchdb:info,2020-02-17T11:35:20.077Z,couchdb_ns_1@cb.local:couch_query_logger<0.185.0>:couch_log:info:41]Query-Volume
---
[couchdb:info,2020-02-17T11:36:20.078Z,couchdb_ns_1@cb.local:couch_query_logger<0.185.0>:couch_log:info:41]Query-Volume
---
[couchdb:info,2020-02-17T11:37:20.079Z,couchdb_ns_1@cb.local:couch_query_logger<0.185.0>:couch_log:info:41]Query-Volume
---
[couchdb:info,2020-02-17T11:38:20.080Z,couchdb_ns_1@cb.local:couch_query_logger<0.185.0>:couch_log:info:41]Query-Volume
---
[couchdb:info,2020-02-17T11:39:20.081Z,couchdb_ns_1@cb.local:couch_query_logger<0.185.0>:couch_log:info:41]Query-Volume
---
[couchdb:info,2020-02-17T11:40:20.082Z,couchdb_ns_1@cb.local:couch_query_logger<0.185.0>:couch_log:info:41]Query-Volume
---
[couchdb:info,2020-02-17T11:41:20.083Z,couchdb_ns_1@cb.local:couch_query_logger<0.185.0>:couch_log:info:41]Query-Volume
---
[couchdb:info,2020-02-17T11:42:20.084Z,couchdb_ns_1@cb.local:couch_query_logger<0.185.0>:couch_log:info:41]Query-Volume
---
[couchdb:info,2020-02-17T11:43:20.085Z,couchdb_ns_1@cb.local:couch_query_logger<0.185.0>:couch_log:info:41]Query-Volume
---
[couchdb:info,2020-02-17T11:43:44.590Z,couchdb_ns_1@cb.local:<0.715.0>:couch_log:info:41]Deleting couch file "/opt/couchbase/var/lib/couchbase/data/cms/master.couch.1.compact" with renaming it to "/opt/couchbase/var/lib/couchbase/data/.delete/b6f8af5934b320baab5e34ee86be90e9"
[couchdb:info,2020-02-17T11:43:44.593Z,couchdb_ns_1@cb.local:<0.715.0>:couch_log:info:41]Deleting couch file "/opt/couchbase/var/lib/couchbase/data/cms/master.couch.1.compact" with renaming it to "/opt/couchbase/var/lib/couchbase/data/.delete/92a13acb55fbf990195820b02fba2985"
[couchdb:info,2020-02-17T11:43:44.705Z,couchdb_ns_1@cb.local:couch_view<0.232.0>:couch_log:info:41]Deleting couch file "/opt/couchbase/var/lib/couchbase/data/.cms/master_temp" with renaming it to "/opt/couchbase/var/lib/couchbase/data/.delete/da9ffd4b0f4f177db53b963e72e399e6"
[couchdb:info,2020-02-17T11:43:44.723Z,couchdb_ns_1@cb.local:couch_view<0.232.0>:couch_log:info:41]Deleting couch file "/opt/couchbase/var/lib/couchbase/data/.cms/master_temp" with renaming it to "/opt/couchbase/var/lib/couchbase/data/.delete/b004a61082769fda56e6c446fa0155eb"
[couchdb:info,2020-02-17T11:44:20.086Z,couchdb_ns_1@cb.local:couch_query_logger<0.185.0>:couch_log:info:41]Query-Volume
---
[couchdb:info,2020-02-17T11:45:20.087Z,couchdb_ns_1@cb.local:couch_query_logger<0.185.0>:couch_log:info:41]Query-Volume
---
[couchdb:info,2020-02-17T11:46:20.088Z,couchdb_ns_1@cb.local:couch_query_logger<0.185.0>:couch_log:info:41]Query-Volume
---
[couchdb:info,2020-02-17T11:47:20.089Z,couchdb_ns_1@cb.local:couch_query_logger<0.185.0>:couch_log:info:41]Query-Volume
---
[couchdb:info,2020-02-17T11:48:20.090Z,couchdb_ns_1@cb.local:couch_query_logger<0.185.0>:couch_log:info:41]Query-Volume
---
[couchdb:info,2020-02-17T11:49:20.091Z,couchdb_ns_1@cb.local:couch_query_logger<0.185.0>:couch_log:info:41]Query-Volume
---
[couchdb:info,2020-02-17T11:50:20.092Z,couchdb_ns_1@cb.local:couch_query_logger<0.185.0>:couch_log:info:41]Query-Volume
---
[couchdb:info,2020-02-17T11:51:20.093Z,couchdb_ns_1@cb.local:couch_query_logger<0.185.0>:couch_log:info:41]Query-Volume
---
[couchdb:info,2020-02-17T11:52:20.094Z,couchdb_ns_1@cb.local:couch_query_logger<0.185.0>:couch_log:info:41]Query-Volume
---
[couchdb:info,2020-02-17T11:53:20.095Z,couchdb_ns_1@cb.local:couch_query_logger<0.185.0>:couch_log:info:41]Query-Volume
---
[couchdb:info,2020-02-17T11:54:20.096Z,couchdb_ns_1@cb.local:couch_query_logger<0.185.0>:couch_log:info:41]Query-Volume
---
[couchdb:info,2020-02-17T11:55:20.097Z,couchdb_ns_1@cb.local:couch_query_logger<0.185.0>:couch_log:info:41]Query-Volume
---
[couchdb:info,2020-02-17T11:56:20.098Z,couchdb_ns_1@cb.local:couch_query_logger<0.185.0>:couch_log:info:41]Query-Volume
---
[couchdb:info,2020-02-17T11:57:20.099Z,couchdb_ns_1@cb.local:couch_query_logger<0.185.0>:couch_log:info:41]Query-Volume
---
[couchdb:info,2020-02-17T11:58:20.100Z,couchdb_ns_1@cb.local:couch_query_logger<0.185.0>:couch_log:info:41]Query-Volume
---
[couchdb:info,2020-02-17T11:59:20.101Z,couchdb_ns_1@cb.local:couch_query_logger<0.185.0>:couch_log:info:41]Query-Volume
---
[couchdb:info,2020-02-17T12:00:20.102Z,couchdb_ns_1@cb.local:couch_query_logger<0.185.0>:couch_log:info:41]Query-Volume
---
[couchdb:info,2020-02-17T12:01:20.103Z,couchdb_ns_1@cb.local:couch_query_logger<0.185.0>:couch_log:info:41]Query-Volume
---
[couchdb:info,2020-02-17T12:02:20.104Z,couchdb_ns_1@cb.local:couch_query_logger<0.185.0>:couch_log:info:41]Query-Volume
---
[couchdb:info,2020-02-17T12:03:20.105Z,couchdb_ns_1@cb.local:couch_query_logger<0.185.0>:couch_log:info:41]Query-Volume
---
[couchdb:info,2020-02-17T12:04:20.106Z,couchdb_ns_1@cb.local:couch_query_logger<0.185.0>:couch_log:info:41]Query-Volume
---
[couchdb:info,2020-02-17T12:05:20.107Z,couchdb_ns_1@cb.local:couch_query_logger<0.185.0>:couch_log:info:41]Query-Volume
---
[couchdb:info,2020-02-17T12:06:20.108Z,couchdb_ns_1@cb.local:couch_query_logger<0.185.0>:couch_log:info:41]Query-Volume
---
[couchdb:info,2020-02-17T12:07:20.109Z,couchdb_ns_1@cb.local:couch_query_logger<0.185.0>:couch_log:info:41]Query-Volume
---
[couchdb:info,2020-02-17T12:08:20.110Z,couchdb_ns_1@cb.local:couch_query_logger<0.185.0>:couch_log:info:41]Query-Volume
---
[couchdb:info,2020-02-17T12:09:20.111Z,couchdb_ns_1@cb.local:couch_query_logger<0.185.0>:couch_log:info:41]Query-Volume
---
[couchdb:info,2020-02-17T12:10:20.112Z,couchdb_ns_1@cb.local:couch_query_logger<0.185.0>:couch_log:info:41]Query-Volume
---
[couchdb:info,2020-02-17T12:11:20.113Z,couchdb_ns_1@cb.local:couch_query_logger<0.185.0>:couch_log:info:41]Query-Volume
---
[couchdb:info,2020-02-17T12:12:20.114Z,couchdb_ns_1@cb.local:couch_query_logger<0.185.0>:couch_log:info:41]Query-Volume
---
[couchdb:info,2020-02-17T12:13:20.115Z,couchdb_ns_1@cb.local:couch_query_logger<0.185.0>:couch_log:info:41]Query-Volume
---
[couchdb:info,2020-02-17T12:14:20.116Z,couchdb_ns_1@cb.local:couch_query_logger<0.185.0>:couch_log:info:41]Query-Volume
---
[couchdb:info,2020-02-17T12:15:20.117Z,couchdb_ns_1@cb.local:couch_query_logger<0.185.0>:couch_log:info:41]Query-Volume
---
[couchdb:info,2020-02-17T12:16:20.118Z,couchdb_ns_1@cb.local:couch_query_logger<0.185.0>:couch_log:info:41]Query-Volume
---
[couchdb:info,2020-02-17T12:17:20.119Z,couchdb_ns_1@cb.local:couch_query_logger<0.185.0>:couch_log:info:41]Query-Volume
---
[couchdb:info,2020-02-17T12:18:20.120Z,couchdb_ns_1@cb.local:couch_query_logger<0.185.0>:couch_log:info:41]Query-Volume
---
[couchdb:info,2020-02-17T12:19:20.121Z,couchdb_ns_1@cb.local:couch_query_logger<0.185.0>:couch_log:info:41]Query-Volume
---
[couchdb:info,2020-02-17T12:20:20.122Z,couchdb_ns_1@cb.local:couch_query_logger<0.185.0>:couch_log:info:41]Query-Volume
---
[couchdb:info,2020-02-17T12:21:20.123Z,couchdb_ns_1@cb.local:couch_query_logger<0.185.0>:couch_log:info:41]Query-Volume
---
[couchdb:info,2020-02-17T12:22:20.124Z,couchdb_ns_1@cb.local:couch_query_logger<0.185.0>:couch_log:info:41]Query-Volume
---
[couchdb:info,2020-02-17T12:23:20.125Z,couchdb_ns_1@cb.local:couch_query_logger<0.185.0>:couch_log:info:41]Query-Volume
---
[couchdb:info,2020-02-17T12:24:20.126Z,couchdb_ns_1@cb.local:couch_query_logger<0.185.0>:couch_log:info:41]Query-Volume
---
[couchdb:info,2020-02-17T12:25:20.127Z,couchdb_ns_1@cb.local:couch_query_logger<0.185.0>:couch_log:info:41]Query-Volume
---
[couchdb:info,2020-02-17T12:26:20.128Z,couchdb_ns_1@cb.local:couch_query_logger<0.185.0>:couch_log:info:41]Query-Volume
---
[couchdb:info,2020-02-17T12:27:20.129Z,couchdb_ns_1@cb.local:couch_query_logger<0.185.0>:couch_log:info:41]Query-Volume
---
[couchdb:info,2020-02-17T12:28:20.130Z,couchdb_ns_1@cb.local:couch_query_logger<0.185.0>:couch_log:info:41]Query-Volume
---
[couchdb:info,2020-02-17T12:29:20.131Z,couchdb_ns_1@cb.local:couch_query_logger<0.185.0>:couch_log:info:41]Query-Volume
---
[couchdb:info,2020-02-17T12:30:20.132Z,couchdb_ns_1@cb.local:couch_query_logger<0.185.0>:couch_log:info:41]Query-Volume
---
[couchdb:info,2020-02-17T12:31:20.133Z,couchdb_ns_1@cb.local:couch_query_logger<0.185.0>:couch_log:info:41]Query-Volume
---
[couchdb:info,2020-02-17T12:32:20.134Z,couchdb_ns_1@cb.local:couch_query_logger<0.185.0>:couch_log:info:41]Query-Volume
---
[couchdb:info,2020-02-17T12:33:20.135Z,couchdb_ns_1@cb.local:couch_query_logger<0.185.0>:couch_log:info:41]Query-Volume
---
