2020/02/17 11:36:56 cbauth: key: fts/remoteClients registered for tls config updates
2020-02-17T11:36:56.152+00:00 [INFO] main: /opt/couchbase/bin/cbft started (v0.6.0/5.5.0)
2020-02-17T11:36:56.152+00:00 [INFO] main: file descriptor limit current: 1048576 max: 1048576
2020-02-17T11:36:56.152+00:00 [INFO]   -authType="cbauth"
2020-02-17T11:36:56.152+00:00 [INFO]   -bindGrpc="127.0.0.1:9130,0.0.0.0:9130"
2020-02-17T11:36:56.152+00:00 [INFO]   -bindGrpcSsl="127.0.0.1:19130,0.0.0.0:19130"
2020-02-17T11:36:56.152+00:00 [INFO]   -bindHttp="127.0.0.1:8094,0.0.0.0:8094"
2020-02-17T11:36:56.152+00:00 [INFO]   -bindHttps=":18094"
2020-02-17T11:36:56.152+00:00 [INFO]   -cfgConnect="metakv"
2020-02-17T11:36:56.152+00:00 [INFO]   -container=""
2020-02-17T11:36:56.152+00:00 [INFO]   -dataDir="/opt/couchbase/var/lib/couchbase/data/@fts"
2020-02-17T11:36:56.152+00:00 [INFO]   -extras="127.0.0.1:8091"
2020-02-17T11:36:56.152+00:00 [INFO]   -help="false"
2020-02-17T11:36:56.152+00:00 [INFO]   -options="startCheckServer=skip,slowQueryLogTimeout=5s,defaultMaxPartitionsPerPIndex=171,bleveMaxResultWindow=10000,failoverAssignAllPrimaries=false,hideUI=true,cbaudit=true,ipv6=false,ftsMemoryQuota=262144000,maxReplicasAllowed=3,bucketTypesAllowed=membase:ephemeral,http2=true,vbuckets=1024"
2020-02-17T11:36:56.152+00:00 [INFO]   -register="wanted"
2020-02-17T11:36:56.152+00:00 [INFO]   -server="http://127.0.0.1:8091"
2020-02-17T11:36:56.152+00:00 [INFO]   -staticDir="static"
2020-02-17T11:36:56.152+00:00 [INFO]   -staticETag=""
2020-02-17T11:36:56.152+00:00 [INFO]   -tags="feed,janitor,pindex,queryer,cbauth_service"
2020-02-17T11:36:56.152+00:00 [INFO]   -tlsCertFile="/opt/couchbase/var/lib/couchbase/config/memcached-cert.pem"
2020-02-17T11:36:56.152+00:00 [INFO]   -tlsKeyFile="/opt/couchbase/var/lib/couchbase/config/memcached-key.pem"
2020-02-17T11:36:56.152+00:00 [INFO]   -uuid="c17ce99f3cb0cec8038043e30471d33f"
2020-02-17T11:36:56.152+00:00 [INFO]   -version="false"
2020-02-17T11:36:56.152+00:00 [INFO]   -weight="1"
2020-02-17T11:36:56.152+00:00 [INFO]   GOMAXPROCS=4
2020-02-17T11:36:56.152+00:00 [INFO] main: registered bleve stores
2020-02-17T11:36:56.152+00:00 [INFO]   metrics
2020-02-17T11:36:56.152+00:00 [INFO]   goleveldb
2020-02-17T11:36:56.152+00:00 [INFO]   moss
2020-02-17T11:36:56.152+00:00 [INFO]   gtreap
2020-02-17T11:36:56.152+00:00 [INFO]   boltdb
2020-02-17T11:36:56.153+00:00 [INFO] main: curr dir: "/opt/couchbase/var/lib/couchbase"
2020-02-17T11:36:56.153+00:00 [INFO] main: data dir: "/opt/couchbase/var/lib/couchbase/data/@fts"
2020-02-17T11:36:56.162+00:00 [INFO] app_herder: memQuota: 262144000, appQuota: 262144000, indexQuota: 196608000, queryQuota: 235929600
2020-02-17T11:36:56.162+00:00 [INFO] cbauth: received  security change notification, code: 3
2020-02-17T11:36:56.169+00:00 [INFO] cbauth: notifying configs change for key: fts/remoteClients
2020-02-17T11:36:56.168+00:00 [INFO] manager: setting the nodeDefs implVersion to 5.5.0
2020-02-17T11:36:56.170+00:00 [INFO] cfg_metakv: Set, key: nodeDefs-known, cas: 1, split: true, nodeUUID: c17ce99f3cb0cec8038043e30471d33f
2020-02-17T11:36:56.170+00:00 [INFO] cfg_metakv: Set split, key: nodeDefs-known, added: map[c17ce99f3cb0cec8038043e30471d33f:true], removed: map[], updated: map[]
2020-02-17T11:36:56.170+00:00 [INFO] cfg_metakv: Set split, key: nodeDefs-known, childPath: /fts/cbgt/cfg/nodeDefs-known/c17ce99f3cb0cec8038043e30471d33f
2020-02-17T11:36:56.173+00:00 [INFO] cfg_metakv: metaKVCallback, path: /fts/cbgt/cfg/nodeDefs-known/c17ce99f3cb0cec8038043e30471d33f, key: nodeDefs-known/c17ce99f3cb0cec8038043e30471d33f, deletion: false
2020-02-17T11:36:56.179+00:00 [INFO] manager: setting the nodeDefs implVersion to 5.5.0
2020-02-17T11:36:56.179+00:00 [INFO] cfg_metakv: Set, key: nodeDefs-wanted, cas: 3, split: true, nodeUUID: c17ce99f3cb0cec8038043e30471d33f
2020-02-17T11:36:56.180+00:00 [INFO] cfg_metakv: Set split, key: nodeDefs-wanted, added: map[c17ce99f3cb0cec8038043e30471d33f:true], removed: map[], updated: map[]
2020-02-17T11:36:56.180+00:00 [INFO] cfg_metakv: Set split, key: nodeDefs-wanted, childPath: /fts/cbgt/cfg/nodeDefs-wanted/c17ce99f3cb0cec8038043e30471d33f
2020-02-17T11:36:56.201+00:00 [INFO] cfg_metakv: metaKVCallback, path: /fts/cbgt/cfg/nodeDefs-wanted/c17ce99f3cb0cec8038043e30471d33f, key: nodeDefs-wanted/c17ce99f3cb0cec8038043e30471d33f, deletion: false
2020-02-17T11:36:56.201+00:00 [INFO] manager: loading dataDir...
2020-02-17T11:36:56.208+00:00 [INFO] manager: loading dataDir... done
2020-02-17T11:36:56.209+00:00 [INFO] main: custom jsoniter json implementation enabled
2020-02-17T11:36:56.209+00:00 [INFO] janitor: awakes, op: kick, msg: start
2020-02-17T11:36:56.216+00:00 [WARN] janitor: JanitorOnce, err: janitor: skipped on nil planPIndexes -- cbgt.(*Manager).JanitorLoop() at manager_janitor.go:97
2020-02-17T11:36:56.222+00:00 [INFO] Using plain authentication for user <ud>@fts</ud> 
2020-02-17T11:36:56.223+00:00 [INFO] Using plain authentication for user <ud>@fts</ud> 
2020-02-17T11:36:56.223+00:00 [INFO] Using plain authentication for user <ud>@fts</ud> 
2020-02-17T11:36:56.225+00:00 [INFO] Using plain authentication for user <ud>@fts</ud> 
2020-02-17T11:36:56.225+00:00 [INFO] Using plain authentication for user <ud>@fts</ud> 
2020-02-17T11:36:56.226+00:00 [INFO] audit: created new audit service
2020-02-17T11:36:56.226+00:00 [INFO] cbauth: key: fts/grpc-ssl registered for tls config updates
2020-02-17T11:36:56.226+00:00 [INFO] init_grpc: GrpcServer Started at 0.0.0.0:9130
2020-02-17T11:36:56.233+00:00 [INFO] init_grpc: GrpcServer Started at 0.0.0.0:19130
2020-02-17T11:36:56.233+00:00 [INFO] main: ctl starting, dryRun: false, waitForMemberNodes: 30, verbose: 3, maxConcurrentPartitionMovesPerNode: 1
2020-02-17T11:36:56.262+00:00 [INFO] ctl: kickIndexDefs, kind: init
2020-02-17T11:36:56.267+00:00 [INFO] planner: nodesRemove: []string(nil)
2020-02-17T11:36:56.267+00:00 [INFO] planner: step planner
2020-02-17T11:36:56.267+00:00 [INFO] cfg_metakv: metaKVCallback, path: /fts/cbgt/cfg/nodeDefs-wanted/c17ce99f3cb0cec8038043e30471d33f, key: nodeDefs-wanted/c17ce99f3cb0cec8038043e30471d33f, deletion: false
2020-02-17T11:36:56.268+00:00 [INFO] cfg_metakv: Set, key: version, cas: 1, split: false, nodeUUID: c17ce99f3cb0cec8038043e30471d33f
2020-02-17T11:36:56.268+00:00 [INFO] cfg_metakv: metaKVCallback, path: /fts/cbgt/cfg/nodeDefs-known/c17ce99f3cb0cec8038043e30471d33f, key: nodeDefs-known/c17ce99f3cb0cec8038043e30471d33f, deletion: false
2020-02-17T11:36:56.268+00:00 [INFO] ctl: kickIndexDefs, kind: cfgEvent
2020-02-17T11:36:56.268+00:00 [INFO] janitor: awakes, op: kick, msg: cfg changed, key: nodeDefs-wanted
2020-02-17T11:36:56.276+00:00 [WARN] janitor: JanitorOnce, err: janitor: skipped on nil planPIndexes -- cbgt.(*Manager).JanitorLoop() at manager_janitor.go:97
2020-02-17T11:36:56.276+00:00 [INFO] cfg_metakv: Set path: /fts/cbgt/cfg/version
2020-02-17T11:36:56.277+00:00 [INFO] cfg_metakv: metaKVCallback, path: /fts/cbgt/cfg/version, key: version, deletion: false
2020-02-17T11:36:56.278+00:00 [INFO] version: CheckVersion, Cfg version updated 5.5.0
2020-02-17T11:36:56.278+00:00 [INFO] cbauth: key: fts/https registered for tls config updates
2020-02-17T11:36:56.278+00:00 [INFO] main: ------------------------------------------------------
2020-02-17T11:36:56.278+00:00 [INFO] init_http: web UI / REST API is available (via 0.0.0.0): http://127.0.0.1:8094
2020-02-17T11:36:56.278+00:00 [INFO] main: ------------------------------------------------------
2020-02-17T11:36:56.278+00:00 [INFO] main: ------------------------------------------------------
2020-02-17T11:36:56.278+00:00 [INFO] init_http: web UI / REST API is available: https://:18094
2020-02-17T11:36:56.278+00:00 [INFO] main: ------------------------------------------------------
2020-02-17T11:36:56.278+00:00 [INFO] main: cbauth_service registering...
2020-02-17T11:36:56.278+00:00 [INFO] main: ------------------------------------------------------
2020-02-17T11:36:56.278+00:00 [INFO] init_http: web UI / REST API is available: http://0.0.0.0:8094
2020-02-17T11:36:56.278+00:00 [INFO] main: ------------------------------------------------------
2020-02-17T11:36:56.278+00:00 [INFO] init_http: Setting up a http limit listener over "0.0.0.0:8094"
2020-02-17T11:36:56.290+00:00 [INFO] init_http: Setting up a https limit listener over ":18094"
2020-02-17T11:36:56.291+00:00 [INFO] ctl/manager: GetTaskList, haveTasksRev: , changed, rv: &{Rev:[48] Tasks:[]}
2020-02-17T11:36:56.293+00:00 [INFO] ctl/manager: GetCurrentTopology, haveTopologyRev: , changed, rv: &{Rev:[50] Nodes:[c17ce99f3cb0cec8038043e30471d33f] IsBalanced:true Messages:[]}
2020-02-17T11:36:56.297+00:00 [INFO] ctl: run, kind: nodeDefs-wanted, updated memberNodes: {c17ce99f3cb0cec8038043e30471d33f;}
2020-02-17T11:36:57.811+00:00 [INFO] ctl/manager: GetNodeInfo
2020-02-17T11:36:57.813+00:00 [INFO] ctl/manager: PrepareTopologyChange, change: {6ec4fc449672579b19a9e0659a56e559 [] topology-change-rebalance [{{c17ce99f3cb0cec8038043e30471d33f 0 <nil>} recovery-full}] []}
2020-02-17T11:36:57.815+00:00 [INFO] ctl/manager: PrepareTopologyChange, done
2020-02-17T11:36:57.815+00:00 [INFO] ctl/manager: GetTaskList, haveTasksRev: 0, changed, rv: &{Rev:[50] Tasks:[{Rev:[49] ID:prepare:6ec4fc449672579b19a9e0659a56e559 Type:task-prepared Status:task-running IsCancelable:true Progress:100 DetailedProgress:map[] Description:prepare topology change ErrorMessage: Extra:map[topologyChange:{ID:6ec4fc449672579b19a9e0659a56e559 CurrentTopologyRev:[] Type:topology-change-rebalance KeepNodes:[{NodeInfo:{NodeID:c17ce99f3cb0cec8038043e30471d33f Priority:0 Opaque:<nil>} RecoveryType:recovery-full}] EjectNodes:[]}]}]}
2020-02-17T11:36:57.816+00:00 [INFO] ctl/manager: StartTopologyChange, change: {6ec4fc449672579b19a9e0659a56e559 [] topology-change-rebalance [{{c17ce99f3cb0cec8038043e30471d33f 0 <nil>} recovery-full}] []}
2020-02-17T11:36:57.816+00:00 [INFO] ctl: waitForWantedNodes, wantedNodes: [c17ce99f3cb0cec8038043e30471d33f]
2020-02-17T11:36:57.819+00:00 [INFO] ctl: getMovingPartitionsCount: 0
2020-02-17T11:36:57.819+00:00 [INFO] ctl/manager: StartTopologyChange, started
2020-02-17T11:36:57.819+00:00 [INFO] ctl/manager: GetTaskList, haveTasksRev: 2, changed, rv: &{Rev:[52] Tasks:[{Rev:[51] ID:rebalance:6ec4fc449672579b19a9e0659a56e559 Type:task-rebalance Status:task-running IsCancelable:true Progress:0 DetailedProgress:map[] Description:topology change ErrorMessage: Extra:map[topologyChange:{ID:6ec4fc449672579b19a9e0659a56e559 CurrentTopologyRev:[] Type:topology-change-rebalance KeepNodes:[{NodeInfo:{NodeID:c17ce99f3cb0cec8038043e30471d33f Priority:0 Opaque:<nil>} RecoveryType:recovery-full}] EjectNodes:[]}]}]}
2020-02-17T11:36:57.825+00:00 [INFO] ctl: waitForWantedNodes, wantedNodes: [c17ce99f3cb0cec8038043e30471d33f]
2020-02-17T11:36:57.826+00:00 [INFO] ctl: waitForWantedNodes, nodesToRemove: []
2020-02-17T11:36:57.829+00:00 [INFO] planner: nodesRemove: []string{}
2020-02-17T11:36:57.829+00:00 [INFO] planner: step unregister
2020-02-17T11:36:57.830+00:00 [INFO] planner: step planner
2020-02-17T11:36:57.866+00:00 [INFO] ctl/manager: GetTaskList, haveTasksRev: 4, changed, rv: &{Rev:[53] Tasks:[]}
2020/02/17 11:38:21 cbauth: key: fts/remoteClients registered for tls config updates
2020-02-17T11:38:21.298+00:00 [INFO] main: /opt/couchbase/bin/cbft started (v0.6.0/5.5.0)
2020-02-17T11:38:21.298+00:00 [INFO] main: file descriptor limit current: 1048576 max: 1048576
2020-02-17T11:38:21.298+00:00 [INFO]   -authType="cbauth"
2020-02-17T11:38:21.298+00:00 [INFO]   -bindGrpc="10.0.2.8:9130,0.0.0.0:9130"
2020-02-17T11:38:21.298+00:00 [INFO]   -bindGrpcSsl="10.0.2.8:19130,0.0.0.0:19130"
2020-02-17T11:38:21.298+00:00 [INFO]   -bindHttp="10.0.2.8:8094,0.0.0.0:8094"
2020-02-17T11:38:21.298+00:00 [INFO]   -bindHttps=":18094"
2020-02-17T11:38:21.299+00:00 [INFO]   -cfgConnect="metakv"
2020-02-17T11:38:21.299+00:00 [INFO]   -container=""
2020-02-17T11:38:21.299+00:00 [INFO]   -dataDir="/opt/couchbase/var/lib/couchbase/data/@fts"
2020-02-17T11:38:21.299+00:00 [INFO]   -extras="10.0.2.8:8091"
2020-02-17T11:38:21.299+00:00 [INFO]   -help="false"
2020-02-17T11:38:21.299+00:00 [INFO]   -options="startCheckServer=skip,slowQueryLogTimeout=5s,defaultMaxPartitionsPerPIndex=171,bleveMaxResultWindow=10000,failoverAssignAllPrimaries=false,hideUI=true,cbaudit=true,ipv6=false,ftsMemoryQuota=262144000,maxReplicasAllowed=3,bucketTypesAllowed=membase:ephemeral,http2=true,vbuckets=1024"
2020-02-17T11:38:21.299+00:00 [INFO]   -register="wanted"
2020-02-17T11:38:21.299+00:00 [INFO]   -server="http://127.0.0.1:8091"
2020-02-17T11:38:21.299+00:00 [INFO]   -staticDir="static"
2020-02-17T11:38:21.299+00:00 [INFO]   -staticETag=""
2020-02-17T11:38:21.299+00:00 [INFO]   -tags="feed,janitor,pindex,queryer,cbauth_service"
2020-02-17T11:38:21.299+00:00 [INFO]   -tlsCertFile="/opt/couchbase/var/lib/couchbase/config/memcached-cert.pem"
2020-02-17T11:38:21.299+00:00 [INFO]   -tlsKeyFile="/opt/couchbase/var/lib/couchbase/config/memcached-key.pem"
2020-02-17T11:38:21.299+00:00 [INFO]   -uuid="c17ce99f3cb0cec8038043e30471d33f"
2020-02-17T11:38:21.299+00:00 [INFO]   -version="false"
2020-02-17T11:38:21.299+00:00 [INFO]   -weight="1"
2020-02-17T11:38:21.299+00:00 [INFO]   GOMAXPROCS=4
2020-02-17T11:38:21.299+00:00 [INFO] main: registered bleve stores
2020-02-17T11:38:21.299+00:00 [INFO]   gtreap
2020-02-17T11:38:21.299+00:00 [INFO]   boltdb
2020-02-17T11:38:21.299+00:00 [INFO]   metrics
2020-02-17T11:38:21.299+00:00 [INFO]   goleveldb
2020-02-17T11:38:21.299+00:00 [INFO]   moss
2020-02-17T11:38:21.300+00:00 [INFO] main: curr dir: "/opt/couchbase/var/lib/couchbase"
2020-02-17T11:38:21.300+00:00 [INFO] main: data dir: "/opt/couchbase/var/lib/couchbase/data/@fts"
2020-02-17T11:38:21.310+00:00 [INFO] cfg_metakv: metaKVCallback, path: /fts/cbgt/cfg/version, key: version, deletion: false
2020-02-17T11:38:21.311+00:00 [INFO] cfg_metakv: metaKVCallback, path: /fts/cbgt/cfg/nodeDefs-wanted/c17ce99f3cb0cec8038043e30471d33f, key: nodeDefs-wanted/c17ce99f3cb0cec8038043e30471d33f, deletion: false
2020-02-17T11:38:21.311+00:00 [INFO] cfg_metakv: metaKVCallback, path: /fts/cbgt/cfg/nodeDefs-known/c17ce99f3cb0cec8038043e30471d33f, key: nodeDefs-known/c17ce99f3cb0cec8038043e30471d33f, deletion: false
2020-02-17T11:38:21.312+00:00 [INFO] cfg_metakv: metaKVCallback, path: /fts/cbgt/cfg/version, key: version, deletion: false
2020-02-17T11:38:21.312+00:00 [INFO] cbauth: received  security change notification, code: 3
2020-02-17T11:38:21.317+00:00 [INFO] app_herder: memQuota: 262144000, appQuota: 262144000, indexQuota: 196608000, queryQuota: 235929600
2020-02-17T11:38:21.317+00:00 [INFO] cfg_metakv: metaKVCallback, path: /fts/cbgt/cfg/nodeDefs-wanted/c17ce99f3cb0cec8038043e30471d33f, key: nodeDefs-wanted/c17ce99f3cb0cec8038043e30471d33f, deletion: false
2020-02-17T11:38:21.319+00:00 [INFO] cbauth: notifying configs change for key: fts/remoteClients
2020-02-17T11:38:21.321+00:00 [INFO] manager: setting the nodeDefs implVersion to 5.5.0
2020-02-17T11:38:21.321+00:00 [INFO] cfg_metakv: Set, key: nodeDefs-known, cas: 1, split: true, nodeUUID: c17ce99f3cb0cec8038043e30471d33f
2020-02-17T11:38:21.321+00:00 [INFO] cfg_metakv: metaKVCallback, path: /fts/cbgt/cfg/nodeDefs-known/c17ce99f3cb0cec8038043e30471d33f, key: nodeDefs-known/c17ce99f3cb0cec8038043e30471d33f, deletion: false
2020-02-17T11:38:21.321+00:00 [INFO] cfg_metakv: Set split, key: nodeDefs-known, added: map[], removed: map[], updated: map[c17ce99f3cb0cec8038043e30471d33f:true]
2020-02-17T11:38:21.321+00:00 [INFO] cfg_metakv: Set split, key: nodeDefs-known, childPath: /fts/cbgt/cfg/nodeDefs-known/c17ce99f3cb0cec8038043e30471d33f
2020-02-17T11:38:21.327+00:00 [INFO] cfg_metakv: metaKVCallback, path: /fts/cbgt/cfg/nodeDefs-known/c17ce99f3cb0cec8038043e30471d33f, key: nodeDefs-known/c17ce99f3cb0cec8038043e30471d33f, deletion: false
2020-02-17T11:38:21.329+00:00 [INFO] manager: setting the nodeDefs implVersion to 5.5.0
2020-02-17T11:38:21.329+00:00 [INFO] cfg_metakv: Set, key: nodeDefs-wanted, cas: 3, split: true, nodeUUID: c17ce99f3cb0cec8038043e30471d33f
2020-02-17T11:38:21.330+00:00 [INFO] cfg_metakv: Set split, key: nodeDefs-wanted, added: map[], removed: map[], updated: map[c17ce99f3cb0cec8038043e30471d33f:true]
2020-02-17T11:38:21.330+00:00 [INFO] cfg_metakv: Set split, key: nodeDefs-wanted, childPath: /fts/cbgt/cfg/nodeDefs-wanted/c17ce99f3cb0cec8038043e30471d33f
2020-02-17T11:38:21.334+00:00 [INFO] cfg_metakv: metaKVCallback, path: /fts/cbgt/cfg/nodeDefs-wanted/c17ce99f3cb0cec8038043e30471d33f, key: nodeDefs-wanted/c17ce99f3cb0cec8038043e30471d33f, deletion: false
2020-02-17T11:38:21.334+00:00 [INFO] manager: loading dataDir...
2020-02-17T11:38:21.364+00:00 [INFO] manager: loading dataDir... done
2020-02-17T11:38:21.364+00:00 [INFO] main: custom jsoniter json implementation enabled
2020-02-17T11:38:21.365+00:00 [INFO] janitor: awakes, op: kick, msg: start
2020-02-17T11:38:21.376+00:00 [INFO] Using plain authentication for user <ud>@fts</ud> 
2020-02-17T11:38:21.378+00:00 [INFO] Using plain authentication for user <ud>@fts</ud> 
2020-02-17T11:38:21.378+00:00 [INFO] Using plain authentication for user <ud>@fts</ud> 
2020-02-17T11:38:21.379+00:00 [INFO] Using plain authentication for user <ud>@fts</ud> 
2020-02-17T11:38:21.380+00:00 [INFO] Using plain authentication for user <ud>@fts</ud> 
2020-02-17T11:38:21.380+00:00 [INFO] audit: created new audit service
2020-02-17T11:38:21.380+00:00 [INFO] cbauth: key: fts/grpc-ssl registered for tls config updates
2020-02-17T11:38:21.383+00:00 [WARN] janitor: JanitorOnce, err: janitor: skipped on nil planPIndexes -- cbgt.(*Manager).JanitorLoop() at manager_janitor.go:97
2020-02-17T11:38:21.383+00:00 [INFO] init_grpc: GrpcServer Started at 0.0.0.0:9130
2020-02-17T11:38:21.384+00:00 [INFO] main: ctl starting, dryRun: false, waitForMemberNodes: 30, verbose: 3, maxConcurrentPartitionMovesPerNode: 1
2020-02-17T11:38:21.385+00:00 [INFO] init_grpc: GrpcServer Started at 0.0.0.0:19130
2020-02-17T11:38:21.402+00:00 [INFO] ctl: kickIndexDefs, kind: init
2020-02-17T11:38:21.404+00:00 [INFO] planner: nodesRemove: []string(nil)
2020-02-17T11:38:21.404+00:00 [INFO] planner: step planner
2020-02-17T11:38:21.406+00:00 [INFO] cfg_metakv: metaKVCallback, path: /fts/cbgt/cfg/nodeDefs-wanted/c17ce99f3cb0cec8038043e30471d33f, key: nodeDefs-wanted/c17ce99f3cb0cec8038043e30471d33f, deletion: false
2020-02-17T11:38:21.409+00:00 [INFO] cfg_metakv: metaKVCallback, path: /fts/cbgt/cfg/nodeDefs-known/c17ce99f3cb0cec8038043e30471d33f, key: nodeDefs-known/c17ce99f3cb0cec8038043e30471d33f, deletion: false
2020-02-17T11:38:21.409+00:00 [INFO] janitor: awakes, op: kick, msg: cfg changed, key: nodeDefs-wanted
2020-02-17T11:38:21.409+00:00 [INFO] ctl: kickIndexDefs, kind: cfgEvent
2020-02-17T11:38:21.413+00:00 [INFO] cfg_metakv: metaKVCallback, path: /fts/cbgt/cfg/version, key: version, deletion: false
2020-02-17T11:38:21.419+00:00 [WARN] janitor: JanitorOnce, err: janitor: skipped on nil planPIndexes -- cbgt.(*Manager).JanitorLoop() at manager_janitor.go:97
2020-02-17T11:38:21.430+00:00 [INFO] cbauth: key: fts/https registered for tls config updates
2020-02-17T11:38:21.430+00:00 [INFO] main: ------------------------------------------------------
2020-02-17T11:38:21.430+00:00 [INFO] main: cbauth_service registering...
2020-02-17T11:38:21.430+00:00 [INFO] main: ------------------------------------------------------
2020-02-17T11:38:21.430+00:00 [INFO] init_http: web UI / REST API is available: https://:18094
2020-02-17T11:38:21.430+00:00 [INFO] main: ------------------------------------------------------
2020-02-17T11:38:21.430+00:00 [INFO] init_http: web UI / REST API is available (via 0.0.0.0): http://10.0.2.8:8094
2020-02-17T11:38:21.430+00:00 [INFO] main: ------------------------------------------------------
2020-02-17T11:38:21.430+00:00 [INFO] main: ------------------------------------------------------
2020-02-17T11:38:21.430+00:00 [INFO] init_http: web UI / REST API is available: http://0.0.0.0:8094
2020-02-17T11:38:21.430+00:00 [INFO] main: ------------------------------------------------------
2020-02-17T11:38:21.430+00:00 [INFO] init_http: Setting up a http limit listener over "0.0.0.0:8094"
2020-02-17T11:38:21.432+00:00 [INFO] init_http: Setting up a https limit listener over ":18094"
2020-02-17T11:38:21.433+00:00 [INFO] ctl/manager: GetTaskList, haveTasksRev: , changed, rv: &{Rev:[48] Tasks:[]}
2020-02-17T11:38:21.434+00:00 [INFO] ctl/manager: GetCurrentTopology, haveTopologyRev: , changed, rv: &{Rev:[50] Nodes:[c17ce99f3cb0cec8038043e30471d33f] IsBalanced:true Messages:[]}
2020-02-17T11:38:21.435+00:00 [INFO] ctl: run, kind: nodeDefs-wanted, updated memberNodes: {c17ce99f3cb0cec8038043e30471d33f;}
2020-02-17T11:38:21.839+00:00 [INFO] cbauth: received  security change notification, code: 1
2020-02-17T11:38:21.851+00:00 [INFO] cbauth: notifying configs change for key: fts/https
2020-02-17T11:38:21.852+00:00 [INFO] main: ------------------------------------------------------
2020-02-17T11:38:21.852+00:00 [INFO] init_http: web UI / REST API is available: https://:18094
2020-02-17T11:38:21.852+00:00 [INFO] main: ------------------------------------------------------
2020-02-17T11:38:21.852+00:00 [INFO] cbauth: notifying configs change for key: fts/grpc-ssl
2020-02-17T11:38:21.852+00:00 [INFO] cbauth: notifying configs change for key: fts/remoteClients
2020-02-17T11:38:21.852+00:00 [INFO] init_http: Serve, err: http: Server closed; HTTPS listeners closed, likely to be re-initialized,  -bindHttp(s) (":18094")
2020-02-17T11:38:21.855+00:00 [INFO] init_http: Setting up a https limit listener over ":18094"
2020-02-17T11:38:21.855+00:00 [INFO] init_grpc: GrpcServer Started at 0.0.0.0:19130
2020-02-17T11:39:21.551+00:00 [INFO] cfg_metakv: metaKVCallback, path: /fts/cbgt/cfg/nodeDefs-known/3f1adf42289fac35f84a33ceb7f5d2d2, key: nodeDefs-known/3f1adf42289fac35f84a33ceb7f5d2d2, deletion: false
2020-02-17T11:39:21.584+00:00 [INFO] cfg_metakv: metaKVCallback, path: /fts/cbgt/cfg/nodeDefs-wanted/3f1adf42289fac35f84a33ceb7f5d2d2, key: nodeDefs-wanted/3f1adf42289fac35f84a33ceb7f5d2d2, deletion: false
2020-02-17T11:39:21.584+00:00 [INFO] ctl: kickIndexDefs, kind: cfgEvent
2020-02-17T11:39:21.584+00:00 [INFO] janitor: awakes, op: kick, msg: cfg changed, key: nodeDefs-wanted
2020-02-17T11:39:21.604+00:00 [INFO] ctl: run, kind: nodeDefs-wanted, updated memberNodes: {3f1adf42289fac35f84a33ceb7f5d2d2;c17ce99f3cb0cec8038043e30471d33f;}
2020-02-17T11:39:21.604+00:00 [INFO] ctl/manager: GetCurrentTopology, haveTopologyRev: 4, changed, rv: &{Rev:[53] Nodes:[3f1adf42289fac35f84a33ceb7f5d2d2 c17ce99f3cb0cec8038043e30471d33f] IsBalanced:true Messages:[]}
2020-02-17T11:39:21.652+00:00 [WARN] janitor: JanitorOnce, err: janitor: skipped on nil planPIndexes -- cbgt.(*Manager).JanitorLoop() at manager_janitor.go:97
2020-02-17T11:39:21.670+00:00 [INFO] ctl/manager: GetNodeInfo
2020-02-17T11:39:21.799+00:00 [INFO] cfg_metakv: metaKVCallback, path: /fts/cbgt/cfg/nodeDefs-known/e2a2c7da05001b61d5128ac80c037dc5, key: nodeDefs-known/e2a2c7da05001b61d5128ac80c037dc5, deletion: false
2020-02-17T11:39:21.819+00:00 [INFO] cfg_metakv: metaKVCallback, path: /fts/cbgt/cfg/nodeDefs-wanted/e2a2c7da05001b61d5128ac80c037dc5, key: nodeDefs-wanted/e2a2c7da05001b61d5128ac80c037dc5, deletion: false
2020-02-17T11:39:21.819+00:00 [INFO] janitor: awakes, op: kick, msg: cfg changed, key: nodeDefs-wanted
2020-02-17T11:39:21.819+00:00 [INFO] ctl: kickIndexDefs, kind: cfgEvent
2020-02-17T11:39:21.840+00:00 [WARN] janitor: JanitorOnce, err: janitor: skipped on nil planPIndexes -- cbgt.(*Manager).JanitorLoop() at manager_janitor.go:97
2020-02-17T11:39:21.853+00:00 [INFO] ctl: run, kind: nodeDefs-wanted, updated memberNodes: {3f1adf42289fac35f84a33ceb7f5d2d2;c17ce99f3cb0cec8038043e30471d33f;e2a2c7da05001b61d5128ac80c037dc5;}
2020-02-17T11:39:21.854+00:00 [INFO] ctl/manager: GetCurrentTopology, haveTopologyRev: 5, changed, rv: &{Rev:[54] Nodes:[3f1adf42289fac35f84a33ceb7f5d2d2 c17ce99f3cb0cec8038043e30471d33f e2a2c7da05001b61d5128ac80c037dc5] IsBalanced:true Messages:[]}
2020-02-17T11:39:22.115+00:00 [INFO] ctl/manager: PrepareTopologyChange, change: {d363c251a78847fe31f92ebda08ca4e3 [] topology-change-rebalance [{{e2a2c7da05001b61d5128ac80c037dc5 0 <nil>} recovery-full} {{3f1adf42289fac35f84a33ceb7f5d2d2 0 <nil>} recovery-full} {{c17ce99f3cb0cec8038043e30471d33f 0 <nil>} recovery-full}] []}
2020-02-17T11:39:22.118+00:00 [INFO] ctl/manager: PrepareTopologyChange, done
2020-02-17T11:39:22.118+00:00 [INFO] ctl/manager: GetTaskList, haveTasksRev: 0, changed, rv: &{Rev:[50] Tasks:[{Rev:[49] ID:prepare:d363c251a78847fe31f92ebda08ca4e3 Type:task-prepared Status:task-running IsCancelable:true Progress:100 DetailedProgress:map[] Description:prepare topology change ErrorMessage: Extra:map[topologyChange:{ID:d363c251a78847fe31f92ebda08ca4e3 CurrentTopologyRev:[] Type:topology-change-rebalance KeepNodes:[{NodeInfo:{NodeID:e2a2c7da05001b61d5128ac80c037dc5 Priority:0 Opaque:<nil>} RecoveryType:recovery-full} {NodeInfo:{NodeID:3f1adf42289fac35f84a33ceb7f5d2d2 Priority:0 Opaque:<nil>} RecoveryType:recovery-full} {NodeInfo:{NodeID:c17ce99f3cb0cec8038043e30471d33f Priority:0 Opaque:<nil>} RecoveryType:recovery-full}] EjectNodes:[]}]}]}
2020-02-17T11:39:22.136+00:00 [INFO] ctl/manager: StartTopologyChange, change: {d363c251a78847fe31f92ebda08ca4e3 [] topology-change-rebalance [{{e2a2c7da05001b61d5128ac80c037dc5 0 <nil>} recovery-full} {{3f1adf42289fac35f84a33ceb7f5d2d2 0 <nil>} recovery-full} {{c17ce99f3cb0cec8038043e30471d33f 0 <nil>} recovery-full}] []}
2020-02-17T11:39:22.136+00:00 [INFO] ctl: waitForWantedNodes, wantedNodes: [e2a2c7da05001b61d5128ac80c037dc5 3f1adf42289fac35f84a33ceb7f5d2d2 c17ce99f3cb0cec8038043e30471d33f]
2020-02-17T11:39:22.139+00:00 [INFO] ctl: getMovingPartitionsCount: 0
2020-02-17T11:39:22.139+00:00 [INFO] ctl/manager: StartTopologyChange, started
2020-02-17T11:39:22.139+00:00 [INFO] ctl/manager: GetTaskList, haveTasksRev: 2, changed, rv: &{Rev:[52] Tasks:[{Rev:[51] ID:rebalance:d363c251a78847fe31f92ebda08ca4e3 Type:task-rebalance Status:task-running IsCancelable:true Progress:0 DetailedProgress:map[] Description:topology change ErrorMessage: Extra:map[topologyChange:{ID:d363c251a78847fe31f92ebda08ca4e3 CurrentTopologyRev:[] Type:topology-change-rebalance KeepNodes:[{NodeInfo:{NodeID:e2a2c7da05001b61d5128ac80c037dc5 Priority:0 Opaque:<nil>} RecoveryType:recovery-full} {NodeInfo:{NodeID:3f1adf42289fac35f84a33ceb7f5d2d2 Priority:0 Opaque:<nil>} RecoveryType:recovery-full} {NodeInfo:{NodeID:c17ce99f3cb0cec8038043e30471d33f Priority:0 Opaque:<nil>} RecoveryType:recovery-full}] EjectNodes:[]}]}]}
2020-02-17T11:39:22.145+00:00 [INFO] ctl: waitForWantedNodes, wantedNodes: [e2a2c7da05001b61d5128ac80c037dc5 3f1adf42289fac35f84a33ceb7f5d2d2 c17ce99f3cb0cec8038043e30471d33f]
2020-02-17T11:39:22.147+00:00 [INFO] ctl: waitForWantedNodes, nodesToRemove: []
2020-02-17T11:39:22.149+00:00 [INFO] planner: nodesRemove: []string{}
2020-02-17T11:39:22.149+00:00 [INFO] planner: step unregister
2020-02-17T11:39:22.152+00:00 [INFO] planner: step planner
2020-02-17T11:39:22.192+00:00 [INFO] ctl/manager: GetTaskList, haveTasksRev: 4, changed, rv: &{Rev:[53] Tasks:[]}
2020-02-17T11:43:21.881+00:00 [INFO] managerStats: {"feeds":{},"pindexes":{},"manager":{"TotKick":0,"TotSetOptions":0,"TotRegisterFeed":0,"TotUnregisterFeed":0,"TotRegisterPIndex":0,"TotUnregisterPIndex":0,"TotSaveNodeDef":2,"TotSaveNodeDefNil":0,"TotSaveNodeDefGetErr":0,"TotSaveNodeDefSetErr":0,"TotSaveNodeDefRetry":0,"TotSaveNodeDefSame":0,"TotSaveNodeDefOk":2,"TotCreateIndex":0,"TotCreateIndexOk":0,"TotDeleteIndex":0,"TotDeleteIndexOk":0,"TotIndexControl":0,"TotIndexControlOk":0,"TotDeleteIndexBySource":0,"TotDeleteIndexBySourceErr":0,"TotDeleteIndexBySourceOk":0,"TotPlannerOpStart":0,"TotPlannerOpRes":0,"TotPlannerOpErr":0,"TotPlannerOpDone":0,"TotPlannerNOOP":0,"TotPlannerNOOPOk":0,"TotPlannerKick":0,"TotPlannerKickStart":0,"TotPlannerKickChanged":0,"TotPlannerKickErr":0,"TotPlannerKickOk":0,"TotPlannerUnknownErr":0,"TotPlannerSubscriptionEvent":0,"TotPlannerStop":0,"TotJanitorOpStart":4,"TotJanitorOpRes":4,"TotJanitorOpErr":4,"TotJanitorOpDone":4,"TotJanitorNOOP":0,"TotJanitorNOOPOk":0,"TotJanitorKick":4,"TotJanitorKickStart":4,"TotJanitorKickErr":4,"TotJanitorKickOk":0,"TotJanitorClosePIndex":0,"TotJanitorRemovePIndex":0,"TotJanitorRestartPIndex":0,"TotJanitorLoadDataDir":0,"TotJanitorUnknownErr":0,"TotJanitorSubscriptionEvent":3,"TotJanitorStop":0,"TotRefreshLastNodeDefs":6,"TotRefreshLastIndexDefs":3,"TotRefreshLastPlanPIndexes":0}}
2020-02-17T11:43:21.881+00:00 [INFO] stats: {
    "batch_bytes_added": 0,
    "batch_bytes_removed": 0,
    "curr_batches_blocked_by_herder": 0,
    "num_bytes_used_ram": 72284408,
    "pct_cpu_gc": 0.00004796157250733781,
    "tot_batches_flushed_on_maxops": 0,
    "tot_batches_flushed_on_timer": 0,
    "tot_bleve_dest_closed": 0,
    "tot_bleve_dest_opened": 0,
    "tot_grpc_listeners_closed": 0,
    "tot_grpc_listeners_opened": 1,
    "tot_grpc_queryreject_on_memquota": 0,
    "tot_grpcs_listeners_closed": 1,
    "tot_grpcs_listeners_opened": 2,
    "tot_http_limitlisteners_closed": 0,
    "tot_http_limitlisteners_opened": 1,
    "tot_https_limitlisteners_closed": 1,
    "tot_https_limitlisteners_opened": 2,
    "tot_queryreject_on_memquota": 0,
    "tot_remote_grpc": 0,
    "tot_remote_grpc_tls": 0,
    "tot_remote_http": 0,
    "tot_remote_http2": 0,
    "total_gc": 5,
    "total_queries_rejected_by_herder": 0
}
2020-02-17T11:48:21.892+00:00 [INFO] managerStats: {"feeds":{},"pindexes":{},"manager":{"TotKick":0,"TotSetOptions":0,"TotRegisterFeed":0,"TotUnregisterFeed":0,"TotRegisterPIndex":0,"TotUnregisterPIndex":0,"TotSaveNodeDef":2,"TotSaveNodeDefNil":0,"TotSaveNodeDefGetErr":0,"TotSaveNodeDefSetErr":0,"TotSaveNodeDefRetry":0,"TotSaveNodeDefSame":0,"TotSaveNodeDefOk":2,"TotCreateIndex":0,"TotCreateIndexOk":0,"TotDeleteIndex":0,"TotDeleteIndexOk":0,"TotIndexControl":0,"TotIndexControlOk":0,"TotDeleteIndexBySource":0,"TotDeleteIndexBySourceErr":0,"TotDeleteIndexBySourceOk":0,"TotPlannerOpStart":0,"TotPlannerOpRes":0,"TotPlannerOpErr":0,"TotPlannerOpDone":0,"TotPlannerNOOP":0,"TotPlannerNOOPOk":0,"TotPlannerKick":0,"TotPlannerKickStart":0,"TotPlannerKickChanged":0,"TotPlannerKickErr":0,"TotPlannerKickOk":0,"TotPlannerUnknownErr":0,"TotPlannerSubscriptionEvent":0,"TotPlannerStop":0,"TotJanitorOpStart":4,"TotJanitorOpRes":4,"TotJanitorOpErr":4,"TotJanitorOpDone":4,"TotJanitorNOOP":0,"TotJanitorNOOPOk":0,"TotJanitorKick":4,"TotJanitorKickStart":4,"TotJanitorKickErr":4,"TotJanitorKickOk":0,"TotJanitorClosePIndex":0,"TotJanitorRemovePIndex":0,"TotJanitorRestartPIndex":0,"TotJanitorLoadDataDir":0,"TotJanitorUnknownErr":0,"TotJanitorSubscriptionEvent":3,"TotJanitorStop":0,"TotRefreshLastNodeDefs":6,"TotRefreshLastIndexDefs":4,"TotRefreshLastPlanPIndexes":0}}
2020-02-17T11:48:21.892+00:00 [INFO] stats: {
    "batch_bytes_added": 0,
    "batch_bytes_removed": 0,
    "curr_batches_blocked_by_herder": 0,
    "num_bytes_used_ram": 72284408,
    "pct_cpu_gc": 0.00003119198746067779,
    "tot_batches_flushed_on_maxops": 0,
    "tot_batches_flushed_on_timer": 0,
    "tot_bleve_dest_closed": 0,
    "tot_bleve_dest_opened": 0,
    "tot_grpc_listeners_closed": 0,
    "tot_grpc_listeners_opened": 1,
    "tot_grpc_queryreject_on_memquota": 0,
    "tot_grpcs_listeners_closed": 1,
    "tot_grpcs_listeners_opened": 2,
    "tot_http_limitlisteners_closed": 0,
    "tot_http_limitlisteners_opened": 1,
    "tot_https_limitlisteners_closed": 1,
    "tot_https_limitlisteners_opened": 2,
    "tot_queryreject_on_memquota": 0,
    "tot_remote_grpc": 0,
    "tot_remote_grpc_tls": 0,
    "tot_remote_http": 0,
    "tot_remote_http2": 0,
    "total_gc": 7,
    "total_queries_rejected_by_herder": 0
}
2020-02-17T11:53:21.887+00:00 [INFO] managerStats: {"feeds":{},"pindexes":{},"manager":{"TotKick":0,"TotSetOptions":0,"TotRegisterFeed":0,"TotUnregisterFeed":0,"TotRegisterPIndex":0,"TotUnregisterPIndex":0,"TotSaveNodeDef":2,"TotSaveNodeDefNil":0,"TotSaveNodeDefGetErr":0,"TotSaveNodeDefSetErr":0,"TotSaveNodeDefRetry":0,"TotSaveNodeDefSame":0,"TotSaveNodeDefOk":2,"TotCreateIndex":0,"TotCreateIndexOk":0,"TotDeleteIndex":0,"TotDeleteIndexOk":0,"TotIndexControl":0,"TotIndexControlOk":0,"TotDeleteIndexBySource":0,"TotDeleteIndexBySourceErr":0,"TotDeleteIndexBySourceOk":0,"TotPlannerOpStart":0,"TotPlannerOpRes":0,"TotPlannerOpErr":0,"TotPlannerOpDone":0,"TotPlannerNOOP":0,"TotPlannerNOOPOk":0,"TotPlannerKick":0,"TotPlannerKickStart":0,"TotPlannerKickChanged":0,"TotPlannerKickErr":0,"TotPlannerKickOk":0,"TotPlannerUnknownErr":0,"TotPlannerSubscriptionEvent":0,"TotPlannerStop":0,"TotJanitorOpStart":4,"TotJanitorOpRes":4,"TotJanitorOpErr":4,"TotJanitorOpDone":4,"TotJanitorNOOP":0,"TotJanitorNOOPOk":0,"TotJanitorKick":4,"TotJanitorKickStart":4,"TotJanitorKickErr":4,"TotJanitorKickOk":0,"TotJanitorClosePIndex":0,"TotJanitorRemovePIndex":0,"TotJanitorRestartPIndex":0,"TotJanitorLoadDataDir":0,"TotJanitorUnknownErr":0,"TotJanitorSubscriptionEvent":3,"TotJanitorStop":0,"TotRefreshLastNodeDefs":6,"TotRefreshLastIndexDefs":4,"TotRefreshLastPlanPIndexes":0}}
2020-02-17T11:53:21.887+00:00 [INFO] stats: {
    "batch_bytes_added": 0,
    "batch_bytes_removed": 0,
    "curr_batches_blocked_by_herder": 0,
    "num_bytes_used_ram": 72284408,
    "pct_cpu_gc": 0.000020779943512531,
    "tot_batches_flushed_on_maxops": 0,
    "tot_batches_flushed_on_timer": 0,
    "tot_bleve_dest_closed": 0,
    "tot_bleve_dest_opened": 0,
    "tot_grpc_listeners_closed": 0,
    "tot_grpc_listeners_opened": 1,
    "tot_grpc_queryreject_on_memquota": 0,
    "tot_grpcs_listeners_closed": 1,
    "tot_grpcs_listeners_opened": 2,
    "tot_http_limitlisteners_closed": 0,
    "tot_http_limitlisteners_opened": 1,
    "tot_https_limitlisteners_closed": 1,
    "tot_https_limitlisteners_opened": 2,
    "tot_queryreject_on_memquota": 0,
    "tot_remote_grpc": 0,
    "tot_remote_grpc_tls": 0,
    "tot_remote_http": 0,
    "tot_remote_http2": 0,
    "total_gc": 10,
    "total_queries_rejected_by_herder": 0
}
2020-02-17T11:58:21.881+00:00 [INFO] managerStats: {"feeds":{},"pindexes":{},"manager":{"TotKick":0,"TotSetOptions":0,"TotRegisterFeed":0,"TotUnregisterFeed":0,"TotRegisterPIndex":0,"TotUnregisterPIndex":0,"TotSaveNodeDef":2,"TotSaveNodeDefNil":0,"TotSaveNodeDefGetErr":0,"TotSaveNodeDefSetErr":0,"TotSaveNodeDefRetry":0,"TotSaveNodeDefSame":0,"TotSaveNodeDefOk":2,"TotCreateIndex":0,"TotCreateIndexOk":0,"TotDeleteIndex":0,"TotDeleteIndexOk":0,"TotIndexControl":0,"TotIndexControlOk":0,"TotDeleteIndexBySource":0,"TotDeleteIndexBySourceErr":0,"TotDeleteIndexBySourceOk":0,"TotPlannerOpStart":0,"TotPlannerOpRes":0,"TotPlannerOpErr":0,"TotPlannerOpDone":0,"TotPlannerNOOP":0,"TotPlannerNOOPOk":0,"TotPlannerKick":0,"TotPlannerKickStart":0,"TotPlannerKickChanged":0,"TotPlannerKickErr":0,"TotPlannerKickOk":0,"TotPlannerUnknownErr":0,"TotPlannerSubscriptionEvent":0,"TotPlannerStop":0,"TotJanitorOpStart":4,"TotJanitorOpRes":4,"TotJanitorOpErr":4,"TotJanitorOpDone":4,"TotJanitorNOOP":0,"TotJanitorNOOPOk":0,"TotJanitorKick":4,"TotJanitorKickStart":4,"TotJanitorKickErr":4,"TotJanitorKickOk":0,"TotJanitorClosePIndex":0,"TotJanitorRemovePIndex":0,"TotJanitorRestartPIndex":0,"TotJanitorLoadDataDir":0,"TotJanitorUnknownErr":0,"TotJanitorSubscriptionEvent":3,"TotJanitorStop":0,"TotRefreshLastNodeDefs":6,"TotRefreshLastIndexDefs":4,"TotRefreshLastPlanPIndexes":0}}
2020-02-17T11:58:21.881+00:00 [INFO] stats: {
    "batch_bytes_added": 0,
    "batch_bytes_removed": 0,
    "curr_batches_blocked_by_herder": 0,
    "num_bytes_used_ram": 72284408,
    "pct_cpu_gc": 0.000016019357277718393,
    "tot_batches_flushed_on_maxops": 0,
    "tot_batches_flushed_on_timer": 0,
    "tot_bleve_dest_closed": 0,
    "tot_bleve_dest_opened": 0,
    "tot_grpc_listeners_closed": 0,
    "tot_grpc_listeners_opened": 1,
    "tot_grpc_queryreject_on_memquota": 0,
    "tot_grpcs_listeners_closed": 1,
    "tot_grpcs_listeners_opened": 2,
    "tot_http_limitlisteners_closed": 0,
    "tot_http_limitlisteners_opened": 1,
    "tot_https_limitlisteners_closed": 1,
    "tot_https_limitlisteners_opened": 2,
    "tot_queryreject_on_memquota": 0,
    "tot_remote_grpc": 0,
    "tot_remote_grpc_tls": 0,
    "tot_remote_http": 0,
    "tot_remote_http2": 0,
    "total_gc": 13,
    "total_queries_rejected_by_herder": 0
}
2020-02-17T12:03:21.893+00:00 [INFO] managerStats: {"feeds":{},"pindexes":{},"manager":{"TotKick":0,"TotSetOptions":0,"TotRegisterFeed":0,"TotUnregisterFeed":0,"TotRegisterPIndex":0,"TotUnregisterPIndex":0,"TotSaveNodeDef":2,"TotSaveNodeDefNil":0,"TotSaveNodeDefGetErr":0,"TotSaveNodeDefSetErr":0,"TotSaveNodeDefRetry":0,"TotSaveNodeDefSame":0,"TotSaveNodeDefOk":2,"TotCreateIndex":0,"TotCreateIndexOk":0,"TotDeleteIndex":0,"TotDeleteIndexOk":0,"TotIndexControl":0,"TotIndexControlOk":0,"TotDeleteIndexBySource":0,"TotDeleteIndexBySourceErr":0,"TotDeleteIndexBySourceOk":0,"TotPlannerOpStart":0,"TotPlannerOpRes":0,"TotPlannerOpErr":0,"TotPlannerOpDone":0,"TotPlannerNOOP":0,"TotPlannerNOOPOk":0,"TotPlannerKick":0,"TotPlannerKickStart":0,"TotPlannerKickChanged":0,"TotPlannerKickErr":0,"TotPlannerKickOk":0,"TotPlannerUnknownErr":0,"TotPlannerSubscriptionEvent":0,"TotPlannerStop":0,"TotJanitorOpStart":4,"TotJanitorOpRes":4,"TotJanitorOpErr":4,"TotJanitorOpDone":4,"TotJanitorNOOP":0,"TotJanitorNOOPOk":0,"TotJanitorKick":4,"TotJanitorKickStart":4,"TotJanitorKickErr":4,"TotJanitorKickOk":0,"TotJanitorClosePIndex":0,"TotJanitorRemovePIndex":0,"TotJanitorRestartPIndex":0,"TotJanitorLoadDataDir":0,"TotJanitorUnknownErr":0,"TotJanitorSubscriptionEvent":3,"TotJanitorStop":0,"TotRefreshLastNodeDefs":6,"TotRefreshLastIndexDefs":4,"TotRefreshLastPlanPIndexes":0}}
2020-02-17T12:03:21.893+00:00 [INFO] stats: {
    "batch_bytes_added": 0,
    "batch_bytes_removed": 0,
    "curr_batches_blocked_by_herder": 0,
    "num_bytes_used_ram": 72284408,
    "pct_cpu_gc": 0.000013874001592857124,
    "tot_batches_flushed_on_maxops": 0,
    "tot_batches_flushed_on_timer": 0,
    "tot_bleve_dest_closed": 0,
    "tot_bleve_dest_opened": 0,
    "tot_grpc_listeners_closed": 0,
    "tot_grpc_listeners_opened": 1,
    "tot_grpc_queryreject_on_memquota": 0,
    "tot_grpcs_listeners_closed": 1,
    "tot_grpcs_listeners_opened": 2,
    "tot_http_limitlisteners_closed": 0,
    "tot_http_limitlisteners_opened": 1,
    "tot_https_limitlisteners_closed": 1,
    "tot_https_limitlisteners_opened": 2,
    "tot_queryreject_on_memquota": 0,
    "tot_remote_grpc": 0,
    "tot_remote_grpc_tls": 0,
    "tot_remote_http": 0,
    "tot_remote_http2": 0,
    "total_gc": 15,
    "total_queries_rejected_by_herder": 0
}
2020-02-17T12:08:21.885+00:00 [INFO] managerStats: {"feeds":{},"pindexes":{},"manager":{"TotKick":0,"TotSetOptions":0,"TotRegisterFeed":0,"TotUnregisterFeed":0,"TotRegisterPIndex":0,"TotUnregisterPIndex":0,"TotSaveNodeDef":2,"TotSaveNodeDefNil":0,"TotSaveNodeDefGetErr":0,"TotSaveNodeDefSetErr":0,"TotSaveNodeDefRetry":0,"TotSaveNodeDefSame":0,"TotSaveNodeDefOk":2,"TotCreateIndex":0,"TotCreateIndexOk":0,"TotDeleteIndex":0,"TotDeleteIndexOk":0,"TotIndexControl":0,"TotIndexControlOk":0,"TotDeleteIndexBySource":0,"TotDeleteIndexBySourceErr":0,"TotDeleteIndexBySourceOk":0,"TotPlannerOpStart":0,"TotPlannerOpRes":0,"TotPlannerOpErr":0,"TotPlannerOpDone":0,"TotPlannerNOOP":0,"TotPlannerNOOPOk":0,"TotPlannerKick":0,"TotPlannerKickStart":0,"TotPlannerKickChanged":0,"TotPlannerKickErr":0,"TotPlannerKickOk":0,"TotPlannerUnknownErr":0,"TotPlannerSubscriptionEvent":0,"TotPlannerStop":0,"TotJanitorOpStart":4,"TotJanitorOpRes":4,"TotJanitorOpErr":4,"TotJanitorOpDone":4,"TotJanitorNOOP":0,"TotJanitorNOOPOk":0,"TotJanitorKick":4,"TotJanitorKickStart":4,"TotJanitorKickErr":4,"TotJanitorKickOk":0,"TotJanitorClosePIndex":0,"TotJanitorRemovePIndex":0,"TotJanitorRestartPIndex":0,"TotJanitorLoadDataDir":0,"TotJanitorUnknownErr":0,"TotJanitorSubscriptionEvent":3,"TotJanitorStop":0,"TotRefreshLastNodeDefs":6,"TotRefreshLastIndexDefs":4,"TotRefreshLastPlanPIndexes":0}}
2020-02-17T12:08:21.885+00:00 [INFO] stats: {
    "batch_bytes_added": 0,
    "batch_bytes_removed": 0,
    "curr_batches_blocked_by_herder": 0,
    "num_bytes_used_ram": 72284408,
    "pct_cpu_gc": 0.000014579871994956628,
    "tot_batches_flushed_on_maxops": 0,
    "tot_batches_flushed_on_timer": 0,
    "tot_bleve_dest_closed": 0,
    "tot_bleve_dest_opened": 0,
    "tot_grpc_listeners_closed": 0,
    "tot_grpc_listeners_opened": 1,
    "tot_grpc_queryreject_on_memquota": 0,
    "tot_grpcs_listeners_closed": 1,
    "tot_grpcs_listeners_opened": 2,
    "tot_http_limitlisteners_closed": 0,
    "tot_http_limitlisteners_opened": 1,
    "tot_https_limitlisteners_closed": 1,
    "tot_https_limitlisteners_opened": 2,
    "tot_queryreject_on_memquota": 0,
    "tot_remote_grpc": 0,
    "tot_remote_grpc_tls": 0,
    "tot_remote_http": 0,
    "tot_remote_http2": 0,
    "total_gc": 18,
    "total_queries_rejected_by_herder": 0
}
2020-02-17T12:13:21.887+00:00 [INFO] managerStats: {"feeds":{},"pindexes":{},"manager":{"TotKick":0,"TotSetOptions":0,"TotRegisterFeed":0,"TotUnregisterFeed":0,"TotRegisterPIndex":0,"TotUnregisterPIndex":0,"TotSaveNodeDef":2,"TotSaveNodeDefNil":0,"TotSaveNodeDefGetErr":0,"TotSaveNodeDefSetErr":0,"TotSaveNodeDefRetry":0,"TotSaveNodeDefSame":0,"TotSaveNodeDefOk":2,"TotCreateIndex":0,"TotCreateIndexOk":0,"TotDeleteIndex":0,"TotDeleteIndexOk":0,"TotIndexControl":0,"TotIndexControlOk":0,"TotDeleteIndexBySource":0,"TotDeleteIndexBySourceErr":0,"TotDeleteIndexBySourceOk":0,"TotPlannerOpStart":0,"TotPlannerOpRes":0,"TotPlannerOpErr":0,"TotPlannerOpDone":0,"TotPlannerNOOP":0,"TotPlannerNOOPOk":0,"TotPlannerKick":0,"TotPlannerKickStart":0,"TotPlannerKickChanged":0,"TotPlannerKickErr":0,"TotPlannerKickOk":0,"TotPlannerUnknownErr":0,"TotPlannerSubscriptionEvent":0,"TotPlannerStop":0,"TotJanitorOpStart":4,"TotJanitorOpRes":4,"TotJanitorOpErr":4,"TotJanitorOpDone":4,"TotJanitorNOOP":0,"TotJanitorNOOPOk":0,"TotJanitorKick":4,"TotJanitorKickStart":4,"TotJanitorKickErr":4,"TotJanitorKickOk":0,"TotJanitorClosePIndex":0,"TotJanitorRemovePIndex":0,"TotJanitorRestartPIndex":0,"TotJanitorLoadDataDir":0,"TotJanitorUnknownErr":0,"TotJanitorSubscriptionEvent":3,"TotJanitorStop":0,"TotRefreshLastNodeDefs":6,"TotRefreshLastIndexDefs":4,"TotRefreshLastPlanPIndexes":0}}
2020-02-17T12:13:21.887+00:00 [INFO] stats: {
    "batch_bytes_added": 0,
    "batch_bytes_removed": 0,
    "curr_batches_blocked_by_herder": 0,
    "num_bytes_used_ram": 72284408,
    "pct_cpu_gc": 0.000012660047805338522,
    "tot_batches_flushed_on_maxops": 0,
    "tot_batches_flushed_on_timer": 0,
    "tot_bleve_dest_closed": 0,
    "tot_bleve_dest_opened": 0,
    "tot_grpc_listeners_closed": 0,
    "tot_grpc_listeners_opened": 1,
    "tot_grpc_queryreject_on_memquota": 0,
    "tot_grpcs_listeners_closed": 1,
    "tot_grpcs_listeners_opened": 2,
    "tot_http_limitlisteners_closed": 0,
    "tot_http_limitlisteners_opened": 1,
    "tot_https_limitlisteners_closed": 1,
    "tot_https_limitlisteners_opened": 2,
    "tot_queryreject_on_memquota": 0,
    "tot_remote_grpc": 0,
    "tot_remote_grpc_tls": 0,
    "tot_remote_http": 0,
    "tot_remote_http2": 0,
    "total_gc": 21,
    "total_queries_rejected_by_herder": 0
}
2020-02-17T12:18:21.884+00:00 [INFO] managerStats: {"feeds":{},"pindexes":{},"manager":{"TotKick":0,"TotSetOptions":0,"TotRegisterFeed":0,"TotUnregisterFeed":0,"TotRegisterPIndex":0,"TotUnregisterPIndex":0,"TotSaveNodeDef":2,"TotSaveNodeDefNil":0,"TotSaveNodeDefGetErr":0,"TotSaveNodeDefSetErr":0,"TotSaveNodeDefRetry":0,"TotSaveNodeDefSame":0,"TotSaveNodeDefOk":2,"TotCreateIndex":0,"TotCreateIndexOk":0,"TotDeleteIndex":0,"TotDeleteIndexOk":0,"TotIndexControl":0,"TotIndexControlOk":0,"TotDeleteIndexBySource":0,"TotDeleteIndexBySourceErr":0,"TotDeleteIndexBySourceOk":0,"TotPlannerOpStart":0,"TotPlannerOpRes":0,"TotPlannerOpErr":0,"TotPlannerOpDone":0,"TotPlannerNOOP":0,"TotPlannerNOOPOk":0,"TotPlannerKick":0,"TotPlannerKickStart":0,"TotPlannerKickChanged":0,"TotPlannerKickErr":0,"TotPlannerKickOk":0,"TotPlannerUnknownErr":0,"TotPlannerSubscriptionEvent":0,"TotPlannerStop":0,"TotJanitorOpStart":4,"TotJanitorOpRes":4,"TotJanitorOpErr":4,"TotJanitorOpDone":4,"TotJanitorNOOP":0,"TotJanitorNOOPOk":0,"TotJanitorKick":4,"TotJanitorKickStart":4,"TotJanitorKickErr":4,"TotJanitorKickOk":0,"TotJanitorClosePIndex":0,"TotJanitorRemovePIndex":0,"TotJanitorRestartPIndex":0,"TotJanitorLoadDataDir":0,"TotJanitorUnknownErr":0,"TotJanitorSubscriptionEvent":3,"TotJanitorStop":0,"TotRefreshLastNodeDefs":6,"TotRefreshLastIndexDefs":4,"TotRefreshLastPlanPIndexes":0}}
2020-02-17T12:18:21.888+00:00 [INFO] stats: {
    "batch_bytes_added": 0,
    "batch_bytes_removed": 0,
    "curr_batches_blocked_by_herder": 0,
    "num_bytes_used_ram": 72284408,
    "pct_cpu_gc": 0.000013293718744764924,
    "tot_batches_flushed_on_maxops": 0,
    "tot_batches_flushed_on_timer": 0,
    "tot_bleve_dest_closed": 0,
    "tot_bleve_dest_opened": 0,
    "tot_grpc_listeners_closed": 0,
    "tot_grpc_listeners_opened": 1,
    "tot_grpc_queryreject_on_memquota": 0,
    "tot_grpcs_listeners_closed": 1,
    "tot_grpcs_listeners_opened": 2,
    "tot_http_limitlisteners_closed": 0,
    "tot_http_limitlisteners_opened": 1,
    "tot_https_limitlisteners_closed": 1,
    "tot_https_limitlisteners_opened": 2,
    "tot_queryreject_on_memquota": 0,
    "tot_remote_grpc": 0,
    "tot_remote_grpc_tls": 0,
    "tot_remote_http": 0,
    "tot_remote_http2": 0,
    "total_gc": 23,
    "total_queries_rejected_by_herder": 0
}
2020-02-17T12:23:21.886+00:00 [INFO] managerStats: {"feeds":{},"pindexes":{},"manager":{"TotKick":0,"TotSetOptions":0,"TotRegisterFeed":0,"TotUnregisterFeed":0,"TotRegisterPIndex":0,"TotUnregisterPIndex":0,"TotSaveNodeDef":2,"TotSaveNodeDefNil":0,"TotSaveNodeDefGetErr":0,"TotSaveNodeDefSetErr":0,"TotSaveNodeDefRetry":0,"TotSaveNodeDefSame":0,"TotSaveNodeDefOk":2,"TotCreateIndex":0,"TotCreateIndexOk":0,"TotDeleteIndex":0,"TotDeleteIndexOk":0,"TotIndexControl":0,"TotIndexControlOk":0,"TotDeleteIndexBySource":0,"TotDeleteIndexBySourceErr":0,"TotDeleteIndexBySourceOk":0,"TotPlannerOpStart":0,"TotPlannerOpRes":0,"TotPlannerOpErr":0,"TotPlannerOpDone":0,"TotPlannerNOOP":0,"TotPlannerNOOPOk":0,"TotPlannerKick":0,"TotPlannerKickStart":0,"TotPlannerKickChanged":0,"TotPlannerKickErr":0,"TotPlannerKickOk":0,"TotPlannerUnknownErr":0,"TotPlannerSubscriptionEvent":0,"TotPlannerStop":0,"TotJanitorOpStart":4,"TotJanitorOpRes":4,"TotJanitorOpErr":4,"TotJanitorOpDone":4,"TotJanitorNOOP":0,"TotJanitorNOOPOk":0,"TotJanitorKick":4,"TotJanitorKickStart":4,"TotJanitorKickErr":4,"TotJanitorKickOk":0,"TotJanitorClosePIndex":0,"TotJanitorRemovePIndex":0,"TotJanitorRestartPIndex":0,"TotJanitorLoadDataDir":0,"TotJanitorUnknownErr":0,"TotJanitorSubscriptionEvent":3,"TotJanitorStop":0,"TotRefreshLastNodeDefs":6,"TotRefreshLastIndexDefs":4,"TotRefreshLastPlanPIndexes":0}}
2020-02-17T12:23:21.886+00:00 [INFO] stats: {
    "batch_bytes_added": 0,
    "batch_bytes_removed": 0,
    "curr_batches_blocked_by_herder": 0,
    "num_bytes_used_ram": 72284408,
    "pct_cpu_gc": 0.0000120397999836934,
    "tot_batches_flushed_on_maxops": 0,
    "tot_batches_flushed_on_timer": 0,
    "tot_bleve_dest_closed": 0,
    "tot_bleve_dest_opened": 0,
    "tot_grpc_listeners_closed": 0,
    "tot_grpc_listeners_opened": 1,
    "tot_grpc_queryreject_on_memquota": 0,
    "tot_grpcs_listeners_closed": 1,
    "tot_grpcs_listeners_opened": 2,
    "tot_http_limitlisteners_closed": 0,
    "tot_http_limitlisteners_opened": 1,
    "tot_https_limitlisteners_closed": 1,
    "tot_https_limitlisteners_opened": 2,
    "tot_queryreject_on_memquota": 0,
    "tot_remote_grpc": 0,
    "tot_remote_grpc_tls": 0,
    "tot_remote_http": 0,
    "tot_remote_http2": 0,
    "total_gc": 26,
    "total_queries_rejected_by_herder": 0
}
2020-02-17T12:28:21.882+00:00 [INFO] managerStats: {"feeds":{},"pindexes":{},"manager":{"TotKick":0,"TotSetOptions":0,"TotRegisterFeed":0,"TotUnregisterFeed":0,"TotRegisterPIndex":0,"TotUnregisterPIndex":0,"TotSaveNodeDef":2,"TotSaveNodeDefNil":0,"TotSaveNodeDefGetErr":0,"TotSaveNodeDefSetErr":0,"TotSaveNodeDefRetry":0,"TotSaveNodeDefSame":0,"TotSaveNodeDefOk":2,"TotCreateIndex":0,"TotCreateIndexOk":0,"TotDeleteIndex":0,"TotDeleteIndexOk":0,"TotIndexControl":0,"TotIndexControlOk":0,"TotDeleteIndexBySource":0,"TotDeleteIndexBySourceErr":0,"TotDeleteIndexBySourceOk":0,"TotPlannerOpStart":0,"TotPlannerOpRes":0,"TotPlannerOpErr":0,"TotPlannerOpDone":0,"TotPlannerNOOP":0,"TotPlannerNOOPOk":0,"TotPlannerKick":0,"TotPlannerKickStart":0,"TotPlannerKickChanged":0,"TotPlannerKickErr":0,"TotPlannerKickOk":0,"TotPlannerUnknownErr":0,"TotPlannerSubscriptionEvent":0,"TotPlannerStop":0,"TotJanitorOpStart":4,"TotJanitorOpRes":4,"TotJanitorOpErr":4,"TotJanitorOpDone":4,"TotJanitorNOOP":0,"TotJanitorNOOPOk":0,"TotJanitorKick":4,"TotJanitorKickStart":4,"TotJanitorKickErr":4,"TotJanitorKickOk":0,"TotJanitorClosePIndex":0,"TotJanitorRemovePIndex":0,"TotJanitorRestartPIndex":0,"TotJanitorLoadDataDir":0,"TotJanitorUnknownErr":0,"TotJanitorSubscriptionEvent":3,"TotJanitorStop":0,"TotRefreshLastNodeDefs":6,"TotRefreshLastIndexDefs":4,"TotRefreshLastPlanPIndexes":0}}
2020-02-17T12:28:21.882+00:00 [INFO] stats: {
    "batch_bytes_added": 0,
    "batch_bytes_removed": 0,
    "curr_batches_blocked_by_herder": 0,
    "num_bytes_used_ram": 72284408,
    "pct_cpu_gc": 0.000015476698596896713,
    "tot_batches_flushed_on_maxops": 0,
    "tot_batches_flushed_on_timer": 0,
    "tot_bleve_dest_closed": 0,
    "tot_bleve_dest_opened": 0,
    "tot_grpc_listeners_closed": 0,
    "tot_grpc_listeners_opened": 1,
    "tot_grpc_queryreject_on_memquota": 0,
    "tot_grpcs_listeners_closed": 1,
    "tot_grpcs_listeners_opened": 2,
    "tot_http_limitlisteners_closed": 0,
    "tot_http_limitlisteners_opened": 1,
    "tot_https_limitlisteners_closed": 1,
    "tot_https_limitlisteners_opened": 2,
    "tot_queryreject_on_memquota": 0,
    "tot_remote_grpc": 0,
    "tot_remote_grpc_tls": 0,
    "tot_remote_http": 0,
    "tot_remote_http2": 0,
    "total_gc": 29,
    "total_queries_rejected_by_herder": 0
}
2020-02-17T12:33:21.881+00:00 [INFO] managerStats: {"feeds":{},"pindexes":{},"manager":{"TotKick":0,"TotSetOptions":0,"TotRegisterFeed":0,"TotUnregisterFeed":0,"TotRegisterPIndex":0,"TotUnregisterPIndex":0,"TotSaveNodeDef":2,"TotSaveNodeDefNil":0,"TotSaveNodeDefGetErr":0,"TotSaveNodeDefSetErr":0,"TotSaveNodeDefRetry":0,"TotSaveNodeDefSame":0,"TotSaveNodeDefOk":2,"TotCreateIndex":0,"TotCreateIndexOk":0,"TotDeleteIndex":0,"TotDeleteIndexOk":0,"TotIndexControl":0,"TotIndexControlOk":0,"TotDeleteIndexBySource":0,"TotDeleteIndexBySourceErr":0,"TotDeleteIndexBySourceOk":0,"TotPlannerOpStart":0,"TotPlannerOpRes":0,"TotPlannerOpErr":0,"TotPlannerOpDone":0,"TotPlannerNOOP":0,"TotPlannerNOOPOk":0,"TotPlannerKick":0,"TotPlannerKickStart":0,"TotPlannerKickChanged":0,"TotPlannerKickErr":0,"TotPlannerKickOk":0,"TotPlannerUnknownErr":0,"TotPlannerSubscriptionEvent":0,"TotPlannerStop":0,"TotJanitorOpStart":4,"TotJanitorOpRes":4,"TotJanitorOpErr":4,"TotJanitorOpDone":4,"TotJanitorNOOP":0,"TotJanitorNOOPOk":0,"TotJanitorKick":4,"TotJanitorKickStart":4,"TotJanitorKickErr":4,"TotJanitorKickOk":0,"TotJanitorClosePIndex":0,"TotJanitorRemovePIndex":0,"TotJanitorRestartPIndex":0,"TotJanitorLoadDataDir":0,"TotJanitorUnknownErr":0,"TotJanitorSubscriptionEvent":3,"TotJanitorStop":0,"TotRefreshLastNodeDefs":6,"TotRefreshLastIndexDefs":4,"TotRefreshLastPlanPIndexes":0}}
2020-02-17T12:33:21.882+00:00 [INFO] stats: {
    "batch_bytes_added": 0,
    "batch_bytes_removed": 0,
    "curr_batches_blocked_by_herder": 0,
    "num_bytes_used_ram": 72284408,
    "pct_cpu_gc": 0.000014973689929025654,
    "tot_batches_flushed_on_maxops": 0,
    "tot_batches_flushed_on_timer": 0,
    "tot_bleve_dest_closed": 0,
    "tot_bleve_dest_opened": 0,
    "tot_grpc_listeners_closed": 0,
    "tot_grpc_listeners_opened": 1,
    "tot_grpc_queryreject_on_memquota": 0,
    "tot_grpcs_listeners_closed": 1,
    "tot_grpcs_listeners_opened": 2,
    "tot_http_limitlisteners_closed": 0,
    "tot_http_limitlisteners_opened": 1,
    "tot_https_limitlisteners_closed": 1,
    "tot_https_limitlisteners_opened": 2,
    "tot_queryreject_on_memquota": 0,
    "tot_remote_grpc": 0,
    "tot_remote_grpc_tls": 0,
    "tot_remote_http": 0,
    "tot_remote_http2": 0,
    "total_gc": 31,
    "total_queries_rejected_by_herder": 0
}
