[couchdb:info,2020-02-17T11:04:06.363Z,couchdb_ns_1@cb.local:cb_couch_sup<0.136.0>:couch_log:info:41]Apache CouchDB has started on http://0.0.0.0:8092/
[couchdb:info,2020-02-17T11:05:06.104Z,couchdb_ns_1@cb.local:couch_query_logger<0.185.0>:couch_log:info:41]Query-Volume
---
[couchdb:info,2020-02-17T11:06:06.105Z,couchdb_ns_1@cb.local:couch_query_logger<0.185.0>:couch_log:info:41]Query-Volume
---
[couchdb:info,2020-02-17T11:07:06.106Z,couchdb_ns_1@cb.local:couch_query_logger<0.185.0>:couch_log:info:41]Query-Volume
---
[couchdb:info,2020-02-17T11:08:06.107Z,couchdb_ns_1@cb.local:couch_query_logger<0.185.0>:couch_log:info:41]Query-Volume
---
[couchdb:info,2020-02-17T11:09:06.108Z,couchdb_ns_1@cb.local:couch_query_logger<0.185.0>:couch_log:info:41]Query-Volume
---
[couchdb:info,2020-02-17T11:10:06.109Z,couchdb_ns_1@cb.local:couch_query_logger<0.185.0>:couch_log:info:41]Query-Volume
---
[couchdb:info,2020-02-17T11:11:06.110Z,couchdb_ns_1@cb.local:couch_query_logger<0.185.0>:couch_log:info:41]Query-Volume
---
[couchdb:info,2020-02-17T11:12:06.111Z,couchdb_ns_1@cb.local:couch_query_logger<0.185.0>:couch_log:info:41]Query-Volume
---
[couchdb:info,2020-02-17T11:13:06.112Z,couchdb_ns_1@cb.local:couch_query_logger<0.185.0>:couch_log:info:41]Query-Volume
---
[couchdb:info,2020-02-17T11:14:06.113Z,couchdb_ns_1@cb.local:couch_query_logger<0.185.0>:couch_log:info:41]Query-Volume
---
[couchdb:info,2020-02-17T11:15:06.114Z,couchdb_ns_1@cb.local:couch_query_logger<0.185.0>:couch_log:info:41]Query-Volume
---
[couchdb:info,2020-02-17T11:16:06.115Z,couchdb_ns_1@cb.local:couch_query_logger<0.185.0>:couch_log:info:41]Query-Volume
---
[couchdb:info,2020-02-17T11:17:06.116Z,couchdb_ns_1@cb.local:couch_query_logger<0.185.0>:couch_log:info:41]Query-Volume
---
[couchdb:info,2020-02-17T11:18:06.117Z,couchdb_ns_1@cb.local:couch_query_logger<0.185.0>:couch_log:info:41]Query-Volume
---
[couchdb:info,2020-02-17T11:19:06.118Z,couchdb_ns_1@cb.local:couch_query_logger<0.185.0>:couch_log:info:41]Query-Volume
---
[couchdb:info,2020-02-17T11:20:06.119Z,couchdb_ns_1@cb.local:couch_query_logger<0.185.0>:couch_log:info:41]Query-Volume
---
[couchdb:info,2020-02-17T11:21:06.120Z,couchdb_ns_1@cb.local:couch_query_logger<0.185.0>:couch_log:info:41]Query-Volume
---
[couchdb:info,2020-02-17T11:22:06.121Z,couchdb_ns_1@cb.local:couch_query_logger<0.185.0>:couch_log:info:41]Query-Volume
---
[couchdb:info,2020-02-17T11:23:06.122Z,couchdb_ns_1@cb.local:couch_query_logger<0.185.0>:couch_log:info:41]Query-Volume
---
[couchdb:info,2020-02-17T11:24:06.123Z,couchdb_ns_1@cb.local:couch_query_logger<0.185.0>:couch_log:info:41]Query-Volume
---
[couchdb:info,2020-02-17T11:25:06.124Z,couchdb_ns_1@cb.local:couch_query_logger<0.185.0>:couch_log:info:41]Query-Volume
---
[couchdb:info,2020-02-17T11:26:06.125Z,couchdb_ns_1@cb.local:couch_query_logger<0.185.0>:couch_log:info:41]Query-Volume
---
[couchdb:info,2020-02-17T11:27:06.126Z,couchdb_ns_1@cb.local:couch_query_logger<0.185.0>:couch_log:info:41]Query-Volume
---
[couchdb:info,2020-02-17T11:28:06.127Z,couchdb_ns_1@cb.local:couch_query_logger<0.185.0>:couch_log:info:41]Query-Volume
---
[couchdb:info,2020-02-17T11:29:06.128Z,couchdb_ns_1@cb.local:couch_query_logger<0.185.0>:couch_log:info:41]Query-Volume
---
[couchdb:info,2020-02-17T11:30:06.129Z,couchdb_ns_1@cb.local:couch_query_logger<0.185.0>:couch_log:info:41]Query-Volume
---
[couchdb:info,2020-02-17T11:31:06.130Z,couchdb_ns_1@cb.local:couch_query_logger<0.185.0>:couch_log:info:41]Query-Volume
---
[couchdb:info,2020-02-17T11:34:29.355Z,couchdb_ns_1@cb.local:cb_couch_sup<0.135.0>:couch_log:info:41]Apache CouchDB has started on http://0.0.0.0:8092/
[couchdb:info,2020-02-17T11:35:29.127Z,couchdb_ns_1@cb.local:couch_query_logger<0.185.0>:couch_log:info:41]Query-Volume
---
[couchdb:info,2020-02-17T11:36:29.128Z,couchdb_ns_1@cb.local:couch_query_logger<0.185.0>:couch_log:info:41]Query-Volume
---
[couchdb:info,2020-02-17T11:37:29.129Z,couchdb_ns_1@cb.local:couch_query_logger<0.185.0>:couch_log:info:41]Query-Volume
---
[couchdb:info,2020-02-17T11:38:29.130Z,couchdb_ns_1@cb.local:couch_query_logger<0.185.0>:couch_log:info:41]Query-Volume
---
[couchdb:info,2020-02-17T11:38:42.215Z,couchdb_ns_1@cb.local:cb_couch_sup<0.135.0>:couch_log:info:41]Apache CouchDB has started on http://0.0.0.0:8092/
[couchdb:info,2020-02-17T11:39:41.968Z,couchdb_ns_1@cb.local:couch_query_logger<0.185.0>:couch_log:info:41]Query-Volume
---
[couchdb:info,2020-02-17T11:40:41.969Z,couchdb_ns_1@cb.local:couch_query_logger<0.185.0>:couch_log:info:41]Query-Volume
---
[couchdb:info,2020-02-17T11:41:41.970Z,couchdb_ns_1@cb.local:couch_query_logger<0.185.0>:couch_log:info:41]Query-Volume
---
[couchdb:info,2020-02-17T11:42:41.971Z,couchdb_ns_1@cb.local:couch_query_logger<0.185.0>:couch_log:info:41]Query-Volume
---
[couchdb:info,2020-02-17T11:43:41.972Z,couchdb_ns_1@cb.local:couch_query_logger<0.185.0>:couch_log:info:41]Query-Volume
---
[couchdb:info,2020-02-17T11:43:44.684Z,couchdb_ns_1@cb.local:<0.494.0>:couch_log:info:41]Deleting couch file "/opt/couchbase/var/lib/couchbase/data/cms/master.couch.1.compact" with renaming it to "/opt/couchbase/var/lib/couchbase/data/.delete/dd278f63865dafa1dc46fe9d423ee5ac"
[couchdb:info,2020-02-17T11:43:44.700Z,couchdb_ns_1@cb.local:<0.494.0>:couch_log:info:41]Deleting couch file "/opt/couchbase/var/lib/couchbase/data/cms/master.couch.1.compact" with renaming it to "/opt/couchbase/var/lib/couchbase/data/.delete/8d8de94c6aa07c03b4a71b6d83a2f93e"
[couchdb:info,2020-02-17T11:43:44.864Z,couchdb_ns_1@cb.local:couch_view<0.232.0>:couch_log:info:41]Deleting couch file "/opt/couchbase/var/lib/couchbase/data/.cms/master_temp" with renaming it to "/opt/couchbase/var/lib/couchbase/data/.delete/b6e0370c443775b6bac4c862701e2cab"
[couchdb:info,2020-02-17T11:43:44.865Z,couchdb_ns_1@cb.local:couch_view<0.232.0>:couch_log:info:41]Deleting couch file "/opt/couchbase/var/lib/couchbase/data/.cms/master_temp" with renaming it to "/opt/couchbase/var/lib/couchbase/data/.delete/323eae479ff084404846d9cb38eadd0f"
[couchdb:info,2020-02-17T11:44:41.973Z,couchdb_ns_1@cb.local:couch_query_logger<0.185.0>:couch_log:info:41]Query-Volume
---
[couchdb:info,2020-02-17T11:45:41.974Z,couchdb_ns_1@cb.local:couch_query_logger<0.185.0>:couch_log:info:41]Query-Volume
---
[couchdb:info,2020-02-17T11:46:41.975Z,couchdb_ns_1@cb.local:couch_query_logger<0.185.0>:couch_log:info:41]Query-Volume
---
[couchdb:info,2020-02-17T11:47:41.976Z,couchdb_ns_1@cb.local:couch_query_logger<0.185.0>:couch_log:info:41]Query-Volume
---
[couchdb:info,2020-02-17T11:48:41.977Z,couchdb_ns_1@cb.local:couch_query_logger<0.185.0>:couch_log:info:41]Query-Volume
---
[couchdb:info,2020-02-17T11:49:41.978Z,couchdb_ns_1@cb.local:couch_query_logger<0.185.0>:couch_log:info:41]Query-Volume
---
[couchdb:info,2020-02-17T11:50:41.979Z,couchdb_ns_1@cb.local:couch_query_logger<0.185.0>:couch_log:info:41]Query-Volume
---
[couchdb:info,2020-02-17T11:51:41.980Z,couchdb_ns_1@cb.local:couch_query_logger<0.185.0>:couch_log:info:41]Query-Volume
---
[couchdb:info,2020-02-17T11:52:41.981Z,couchdb_ns_1@cb.local:couch_query_logger<0.185.0>:couch_log:info:41]Query-Volume
---
[couchdb:info,2020-02-17T11:53:41.982Z,couchdb_ns_1@cb.local:couch_query_logger<0.185.0>:couch_log:info:41]Query-Volume
---
[couchdb:info,2020-02-17T11:54:41.983Z,couchdb_ns_1@cb.local:couch_query_logger<0.185.0>:couch_log:info:41]Query-Volume
---
[couchdb:info,2020-02-17T11:55:41.984Z,couchdb_ns_1@cb.local:couch_query_logger<0.185.0>:couch_log:info:41]Query-Volume
---
[couchdb:info,2020-02-17T11:56:41.985Z,couchdb_ns_1@cb.local:couch_query_logger<0.185.0>:couch_log:info:41]Query-Volume
---
[couchdb:info,2020-02-17T11:57:41.986Z,couchdb_ns_1@cb.local:couch_query_logger<0.185.0>:couch_log:info:41]Query-Volume
---
[couchdb:info,2020-02-17T11:58:41.987Z,couchdb_ns_1@cb.local:couch_query_logger<0.185.0>:couch_log:info:41]Query-Volume
---
[couchdb:info,2020-02-17T11:59:41.988Z,couchdb_ns_1@cb.local:couch_query_logger<0.185.0>:couch_log:info:41]Query-Volume
---
[couchdb:info,2020-02-17T12:00:41.989Z,couchdb_ns_1@cb.local:couch_query_logger<0.185.0>:couch_log:info:41]Query-Volume
---
[couchdb:info,2020-02-17T12:01:41.990Z,couchdb_ns_1@cb.local:couch_query_logger<0.185.0>:couch_log:info:41]Query-Volume
---
[couchdb:info,2020-02-17T12:02:41.990Z,couchdb_ns_1@cb.local:couch_query_logger<0.185.0>:couch_log:info:41]Query-Volume
---
[couchdb:info,2020-02-17T12:03:41.992Z,couchdb_ns_1@cb.local:couch_query_logger<0.185.0>:couch_log:info:41]Query-Volume
---
[couchdb:info,2020-02-17T12:04:41.993Z,couchdb_ns_1@cb.local:couch_query_logger<0.185.0>:couch_log:info:41]Query-Volume
---
[couchdb:info,2020-02-17T12:05:41.994Z,couchdb_ns_1@cb.local:couch_query_logger<0.185.0>:couch_log:info:41]Query-Volume
---
[couchdb:info,2020-02-17T12:06:41.995Z,couchdb_ns_1@cb.local:couch_query_logger<0.185.0>:couch_log:info:41]Query-Volume
---
[couchdb:info,2020-02-17T12:07:41.996Z,couchdb_ns_1@cb.local:couch_query_logger<0.185.0>:couch_log:info:41]Query-Volume
---
[couchdb:info,2020-02-17T12:08:41.997Z,couchdb_ns_1@cb.local:couch_query_logger<0.185.0>:couch_log:info:41]Query-Volume
---
[couchdb:info,2020-02-17T12:09:41.998Z,couchdb_ns_1@cb.local:couch_query_logger<0.185.0>:couch_log:info:41]Query-Volume
---
[couchdb:info,2020-02-17T12:10:41.998Z,couchdb_ns_1@cb.local:couch_query_logger<0.185.0>:couch_log:info:41]Query-Volume
---
[couchdb:info,2020-02-17T12:11:42.000Z,couchdb_ns_1@cb.local:couch_query_logger<0.185.0>:couch_log:info:41]Query-Volume
---
[couchdb:info,2020-02-17T12:12:42.000Z,couchdb_ns_1@cb.local:couch_query_logger<0.185.0>:couch_log:info:41]Query-Volume
---
[couchdb:info,2020-02-17T12:13:42.002Z,couchdb_ns_1@cb.local:couch_query_logger<0.185.0>:couch_log:info:41]Query-Volume
---
[couchdb:info,2020-02-17T12:14:42.003Z,couchdb_ns_1@cb.local:couch_query_logger<0.185.0>:couch_log:info:41]Query-Volume
---
[couchdb:info,2020-02-17T12:15:42.004Z,couchdb_ns_1@cb.local:couch_query_logger<0.185.0>:couch_log:info:41]Query-Volume
---
[couchdb:info,2020-02-17T12:16:42.005Z,couchdb_ns_1@cb.local:couch_query_logger<0.185.0>:couch_log:info:41]Query-Volume
---
[couchdb:info,2020-02-17T12:17:42.006Z,couchdb_ns_1@cb.local:couch_query_logger<0.185.0>:couch_log:info:41]Query-Volume
---
[couchdb:info,2020-02-17T12:18:42.006Z,couchdb_ns_1@cb.local:couch_query_logger<0.185.0>:couch_log:info:41]Query-Volume
---
[couchdb:info,2020-02-17T12:19:42.007Z,couchdb_ns_1@cb.local:couch_query_logger<0.185.0>:couch_log:info:41]Query-Volume
---
[couchdb:info,2020-02-17T12:20:42.008Z,couchdb_ns_1@cb.local:couch_query_logger<0.185.0>:couch_log:info:41]Query-Volume
---
[couchdb:info,2020-02-17T12:21:42.010Z,couchdb_ns_1@cb.local:couch_query_logger<0.185.0>:couch_log:info:41]Query-Volume
---
[couchdb:info,2020-02-17T12:22:42.010Z,couchdb_ns_1@cb.local:couch_query_logger<0.185.0>:couch_log:info:41]Query-Volume
---
[couchdb:info,2020-02-17T12:23:42.012Z,couchdb_ns_1@cb.local:couch_query_logger<0.185.0>:couch_log:info:41]Query-Volume
---
[couchdb:info,2020-02-17T12:24:42.013Z,couchdb_ns_1@cb.local:couch_query_logger<0.185.0>:couch_log:info:41]Query-Volume
---
[couchdb:info,2020-02-17T12:25:42.014Z,couchdb_ns_1@cb.local:couch_query_logger<0.185.0>:couch_log:info:41]Query-Volume
---
[couchdb:info,2020-02-17T12:26:42.015Z,couchdb_ns_1@cb.local:couch_query_logger<0.185.0>:couch_log:info:41]Query-Volume
---
[couchdb:info,2020-02-17T12:27:42.016Z,couchdb_ns_1@cb.local:couch_query_logger<0.185.0>:couch_log:info:41]Query-Volume
---
[couchdb:info,2020-02-17T12:28:42.017Z,couchdb_ns_1@cb.local:couch_query_logger<0.185.0>:couch_log:info:41]Query-Volume
---
[couchdb:info,2020-02-17T12:29:42.018Z,couchdb_ns_1@cb.local:couch_query_logger<0.185.0>:couch_log:info:41]Query-Volume
---
[couchdb:info,2020-02-17T12:30:42.018Z,couchdb_ns_1@cb.local:couch_query_logger<0.185.0>:couch_log:info:41]Query-Volume
---
[couchdb:info,2020-02-17T12:31:42.019Z,couchdb_ns_1@cb.local:couch_query_logger<0.185.0>:couch_log:info:41]Query-Volume
---
[couchdb:info,2020-02-17T12:32:42.021Z,couchdb_ns_1@cb.local:couch_query_logger<0.185.0>:couch_log:info:41]Query-Volume
---
[couchdb:info,2020-02-17T12:33:42.021Z,couchdb_ns_1@cb.local:couch_query_logger<0.185.0>:couch_log:info:41]Query-Volume
---
