2020-02-17T11:39:21.765+00:00 [Info] Started eventing producer version: evt-6.5.0-4960-ee
2020-02-17T11:39:21.766+00:00 [Info] Setting IP mode to ipv4
2020-02-17T11:39:21.811+00:00 [INFO] Using plain authentication for user <ud>@eventing</ud> 
2020-02-17T11:39:21.812+00:00 [INFO] Using plain authentication for user <ud>@eventing</ud> 
2020-02-17T11:39:21.813+00:00 [INFO] Using plain authentication for user <ud>@eventing</ud> 
2020-02-17T11:39:21.815+00:00 [INFO] Using plain authentication for user <ud>@eventing</ud> 
2020-02-17T11:39:21.826+00:00 [INFO] Using plain authentication for user <ud>@eventing</ud> 
2020/02/17 11:39:21 audit: created new audit service
2020-02-17T11:39:21.826+00:00 [Info] Supervisor::ServeBackground Spawned up supervision tree, context: SuperSupervisor
2020-02-17T11:39:21.826+00:00 [Info] ServiceMgr::newServiceMgr config: util.Config{"eventing_admin_ssl_cert":"/opt/couchbase/var/lib/couchbase/config/memcached-cert.pem", "eventing_admin_ssl_key":"/opt/couchbase/var/lib/couchbase/config/memcached-key.pem", "eventing_dir":"/opt/couchbase/var/lib/couchbase/data/@eventing", "rest_port":"8091", "uuid":"3f1adf42289fac35f84a33ceb7f5d2d2", "eventing_admin_http_port":"8096", "eventing_admin_debugger_port":"9140", "eventing_admin_ssl_port":"18096"} rebalanceRunning: false
2020-02-17T11:39:21.827+00:00 [Info] ServiceMgr::initService adminHTTPPort: 8096 adminSSLPort: 18096
2020-02-17T11:39:21.827+00:00 [Info] ServiceMgr::initService certFile: /opt/couchbase/var/lib/couchbase/config/memcached-cert.pem keyFile: /opt/couchbase/var/lib/couchbase/config/memcached-key.pem
2020-02-17T11:39:21.827+00:00 [Info] Registering against cbauth_service, uuid: 3f1adf42289fac35f84a33ceb7f5d2d2
2020-02-17T11:39:21.845+00:00 [Info] ServiceMgr::GetTaskList rev: service.Revision(nil)
2020-02-17T11:39:21.846+00:00 [Info] ServiceMgr::getConfig Retrieving config from metakv: map[enable_debugger:false ram_quota:256]
2020-02-17T11:39:21.849+00:00 [Info] ServiceMgr::initService Admin HTTP server started: :8096
2020-02-17T11:39:21.880+00:00 [Info] ServiceMgr::GetCurrentTopology rev: service.Revision(nil)
2020-02-17T11:39:21.889+00:00 [Info] ServiceMgr::GetCurrentTopology rev: service.Revision{0x0, 0x0, 0x0, 0x0, 0x0, 0x0, 0x0, 0x0}
2020-02-17T11:39:21.889+00:00 [Info] ServiceMgr::GetTaskList rev: service.Revision{0x0, 0x0, 0x0, 0x0, 0x0, 0x0, 0x0, 0x0}
2020-02-17T11:39:21.892+00:00 [Info] ServiceMgr::initService SSL server started: &{:18096 0xc42031e2a0 0xc420322480 1m0s 0s 1m0s 0s 0 map[] <nil> <nil> 0 0 {{0 0} 0} <nil> {0 0} map[] map[] <nil> []}
2020-02-17T11:39:21.903+00:00 [Info] SuperSupervisor::TopologyChangeNotifCallback [0] Path => /eventing/rebalanceToken/f6cbfdbe59488c9dd011939b2a645ecc value => f6cbfdbe59488c9dd011939b2a645ecc
2020-02-17T11:39:21.903+00:00 [Info] SuperSupervisor::GlobalConfigChangeCallback [0] Path => /eventing/settings/config value => {
 "enable_debugger": false,
 "ram_quota": 256
}
2020-02-17T11:39:21.904+00:00 [Info] SuperSupervisor::HandleGlobalConfigChange [0] Config key: enable_debugger value: false
2020-02-17T11:39:21.904+00:00 [Info] SuperSupervisor::HandleGlobalConfigChange [0] Config key: ram_quota value: 256
2020-02-17T11:39:21.936+00:00 [Info] SuperSupervisor::checkIfNodeInCluster [0] Node not part of cluster. Current node uuid: 3f1adf42289fac35f84a33ceb7f5d2d2 keepNodes: [c17ce99f3cb0cec8038043e30471d33f]
2020-02-17T11:39:21.937+00:00 [Info] SuperSupervisor::TopologyChangeNotifCallback [0] Node not part of cluster. Exiting callback
2020-02-17T11:39:22.580+00:00 [Info] ServiceMgr::GetNodeInfo nodeInfo: &service.NodeInfo{NodeID:"3f1adf42289fac35f84a33ceb7f5d2d2", Priority:0, Opaque:interface {}(nil)}
2020-02-17T11:39:22.592+00:00 [Info] ServiceMgr::PrepareTopologyChange change: service.TopologyChange{ID:"26095a67324ad75ff6b03efa4870b674", CurrentTopologyRev:service.Revision(nil), Type:"topology-change-rebalance", KeepNodes:[]struct { NodeInfo service.NodeInfo "json:\"nodeInfo\""; RecoveryType service.RecoveryType "json:\"recoveryType\"" }{struct { NodeInfo service.NodeInfo "json:\"nodeInfo\""; RecoveryType service.RecoveryType "json:\"recoveryType\"" }{NodeInfo:service.NodeInfo{NodeID:"e2a2c7da05001b61d5128ac80c037dc5", Priority:0, Opaque:interface {}(nil)}, RecoveryType:"recovery-full"}, struct { NodeInfo service.NodeInfo "json:\"nodeInfo\""; RecoveryType service.RecoveryType "json:\"recoveryType\"" }{NodeInfo:service.NodeInfo{NodeID:"3f1adf42289fac35f84a33ceb7f5d2d2", Priority:0, Opaque:interface {}(nil)}, RecoveryType:"recovery-full"}, struct { NodeInfo service.NodeInfo "json:\"nodeInfo\""; RecoveryType service.RecoveryType "json:\"recoveryType\"" }{NodeInfo:service.NodeInfo{NodeID:"c17ce99f3cb0cec8038043e30471d33f", Priority:0, Opaque:interface {}(nil)}, RecoveryType:"recovery-full"}}, EjectNodes:[]service.NodeInfo{}}
2020-02-17T11:39:22.592+00:00 [Info] ServiceMgr::PrepareTopologyChange ejectNodeUUIDs: [] keepNodeUUIDs: [e2a2c7da05001b61d5128ac80c037dc5 3f1adf42289fac35f84a33ceb7f5d2d2 c17ce99f3cb0cec8038043e30471d33f]
2020-02-17T11:39:22.592+00:00 [Info] SuperSupervisor::NotifyPrepareTopologyChange [0] Updating keepNodes [e2a2c7da05001b61d5128ac80c037dc5 3f1adf42289fac35f84a33ceb7f5d2d2 c17ce99f3cb0cec8038043e30471d33f]
2020-02-17T11:39:22.599+00:00 [Info] ServiceMgr::GetCurrentTopology rev: service.Revision{0x0, 0x0, 0x0, 0x0, 0x0, 0x0, 0x0, 0x1}
2020-02-17T11:39:22.599+00:00 [Info] ServiceMgr::GetTaskList rev: service.Revision{0x0, 0x0, 0x0, 0x0, 0x0, 0x0, 0x0, 0x1}
2020-02-17T11:39:22.749+00:00 [Info] SuperSupervisor::TopologyChangeNotifCallback [0] Path => /eventing/rebalanceToken/f6cbfdbe59488c9dd011939b2a645ecc value => 
2020-02-17T11:39:22.767+00:00 [Info] SuperSupervisor::TopologyChangeNotifCallback [0] Path => /eventing/rebalanceToken/26095a67324ad75ff6b03efa4870b674 value => 26095a67324ad75ff6b03efa4870b674
2020-02-17T11:39:22.789+00:00 [Info] SuperSupervisor::TopologyChangeNotifCallback [0] Apps in primary store: [], running apps: map[]
2020-02-17T11:39:22.815+00:00 [Info] ServiceMgr::GetTaskList rev: service.Revision(nil)
2020-02-17T11:39:22.816+00:00 [Info] ServiceMgr::GetCurrentTopology rev: service.Revision(nil)
2020-02-17T11:39:22.818+00:00 [Info] ServiceMgr::GetCurrentTopology rev: service.Revision{0x0, 0x0, 0x0, 0x0, 0x0, 0x0, 0x0, 0x1}
2020-02-17T11:39:22.818+00:00 [Info] ServiceMgr::GetTaskList rev: service.Revision{0x0, 0x0, 0x0, 0x0, 0x0, 0x0, 0x0, 0x1}
2020-02-17T11:39:52.599+00:00 [Info] ServiceMgr::GetCurrentTopology rev: service.Revision(nil)
2020-02-17T11:39:52.599+00:00 [Info] ServiceMgr::GetTaskList rev: service.Revision(nil)
2020-02-17T11:39:52.819+00:00 [Info] ServiceMgr::GetCurrentTopology rev: service.Revision(nil)
2020-02-17T11:39:52.819+00:00 [Info] ServiceMgr::GetTaskList rev: service.Revision(nil)
2020-02-17T11:39:52.820+00:00 [Info] ServiceMgr::GetCurrentTopology rev: service.Revision{0x0, 0x0, 0x0, 0x0, 0x0, 0x0, 0x0, 0x1}
2020-02-17T11:39:52.821+00:00 [Info] ServiceMgr::GetTaskList rev: service.Revision{0x0, 0x0, 0x0, 0x0, 0x0, 0x0, 0x0, 0x1}
2020-02-17T11:40:21.877+00:00 [Info] {"allocated":4150064,"heap_allocated":4150064,"heap_idle":1859584,"heap_in_use":5513216,"heap_objects":14909,"heap_os_related":0,"heap_system":7372800,"last_gc_cycle":"2020-02-17 11:40:07.691953692 +0000 UTC","memory_allocations":31875,"memory_frees":16966,"next_gc_cycle":"6ms","num_gc":3,"stack_cache_in_use":6944,"stack_in_use":1015808,"stack_span_in_use":60952,"stack_system":1015808,"total_allocated":8252344}
2020-02-17T11:40:22.821+00:00 [Info] ServiceMgr::GetCurrentTopology rev: service.Revision(nil)
2020-02-17T11:40:22.821+00:00 [Info] ServiceMgr::GetTaskList rev: service.Revision(nil)
2020-02-17T11:40:22.823+00:00 [Info] ServiceMgr::GetTaskList rev: service.Revision{0x0, 0x0, 0x0, 0x0, 0x0, 0x0, 0x0, 0x1}
2020-02-17T11:40:22.823+00:00 [Info] ServiceMgr::GetCurrentTopology rev: service.Revision{0x0, 0x0, 0x0, 0x0, 0x0, 0x0, 0x0, 0x1}
2020-02-17T11:40:52.823+00:00 [Info] ServiceMgr::GetTaskList rev: service.Revision(nil)
2020-02-17T11:40:52.825+00:00 [Info] ServiceMgr::GetCurrentTopology rev: service.Revision(nil)
2020-02-17T11:40:52.825+00:00 [Info] ServiceMgr::GetTaskList rev: service.Revision{0x0, 0x0, 0x0, 0x0, 0x0, 0x0, 0x0, 0x1}
2020-02-17T11:40:52.826+00:00 [Info] ServiceMgr::GetCurrentTopology rev: service.Revision{0x0, 0x0, 0x0, 0x0, 0x0, 0x0, 0x0, 0x1}
2020-02-17T11:41:21.877+00:00 [Info] {"allocated":3382456,"heap_allocated":3382456,"heap_idle":2605056,"heap_in_use":4734976,"heap_objects":13319,"heap_os_related":0,"heap_system":7340032,"last_gc_cycle":"2020-02-17 11:41:16.887035021 +0000 UTC","memory_allocations":44706,"memory_frees":31387,"next_gc_cycle":"6ms","num_gc":5,"stack_cache_in_use":6944,"stack_in_use":1015808,"stack_span_in_use":54416,"stack_system":1015808,"total_allocated":12844856}
2020-02-17T11:41:22.826+00:00 [Info] ServiceMgr::GetTaskList rev: service.Revision(nil)
2020-02-17T11:41:22.827+00:00 [Info] ServiceMgr::GetCurrentTopology rev: service.Revision(nil)
2020-02-17T11:41:22.827+00:00 [Info] ServiceMgr::GetTaskList rev: service.Revision{0x0, 0x0, 0x0, 0x0, 0x0, 0x0, 0x0, 0x1}
2020-02-17T11:41:22.828+00:00 [Info] ServiceMgr::GetCurrentTopology rev: service.Revision{0x0, 0x0, 0x0, 0x0, 0x0, 0x0, 0x0, 0x1}
2020-02-17T11:41:52.827+00:00 [Info] ServiceMgr::GetTaskList rev: service.Revision(nil)
2020-02-17T11:41:52.828+00:00 [Info] ServiceMgr::GetCurrentTopology rev: service.Revision(nil)
2020-02-17T11:41:52.828+00:00 [Info] ServiceMgr::GetTaskList rev: service.Revision{0x0, 0x0, 0x0, 0x0, 0x0, 0x0, 0x0, 0x1}
2020-02-17T11:41:52.829+00:00 [Info] ServiceMgr::GetCurrentTopology rev: service.Revision{0x0, 0x0, 0x0, 0x0, 0x0, 0x0, 0x0, 0x1}
2020-02-17T11:42:21.878+00:00 [Info] {"allocated":3332224,"heap_allocated":3332224,"heap_idle":2449408,"heap_in_use":4923392,"heap_objects":12909,"heap_os_related":0,"heap_system":7372800,"last_gc_cycle":"2020-02-17 11:42:17.853604548 +0000 UTC","memory_allocations":57504,"memory_frees":44595,"next_gc_cycle":"6ms","num_gc":7,"stack_cache_in_use":6944,"stack_in_use":1015808,"stack_span_in_use":59432,"stack_system":1015808,"total_allocated":17430544}
2020-02-17T11:42:22.829+00:00 [Info] ServiceMgr::GetTaskList rev: service.Revision(nil)
2020-02-17T11:42:22.830+00:00 [Info] ServiceMgr::GetCurrentTopology rev: service.Revision(nil)
2020-02-17T11:42:22.833+00:00 [Info] ServiceMgr::GetCurrentTopology rev: service.Revision{0x0, 0x0, 0x0, 0x0, 0x0, 0x0, 0x0, 0x1}
2020-02-17T11:42:22.834+00:00 [Info] ServiceMgr::GetTaskList rev: service.Revision{0x0, 0x0, 0x0, 0x0, 0x0, 0x0, 0x0, 0x1}
2020-02-17T11:42:52.833+00:00 [Info] ServiceMgr::GetCurrentTopology rev: service.Revision(nil)
2020-02-17T11:42:52.834+00:00 [Info] ServiceMgr::GetTaskList rev: service.Revision(nil)
2020-02-17T11:42:52.835+00:00 [Info] ServiceMgr::GetCurrentTopology rev: service.Revision{0x0, 0x0, 0x0, 0x0, 0x0, 0x0, 0x0, 0x1}
2020-02-17T11:42:52.837+00:00 [Info] ServiceMgr::GetTaskList rev: service.Revision{0x0, 0x0, 0x0, 0x0, 0x0, 0x0, 0x0, 0x1}
2020-02-17T11:43:21.878+00:00 [Info] {"allocated":5289056,"heap_allocated":5289056,"heap_idle":802816,"heap_in_use":6569984,"heap_objects":17639,"heap_os_related":0,"heap_system":7372800,"last_gc_cycle":"2020-02-17 11:42:52.838065802 +0000 UTC","memory_allocations":70313,"memory_frees":52674,"next_gc_cycle":"6ms","num_gc":8,"stack_cache_in_use":6944,"stack_in_use":1015808,"stack_span_in_use":67640,"stack_system":1015808,"total_allocated":22022280}
2020-02-17T11:43:22.838+00:00 [Info] ServiceMgr::GetCurrentTopology rev: service.Revision(nil)
2020-02-17T11:43:22.838+00:00 [Info] ServiceMgr::GetTaskList rev: service.Revision(nil)
2020-02-17T11:43:22.839+00:00 [Info] ServiceMgr::GetCurrentTopology rev: service.Revision{0x0, 0x0, 0x0, 0x0, 0x0, 0x0, 0x0, 0x1}
2020-02-17T11:43:22.839+00:00 [Info] ServiceMgr::GetTaskList rev: service.Revision{0x0, 0x0, 0x0, 0x0, 0x0, 0x0, 0x0, 0x1}
2020-02-17T11:43:52.839+00:00 [Info] ServiceMgr::GetCurrentTopology rev: service.Revision(nil)
2020-02-17T11:43:52.839+00:00 [Info] ServiceMgr::GetTaskList rev: service.Revision(nil)
2020-02-17T11:43:52.840+00:00 [Info] ServiceMgr::GetCurrentTopology rev: service.Revision{0x0, 0x0, 0x0, 0x0, 0x0, 0x0, 0x0, 0x1}
2020-02-17T11:43:52.840+00:00 [Info] ServiceMgr::GetTaskList rev: service.Revision{0x0, 0x0, 0x0, 0x0, 0x0, 0x0, 0x0, 0x1}
2020-02-17T11:44:21.877+00:00 [Info] {"allocated":4836024,"heap_allocated":4836024,"heap_idle":1163264,"heap_in_use":6176768,"heap_objects":16537,"heap_os_related":0,"heap_system":7340032,"last_gc_cycle":"2020-02-17 11:43:57.971296635 +0000 UTC","memory_allocations":83792,"memory_frees":67255,"next_gc_cycle":"6ms","num_gc":10,"stack_cache_in_use":6944,"stack_in_use":1048576,"stack_span_in_use":64600,"stack_system":1048576,"total_allocated":26667928}
2020-02-17T11:44:22.840+00:00 [Info] ServiceMgr::GetCurrentTopology rev: service.Revision(nil)
2020-02-17T11:44:22.841+00:00 [Info] ServiceMgr::GetTaskList rev: service.Revision(nil)
2020-02-17T11:44:22.841+00:00 [Info] ServiceMgr::GetCurrentTopology rev: service.Revision{0x0, 0x0, 0x0, 0x0, 0x0, 0x0, 0x0, 0x1}
2020-02-17T11:44:22.842+00:00 [Info] ServiceMgr::GetTaskList rev: service.Revision{0x0, 0x0, 0x0, 0x0, 0x0, 0x0, 0x0, 0x1}
2020-02-17T11:44:52.842+00:00 [Info] ServiceMgr::GetCurrentTopology rev: service.Revision(nil)
2020-02-17T11:44:52.842+00:00 [Info] ServiceMgr::GetTaskList rev: service.Revision(nil)
2020-02-17T11:44:52.843+00:00 [Info] ServiceMgr::GetCurrentTopology rev: service.Revision{0x0, 0x0, 0x0, 0x0, 0x0, 0x0, 0x0, 0x1}
2020-02-17T11:44:52.843+00:00 [Info] ServiceMgr::GetTaskList rev: service.Revision{0x0, 0x0, 0x0, 0x0, 0x0, 0x0, 0x0, 0x1}
2020-02-17T11:45:21.877+00:00 [Info] {"allocated":4090688,"heap_allocated":4090688,"heap_idle":1867776,"heap_in_use":5439488,"heap_objects":14579,"heap_os_related":0,"heap_system":7307264,"last_gc_cycle":"2020-02-17 11:45:08.045534911 +0000 UTC","memory_allocations":96584,"memory_frees":82005,"next_gc_cycle":"6ms","num_gc":12,"stack_cache_in_use":6944,"stack_in_use":1081344,"stack_span_in_use":60496,"stack_system":1081344,"total_allocated":31252320}
2020-02-17T11:45:22.843+00:00 [Info] ServiceMgr::GetCurrentTopology rev: service.Revision(nil)
2020-02-17T11:45:22.843+00:00 [Info] ServiceMgr::GetTaskList rev: service.Revision(nil)
2020-02-17T11:45:22.845+00:00 [Info] ServiceMgr::GetCurrentTopology rev: service.Revision{0x0, 0x0, 0x0, 0x0, 0x0, 0x0, 0x0, 0x1}
2020-02-17T11:45:22.846+00:00 [Info] ServiceMgr::GetTaskList rev: service.Revision{0x0, 0x0, 0x0, 0x0, 0x0, 0x0, 0x0, 0x1}
2020-02-17T11:45:52.845+00:00 [Info] ServiceMgr::GetCurrentTopology rev: service.Revision(nil)
2020-02-17T11:45:52.846+00:00 [Info] ServiceMgr::GetTaskList rev: service.Revision(nil)
2020-02-17T11:45:52.847+00:00 [Info] ServiceMgr::GetCurrentTopology rev: service.Revision{0x0, 0x0, 0x0, 0x0, 0x0, 0x0, 0x0, 0x1}
2020-02-17T11:45:52.847+00:00 [Info] ServiceMgr::GetTaskList rev: service.Revision{0x0, 0x0, 0x0, 0x0, 0x0, 0x0, 0x0, 0x1}
2020-02-17T11:46:21.877+00:00 [Info] {"allocated":3314056,"heap_allocated":3314056,"heap_idle":2465792,"heap_in_use":4874240,"heap_objects":12831,"heap_os_related":0,"heap_system":7340032,"last_gc_cycle":"2020-02-17 11:46:18.115721058 +0000 UTC","memory_allocations":109371,"memory_frees":96540,"next_gc_cycle":"6ms","num_gc":14,"stack_cache_in_use":6944,"stack_in_use":1048576,"stack_span_in_use":59128,"stack_system":1048576,"total_allocated":35835720}
2020-02-17T11:46:22.847+00:00 [Info] ServiceMgr::GetCurrentTopology rev: service.Revision(nil)
2020-02-17T11:46:22.847+00:00 [Info] ServiceMgr::GetTaskList rev: service.Revision(nil)
2020-02-17T11:46:22.848+00:00 [Info] ServiceMgr::GetCurrentTopology rev: service.Revision{0x0, 0x0, 0x0, 0x0, 0x0, 0x0, 0x0, 0x1}
2020-02-17T11:46:22.848+00:00 [Info] ServiceMgr::GetTaskList rev: service.Revision{0x0, 0x0, 0x0, 0x0, 0x0, 0x0, 0x0, 0x1}
2020-02-17T11:46:52.848+00:00 [Info] ServiceMgr::GetCurrentTopology rev: service.Revision(nil)
2020-02-17T11:46:52.849+00:00 [Info] ServiceMgr::GetTaskList rev: service.Revision(nil)
2020-02-17T11:46:52.849+00:00 [Info] ServiceMgr::GetCurrentTopology rev: service.Revision{0x0, 0x0, 0x0, 0x0, 0x0, 0x0, 0x0, 0x1}
2020-02-17T11:46:52.849+00:00 [Info] ServiceMgr::GetTaskList rev: service.Revision{0x0, 0x0, 0x0, 0x0, 0x0, 0x0, 0x0, 0x1}
2020-02-17T11:47:21.878+00:00 [Info] {"allocated":5086016,"heap_allocated":5086016,"heap_idle":933888,"heap_in_use":6406144,"heap_objects":17065,"heap_os_related":0,"heap_system":7340032,"last_gc_cycle":"2020-02-17 11:46:53.157230226 +0000 UTC","memory_allocations":122137,"memory_frees":105072,"next_gc_cycle":"6ms","num_gc":15,"stack_cache_in_use":6944,"stack_in_use":1048576,"stack_span_in_use":66576,"stack_system":1048576,"total_allocated":40412904}
2020-02-17T11:47:22.849+00:00 [Info] ServiceMgr::GetCurrentTopology rev: service.Revision(nil)
2020-02-17T11:47:22.849+00:00 [Info] ServiceMgr::GetTaskList rev: service.Revision(nil)
2020-02-17T11:47:22.851+00:00 [Info] ServiceMgr::GetCurrentTopology rev: service.Revision{0x0, 0x0, 0x0, 0x0, 0x0, 0x0, 0x0, 0x1}
2020-02-17T11:47:22.851+00:00 [Info] ServiceMgr::GetTaskList rev: service.Revision{0x0, 0x0, 0x0, 0x0, 0x0, 0x0, 0x0, 0x1}
2020-02-17T11:47:52.851+00:00 [Info] ServiceMgr::GetCurrentTopology rev: service.Revision(nil)
2020-02-17T11:47:52.852+00:00 [Info] ServiceMgr::GetTaskList rev: service.Revision(nil)
2020-02-17T11:47:52.852+00:00 [Info] ServiceMgr::GetCurrentTopology rev: service.Revision{0x0, 0x0, 0x0, 0x0, 0x0, 0x0, 0x0, 0x1}
2020-02-17T11:47:52.853+00:00 [Info] ServiceMgr::GetTaskList rev: service.Revision{0x0, 0x0, 0x0, 0x0, 0x0, 0x0, 0x0, 0x1}
2020-02-17T11:48:21.877+00:00 [Info] {"allocated":4453032,"heap_allocated":4453032,"heap_idle":1638400,"heap_in_use":5701632,"heap_objects":15418,"heap_os_related":0,"heap_system":7340032,"last_gc_cycle":"2020-02-17 11:48:03.208019462 +0000 UTC","memory_allocations":134934,"memory_frees":119516,"next_gc_cycle":"6ms","num_gc":17,"stack_cache_in_use":6944,"stack_in_use":1048576,"stack_span_in_use":61408,"stack_system":1048576,"total_allocated":44996960}
2020-02-17T11:48:22.852+00:00 [Info] ServiceMgr::GetCurrentTopology rev: service.Revision(nil)
2020-02-17T11:48:22.853+00:00 [Info] ServiceMgr::GetTaskList rev: service.Revision(nil)
2020-02-17T11:48:22.853+00:00 [Info] ServiceMgr::GetCurrentTopology rev: service.Revision{0x0, 0x0, 0x0, 0x0, 0x0, 0x0, 0x0, 0x1}
2020-02-17T11:48:22.855+00:00 [Info] ServiceMgr::GetTaskList rev: service.Revision{0x0, 0x0, 0x0, 0x0, 0x0, 0x0, 0x0, 0x1}
2020-02-17T11:48:52.854+00:00 [Info] ServiceMgr::GetCurrentTopology rev: service.Revision(nil)
2020-02-17T11:48:52.855+00:00 [Info] ServiceMgr::GetTaskList rev: service.Revision(nil)
2020-02-17T11:48:52.855+00:00 [Info] ServiceMgr::GetCurrentTopology rev: service.Revision{0x0, 0x0, 0x0, 0x0, 0x0, 0x0, 0x0, 0x1}
2020-02-17T11:48:52.856+00:00 [Info] ServiceMgr::GetTaskList rev: service.Revision{0x0, 0x0, 0x0, 0x0, 0x0, 0x0, 0x0, 0x1}
2020-02-17T11:49:21.878+00:00 [Info] {"allocated":3701336,"heap_allocated":3701336,"heap_idle":2203648,"heap_in_use":5136384,"heap_objects":13750,"heap_os_related":0,"heap_system":7340032,"last_gc_cycle":"2020-02-17 11:49:13.241107658 +0000 UTC","memory_allocations":147718,"memory_frees":133968,"next_gc_cycle":"6ms","num_gc":19,"stack_cache_in_use":6944,"stack_in_use":1048576,"stack_span_in_use":59736,"stack_system":1048576,"total_allocated":49579576}
2020-02-17T11:49:22.856+00:00 [Info] ServiceMgr::GetCurrentTopology rev: service.Revision(nil)
2020-02-17T11:49:22.856+00:00 [Info] ServiceMgr::GetTaskList rev: service.Revision(nil)
2020-02-17T11:49:22.858+00:00 [Info] ServiceMgr::GetTaskList rev: service.Revision{0x0, 0x0, 0x0, 0x0, 0x0, 0x0, 0x0, 0x1}
2020-02-17T11:49:22.858+00:00 [Info] ServiceMgr::GetCurrentTopology rev: service.Revision{0x0, 0x0, 0x0, 0x0, 0x0, 0x0, 0x0, 0x1}
2020-02-17T11:49:52.858+00:00 [Info] ServiceMgr::GetTaskList rev: service.Revision(nil)
2020-02-17T11:49:52.858+00:00 [Info] ServiceMgr::GetCurrentTopology rev: service.Revision(nil)
2020-02-17T11:49:52.859+00:00 [Info] ServiceMgr::GetTaskList rev: service.Revision{0x0, 0x0, 0x0, 0x0, 0x0, 0x0, 0x0, 0x1}
2020-02-17T11:49:52.859+00:00 [Info] ServiceMgr::GetCurrentTopology rev: service.Revision{0x0, 0x0, 0x0, 0x0, 0x0, 0x0, 0x0, 0x1}
2020-02-17T11:50:21.878+00:00 [Info] {"allocated":5609824,"heap_allocated":5609824,"heap_idle":483328,"heap_in_use":6856704,"heap_objects":18184,"heap_os_related":0,"heap_system":7340032,"last_gc_cycle":"2020-02-17 11:49:48.256139404 +0000 UTC","memory_allocations":160489,"memory_frees":142305,"next_gc_cycle":"6ms","num_gc":20,"stack_cache_in_use":6944,"stack_in_use":1048576,"stack_span_in_use":69920,"stack_system":1048576,"total_allocated":54157144}
2020-02-17T11:50:22.860+00:00 [Info] ServiceMgr::GetCurrentTopology rev: service.Revision(nil)
2020-02-17T11:50:22.860+00:00 [Info] ServiceMgr::GetTaskList rev: service.Revision(nil)
2020-02-17T11:50:22.861+00:00 [Info] ServiceMgr::GetCurrentTopology rev: service.Revision{0x0, 0x0, 0x0, 0x0, 0x0, 0x0, 0x0, 0x1}
2020-02-17T11:50:22.861+00:00 [Info] ServiceMgr::GetTaskList rev: service.Revision{0x0, 0x0, 0x0, 0x0, 0x0, 0x0, 0x0, 0x1}
2020-02-17T11:50:52.861+00:00 [Info] ServiceMgr::GetCurrentTopology rev: service.Revision(nil)
2020-02-17T11:50:52.861+00:00 [Info] ServiceMgr::GetTaskList rev: service.Revision(nil)
2020-02-17T11:50:52.862+00:00 [Info] ServiceMgr::GetCurrentTopology rev: service.Revision{0x0, 0x0, 0x0, 0x0, 0x0, 0x0, 0x0, 0x1}
2020-02-17T11:50:52.864+00:00 [Info] ServiceMgr::GetTaskList rev: service.Revision{0x0, 0x0, 0x0, 0x0, 0x0, 0x0, 0x0, 0x1}
2020-02-17T11:51:21.877+00:00 [Info] {"allocated":4413360,"heap_allocated":4413360,"heap_idle":2629632,"heap_in_use":5758976,"heap_objects":15428,"heap_os_related":0,"heap_system":8388608,"last_gc_cycle":"2020-02-17 11:51:03.29588816 +0000 UTC","memory_allocations":173275,"memory_frees":157847,"next_gc_cycle":"6ms","num_gc":22,"stack_cache_in_use":6944,"stack_in_use":1048576,"stack_span_in_use":62624,"stack_system":1048576,"total_allocated":58739024}
2020-02-17T11:51:22.863+00:00 [Info] ServiceMgr::GetCurrentTopology rev: service.Revision(nil)
2020-02-17T11:51:22.863+00:00 [Info] ServiceMgr::GetCurrentTopology rev: service.Revision{0x0, 0x0, 0x0, 0x0, 0x0, 0x0, 0x0, 0x1}
2020-02-17T11:51:22.864+00:00 [Info] ServiceMgr::GetTaskList rev: service.Revision(nil)
2020-02-17T11:51:22.865+00:00 [Info] ServiceMgr::GetTaskList rev: service.Revision{0x0, 0x0, 0x0, 0x0, 0x0, 0x0, 0x0, 0x1}
2020-02-17T11:51:52.864+00:00 [Info] ServiceMgr::GetCurrentTopology rev: service.Revision(nil)
2020-02-17T11:51:52.865+00:00 [Info] ServiceMgr::GetCurrentTopology rev: service.Revision{0x0, 0x0, 0x0, 0x0, 0x0, 0x0, 0x0, 0x1}
2020-02-17T11:51:52.865+00:00 [Info] ServiceMgr::GetTaskList rev: service.Revision(nil)
2020-02-17T11:51:52.866+00:00 [Info] ServiceMgr::GetTaskList rev: service.Revision{0x0, 0x0, 0x0, 0x0, 0x0, 0x0, 0x0, 0x1}
2020-02-17T11:52:21.878+00:00 [Info] {"allocated":4127984,"heap_allocated":4127984,"heap_idle":2883584,"heap_in_use":5505024,"heap_objects":14950,"heap_os_related":0,"heap_system":8388608,"last_gc_cycle":"2020-02-17 11:52:08.326325875 +0000 UTC","memory_allocations":186069,"memory_frees":171119,"next_gc_cycle":"6ms","num_gc":24,"stack_cache_in_use":6944,"stack_in_use":1048576,"stack_span_in_use":61864,"stack_system":1048576,"total_allocated":63323992}
2020-02-17T11:52:22.865+00:00 [Info] ServiceMgr::GetCurrentTopology rev: service.Revision(nil)
2020-02-17T11:52:22.866+00:00 [Info] ServiceMgr::GetCurrentTopology rev: service.Revision{0x0, 0x0, 0x0, 0x0, 0x0, 0x0, 0x0, 0x1}
2020-02-17T11:52:22.866+00:00 [Info] ServiceMgr::GetTaskList rev: service.Revision(nil)
2020-02-17T11:52:22.867+00:00 [Info] ServiceMgr::GetTaskList rev: service.Revision{0x0, 0x0, 0x0, 0x0, 0x0, 0x0, 0x0, 0x1}
2020-02-17T11:52:52.866+00:00 [Info] ServiceMgr::GetCurrentTopology rev: service.Revision(nil)
2020-02-17T11:52:52.867+00:00 [Info] ServiceMgr::GetTaskList rev: service.Revision(nil)
2020-02-17T11:52:52.867+00:00 [Info] ServiceMgr::GetCurrentTopology rev: service.Revision{0x0, 0x0, 0x0, 0x0, 0x0, 0x0, 0x0, 0x1}
2020-02-17T11:52:52.868+00:00 [Info] ServiceMgr::GetTaskList rev: service.Revision{0x0, 0x0, 0x0, 0x0, 0x0, 0x0, 0x0, 0x1}
2020-02-17T11:53:21.877+00:00 [Info] {"allocated":3346664,"heap_allocated":3346664,"heap_idle":3440640,"heap_in_use":4947968,"heap_objects":13077,"heap_os_related":0,"heap_system":8388608,"last_gc_cycle":"2020-02-17 11:53:18.360299982 +0000 UTC","memory_allocations":198867,"memory_frees":185790,"next_gc_cycle":"6ms","num_gc":26,"stack_cache_in_use":6944,"stack_in_use":1048576,"stack_span_in_use":59736,"stack_system":1048576,"total_allocated":67909424}
2020-02-17T11:53:22.868+00:00 [Info] ServiceMgr::GetCurrentTopology rev: service.Revision(nil)
2020-02-17T11:53:22.868+00:00 [Info] ServiceMgr::GetTaskList rev: service.Revision(nil)
2020-02-17T11:53:22.869+00:00 [Info] ServiceMgr::GetCurrentTopology rev: service.Revision{0x0, 0x0, 0x0, 0x0, 0x0, 0x0, 0x0, 0x1}
2020-02-17T11:53:22.869+00:00 [Info] ServiceMgr::GetTaskList rev: service.Revision{0x0, 0x0, 0x0, 0x0, 0x0, 0x0, 0x0, 0x1}
2020-02-17T11:53:52.869+00:00 [Info] ServiceMgr::GetCurrentTopology rev: service.Revision(nil)
2020-02-17T11:53:52.869+00:00 [Info] ServiceMgr::GetTaskList rev: service.Revision(nil)
2020-02-17T11:53:52.870+00:00 [Info] ServiceMgr::GetCurrentTopology rev: service.Revision{0x0, 0x0, 0x0, 0x0, 0x0, 0x0, 0x0, 0x1}
2020-02-17T11:53:52.870+00:00 [Info] ServiceMgr::GetTaskList rev: service.Revision{0x0, 0x0, 0x0, 0x0, 0x0, 0x0, 0x0, 0x1}
2020-02-17T11:54:21.877+00:00 [Info] {"allocated":5240168,"heap_allocated":5240168,"heap_idle":1867776,"heap_in_use":6520832,"heap_objects":17346,"heap_os_related":0,"heap_system":8388608,"last_gc_cycle":"2020-02-17 11:53:53.376288571 +0000 UTC","memory_allocations":211625,"memory_frees":194279,"next_gc_cycle":"6ms","num_gc":27,"stack_cache_in_use":6944,"stack_in_use":1048576,"stack_span_in_use":67336,"stack_system":1048576,"total_allocated":72484064}
2020-02-17T11:54:22.870+00:00 [Info] ServiceMgr::GetCurrentTopology rev: service.Revision(nil)
2020-02-17T11:54:22.870+00:00 [Info] ServiceMgr::GetTaskList rev: service.Revision(nil)
2020-02-17T11:54:22.871+00:00 [Info] ServiceMgr::GetCurrentTopology rev: service.Revision{0x0, 0x0, 0x0, 0x0, 0x0, 0x0, 0x0, 0x1}
2020-02-17T11:54:22.872+00:00 [Info] ServiceMgr::GetTaskList rev: service.Revision{0x0, 0x0, 0x0, 0x0, 0x0, 0x0, 0x0, 0x1}
2020-02-17T11:54:52.871+00:00 [Info] ServiceMgr::GetCurrentTopology rev: service.Revision(nil)
2020-02-17T11:54:52.872+00:00 [Info] ServiceMgr::GetTaskList rev: service.Revision(nil)
2020-02-17T11:54:52.873+00:00 [Info] ServiceMgr::GetCurrentTopology rev: service.Revision{0x0, 0x0, 0x0, 0x0, 0x0, 0x0, 0x0, 0x1}
2020-02-17T11:54:52.873+00:00 [Info] ServiceMgr::GetTaskList rev: service.Revision{0x0, 0x0, 0x0, 0x0, 0x0, 0x0, 0x0, 0x1}
2020-02-17T11:55:21.879+00:00 [Info] {"allocated":4586760,"heap_allocated":4586760,"heap_idle":2498560,"heap_in_use":5890048,"heap_objects":16232,"heap_os_related":0,"heap_system":8388608,"last_gc_cycle":"2020-02-17 11:54:58.405390536 +0000 UTC","memory_allocations":224424,"memory_frees":208192,"next_gc_cycle":"6ms","num_gc":29,"stack_cache_in_use":6944,"stack_in_use":1048576,"stack_span_in_use":61712,"stack_system":1048576,"total_allocated":77069576}
2020-02-17T11:55:22.873+00:00 [Info] ServiceMgr::GetCurrentTopology rev: service.Revision(nil)
2020-02-17T11:55:22.873+00:00 [Info] ServiceMgr::GetTaskList rev: service.Revision(nil)
2020-02-17T11:55:22.874+00:00 [Info] ServiceMgr::GetCurrentTopology rev: service.Revision{0x0, 0x0, 0x0, 0x0, 0x0, 0x0, 0x0, 0x1}
2020-02-17T11:55:22.874+00:00 [Info] ServiceMgr::GetTaskList rev: service.Revision{0x0, 0x0, 0x0, 0x0, 0x0, 0x0, 0x0, 0x1}
2020-02-17T11:55:52.874+00:00 [Info] ServiceMgr::GetCurrentTopology rev: service.Revision(nil)
2020-02-17T11:55:52.875+00:00 [Info] ServiceMgr::GetTaskList rev: service.Revision(nil)
2020-02-17T11:55:52.875+00:00 [Info] ServiceMgr::GetCurrentTopology rev: service.Revision{0x0, 0x0, 0x0, 0x0, 0x0, 0x0, 0x0, 0x1}
2020-02-17T11:55:52.876+00:00 [Info] ServiceMgr::GetTaskList rev: service.Revision{0x0, 0x0, 0x0, 0x0, 0x0, 0x0, 0x0, 0x1}
2020-02-17T11:56:21.878+00:00 [Info] {"allocated":4143392,"heap_allocated":4143392,"heap_idle":2785280,"heap_in_use":5603328,"heap_objects":15112,"heap_os_related":0,"heap_system":8388608,"last_gc_cycle":"2020-02-17 11:56:08.434787018 +0000 UTC","memory_allocations":237227,"memory_frees":222115,"next_gc_cycle":"6ms","num_gc":31,"stack_cache_in_use":6944,"stack_in_use":1048576,"stack_span_in_use":64752,"stack_system":1048576,"total_allocated":81655952}
2020-02-17T11:56:22.876+00:00 [Info] ServiceMgr::GetCurrentTopology rev: service.Revision(nil)
2020-02-17T11:56:22.876+00:00 [Info] ServiceMgr::GetTaskList rev: service.Revision(nil)
2020-02-17T11:56:22.877+00:00 [Info] ServiceMgr::GetCurrentTopology rev: service.Revision{0x0, 0x0, 0x0, 0x0, 0x0, 0x0, 0x0, 0x1}
2020-02-17T11:56:22.877+00:00 [Info] ServiceMgr::GetTaskList rev: service.Revision{0x0, 0x0, 0x0, 0x0, 0x0, 0x0, 0x0, 0x1}
2020-02-17T11:56:52.878+00:00 [Info] ServiceMgr::GetCurrentTopology rev: service.Revision(nil)
2020-02-17T11:56:52.878+00:00 [Info] ServiceMgr::GetTaskList rev: service.Revision(nil)
2020-02-17T11:56:52.885+00:00 [Info] ServiceMgr::GetCurrentTopology rev: service.Revision{0x0, 0x0, 0x0, 0x0, 0x0, 0x0, 0x0, 0x1}
2020-02-17T11:56:52.885+00:00 [Info] ServiceMgr::GetTaskList rev: service.Revision{0x0, 0x0, 0x0, 0x0, 0x0, 0x0, 0x0, 0x1}
2020-02-17T11:57:21.878+00:00 [Info] {"allocated":3625064,"heap_allocated":3625064,"heap_idle":3399680,"heap_in_use":4988928,"heap_objects":13789,"heap_os_related":0,"heap_system":8388608,"last_gc_cycle":"2020-02-17 11:57:13.463531267 +0000 UTC","memory_allocations":250048,"memory_frees":236259,"next_gc_cycle":"6ms","num_gc":33,"stack_cache_in_use":6944,"stack_in_use":1048576,"stack_span_in_use":57912,"stack_system":1048576,"total_allocated":86245512}
2020-02-17T11:57:22.886+00:00 [Info] ServiceMgr::GetTaskList rev: service.Revision(nil)
2020-02-17T11:57:22.886+00:00 [Info] ServiceMgr::GetCurrentTopology rev: service.Revision(nil)
2020-02-17T11:57:22.889+00:00 [Info] ServiceMgr::GetTaskList rev: service.Revision{0x0, 0x0, 0x0, 0x0, 0x0, 0x0, 0x0, 0x1}
2020-02-17T11:57:22.889+00:00 [Info] ServiceMgr::GetCurrentTopology rev: service.Revision{0x0, 0x0, 0x0, 0x0, 0x0, 0x0, 0x0, 0x1}
2020-02-17T11:57:52.889+00:00 [Info] ServiceMgr::GetCurrentTopology rev: service.Revision(nil)
2020-02-17T11:57:52.889+00:00 [Info] ServiceMgr::GetTaskList rev: service.Revision(nil)
2020-02-17T11:57:52.890+00:00 [Info] ServiceMgr::GetTaskList rev: service.Revision{0x0, 0x0, 0x0, 0x0, 0x0, 0x0, 0x0, 0x1}
2020-02-17T11:57:52.890+00:00 [Info] ServiceMgr::GetCurrentTopology rev: service.Revision{0x0, 0x0, 0x0, 0x0, 0x0, 0x0, 0x0, 0x1}
2020-02-17T11:58:21.877+00:00 [Info] {"allocated":5571072,"heap_allocated":5571072,"heap_idle":1572864,"heap_in_use":6815744,"heap_objects":18198,"heap_os_related":0,"heap_system":8388608,"last_gc_cycle":"2020-02-17 11:57:48.481816245 +0000 UTC","memory_allocations":262824,"memory_frees":244626,"next_gc_cycle":"6ms","num_gc":34,"stack_cache_in_use":6944,"stack_in_use":1048576,"stack_span_in_use":69768,"stack_system":1048576,"total_allocated":90822616}
2020-02-17T11:58:22.890+00:00 [Info] ServiceMgr::GetCurrentTopology rev: service.Revision(nil)
2020-02-17T11:58:22.890+00:00 [Info] ServiceMgr::GetTaskList rev: service.Revision(nil)
2020-02-17T11:58:22.892+00:00 [Info] ServiceMgr::GetTaskList rev: service.Revision{0x0, 0x0, 0x0, 0x0, 0x0, 0x0, 0x0, 0x1}
2020-02-17T11:58:22.894+00:00 [Info] ServiceMgr::GetCurrentTopology rev: service.Revision{0x0, 0x0, 0x0, 0x0, 0x0, 0x0, 0x0, 0x1}
2020-02-17T11:58:52.892+00:00 [Info] ServiceMgr::GetTaskList rev: service.Revision(nil)
2020-02-17T11:58:52.893+00:00 [Info] ServiceMgr::GetTaskList rev: service.Revision{0x0, 0x0, 0x0, 0x0, 0x0, 0x0, 0x0, 0x1}
2020-02-17T11:58:52.894+00:00 [Info] ServiceMgr::GetCurrentTopology rev: service.Revision(nil)
2020-02-17T11:58:52.895+00:00 [Info] ServiceMgr::GetCurrentTopology rev: service.Revision{0x0, 0x0, 0x0, 0x0, 0x0, 0x0, 0x0, 0x1}
2020-02-17T11:59:21.877+00:00 [Info] {"allocated":4912480,"heap_allocated":4912480,"heap_idle":2269184,"heap_in_use":6119424,"heap_objects":16896,"heap_os_related":0,"heap_system":8388608,"last_gc_cycle":"2020-02-17 11:58:58.516474944 +0000 UTC","memory_allocations":275620,"memory_frees":258724,"next_gc_cycle":"6ms","num_gc":36,"stack_cache_in_use":6944,"stack_in_use":1048576,"stack_span_in_use":63536,"stack_system":1048576,"total_allocated":95408384}
2020-02-17T11:59:22.895+00:00 [Info] ServiceMgr::GetTaskList rev: service.Revision(nil)
2020-02-17T11:59:22.896+00:00 [Info] ServiceMgr::GetCurrentTopology rev: service.Revision(nil)
2020-02-17T11:59:22.897+00:00 [Info] ServiceMgr::GetTaskList rev: service.Revision{0x0, 0x0, 0x0, 0x0, 0x0, 0x0, 0x0, 0x1}
2020-02-17T11:59:22.898+00:00 [Info] ServiceMgr::GetCurrentTopology rev: service.Revision{0x0, 0x0, 0x0, 0x0, 0x0, 0x0, 0x0, 0x1}
2020-02-17T11:59:52.897+00:00 [Info] ServiceMgr::GetTaskList rev: service.Revision(nil)
2020-02-17T11:59:52.898+00:00 [Info] ServiceMgr::GetTaskList rev: service.Revision{0x0, 0x0, 0x0, 0x0, 0x0, 0x0, 0x0, 0x1}
2020-02-17T11:59:52.899+00:00 [Info] ServiceMgr::GetCurrentTopology rev: service.Revision(nil)
2020-02-17T11:59:52.900+00:00 [Info] ServiceMgr::GetCurrentTopology rev: service.Revision{0x0, 0x0, 0x0, 0x0, 0x0, 0x0, 0x0, 0x1}
2020-02-17T12:00:21.878+00:00 [Info] {"allocated":3718632,"heap_allocated":3718632,"heap_idle":3227648,"heap_in_use":5128192,"heap_objects":13893,"heap_os_related":0,"heap_system":8355840,"last_gc_cycle":"2020-02-17 12:00:13.558343503 +0000 UTC","memory_allocations":288426,"memory_frees":274533,"next_gc_cycle":"6ms","num_gc":38,"stack_cache_in_use":6944,"stack_in_use":1081344,"stack_span_in_use":59888,"stack_system":1081344,"total_allocated":99994392}
2020-02-17T12:00:22.898+00:00 [Info] ServiceMgr::GetTaskList rev: service.Revision(nil)
2020-02-17T12:00:22.899+00:00 [Info] ServiceMgr::GetTaskList rev: service.Revision{0x0, 0x0, 0x0, 0x0, 0x0, 0x0, 0x0, 0x1}
2020-02-17T12:00:22.900+00:00 [Info] ServiceMgr::GetCurrentTopology rev: service.Revision(nil)
2020-02-17T12:00:22.901+00:00 [Info] ServiceMgr::GetCurrentTopology rev: service.Revision{0x0, 0x0, 0x0, 0x0, 0x0, 0x0, 0x0, 0x1}
2020-02-17T12:00:52.900+00:00 [Info] ServiceMgr::GetTaskList rev: service.Revision(nil)
2020-02-17T12:00:52.901+00:00 [Info] ServiceMgr::GetCurrentTopology rev: service.Revision(nil)
2020-02-17T12:00:52.905+00:00 [Info] ServiceMgr::GetCurrentTopology rev: service.Revision{0x0, 0x0, 0x0, 0x0, 0x0, 0x0, 0x0, 0x1}
2020-02-17T12:00:52.905+00:00 [Info] ServiceMgr::GetTaskList rev: service.Revision{0x0, 0x0, 0x0, 0x0, 0x0, 0x0, 0x0, 0x1}
2020-02-17T12:01:21.877+00:00 [Info] {"allocated":5578656,"heap_allocated":5578656,"heap_idle":1548288,"heap_in_use":6807552,"heap_objects":18250,"heap_os_related":0,"heap_system":8355840,"last_gc_cycle":"2020-02-17 12:00:48.577348005 +0000 UTC","memory_allocations":301189,"memory_frees":282939,"next_gc_cycle":"6ms","num_gc":39,"stack_cache_in_use":6944,"stack_in_use":1081344,"stack_span_in_use":69768,"stack_system":1081344,"total_allocated":104569880}
2020-02-17T12:01:22.906+00:00 [Info] ServiceMgr::GetCurrentTopology rev: service.Revision(nil)
2020-02-17T12:01:22.906+00:00 [Info] ServiceMgr::GetTaskList rev: service.Revision(nil)
2020-02-17T12:01:22.908+00:00 [Info] ServiceMgr::GetCurrentTopology rev: service.Revision{0x0, 0x0, 0x0, 0x0, 0x0, 0x0, 0x0, 0x1}
2020-02-17T12:01:22.908+00:00 [Info] ServiceMgr::GetTaskList rev: service.Revision{0x0, 0x0, 0x0, 0x0, 0x0, 0x0, 0x0, 0x1}
2020-02-17T12:01:52.908+00:00 [Info] ServiceMgr::GetCurrentTopology rev: service.Revision(nil)
2020-02-17T12:01:52.909+00:00 [Info] ServiceMgr::GetTaskList rev: service.Revision(nil)
2020-02-17T12:01:52.909+00:00 [Info] ServiceMgr::GetCurrentTopology rev: service.Revision{0x0, 0x0, 0x0, 0x0, 0x0, 0x0, 0x0, 0x1}
2020-02-17T12:01:52.910+00:00 [Info] ServiceMgr::GetTaskList rev: service.Revision{0x0, 0x0, 0x0, 0x0, 0x0, 0x0, 0x0, 0x1}
2020-02-17T12:02:21.878+00:00 [Info] {"allocated":5193968,"heap_allocated":5193968,"heap_idle":1875968,"heap_in_use":6479872,"heap_objects":17300,"heap_os_related":0,"heap_system":8355840,"last_gc_cycle":"2020-02-17 12:01:53.609156904 +0000 UTC","memory_allocations":313981,"memory_frees":296681,"next_gc_cycle":"6ms","num_gc":41,"stack_cache_in_use":6944,"stack_in_use":1081344,"stack_span_in_use":67336,"stack_system":1081344,"total_allocated":109154640}
2020-02-17T12:02:22.910+00:00 [Info] ServiceMgr::GetCurrentTopology rev: service.Revision(nil)
2020-02-17T12:02:22.910+00:00 [Info] ServiceMgr::GetTaskList rev: service.Revision(nil)
2020-02-17T12:02:22.911+00:00 [Info] ServiceMgr::GetCurrentTopology rev: service.Revision{0x0, 0x0, 0x0, 0x0, 0x0, 0x0, 0x0, 0x1}
2020-02-17T12:02:22.912+00:00 [Info] ServiceMgr::GetTaskList rev: service.Revision{0x0, 0x0, 0x0, 0x0, 0x0, 0x0, 0x0, 0x1}
2020-02-17T12:02:52.911+00:00 [Info] ServiceMgr::GetCurrentTopology rev: service.Revision(nil)
2020-02-17T12:02:52.912+00:00 [Info] ServiceMgr::GetCurrentTopology rev: service.Revision{0x0, 0x0, 0x0, 0x0, 0x0, 0x0, 0x0, 0x1}
2020-02-17T12:02:52.913+00:00 [Info] ServiceMgr::GetTaskList rev: service.Revision(nil)
2020-02-17T12:02:52.914+00:00 [Info] ServiceMgr::GetTaskList rev: service.Revision{0x0, 0x0, 0x0, 0x0, 0x0, 0x0, 0x0, 0x1}
2020-02-17T12:03:21.878+00:00 [Info] {"allocated":4545280,"heap_allocated":4545280,"heap_idle":2523136,"heap_in_use":5832704,"heap_objects":16110,"heap_os_related":0,"heap_system":8355840,"last_gc_cycle":"2020-02-17 12:03:03.640264713 +0000 UTC","memory_allocations":326793,"memory_frees":310683,"next_gc_cycle":"6ms","num_gc":43,"stack_cache_in_use":6944,"stack_in_use":1081344,"stack_span_in_use":62928,"stack_system":1081344,"total_allocated":113745032}
2020-02-17T12:03:22.913+00:00 [Info] ServiceMgr::GetCurrentTopology rev: service.Revision(nil)
2020-02-17T12:03:22.914+00:00 [Info] ServiceMgr::GetCurrentTopology rev: service.Revision{0x0, 0x0, 0x0, 0x0, 0x0, 0x0, 0x0, 0x1}
2020-02-17T12:03:22.914+00:00 [Info] ServiceMgr::GetTaskList rev: service.Revision(nil)
2020-02-17T12:03:22.915+00:00 [Info] ServiceMgr::GetTaskList rev: service.Revision{0x0, 0x0, 0x0, 0x0, 0x0, 0x0, 0x0, 0x1}
2020-02-17T12:03:52.914+00:00 [Info] ServiceMgr::GetCurrentTopology rev: service.Revision(nil)
2020-02-17T12:03:52.915+00:00 [Info] ServiceMgr::GetTaskList rev: service.Revision(nil)
2020-02-17T12:03:52.915+00:00 [Info] ServiceMgr::GetCurrentTopology rev: service.Revision{0x0, 0x0, 0x0, 0x0, 0x0, 0x0, 0x0, 0x1}
2020-02-17T12:03:52.916+00:00 [Info] ServiceMgr::GetTaskList rev: service.Revision{0x0, 0x0, 0x0, 0x0, 0x0, 0x0, 0x0, 0x1}
2020-02-17T12:04:21.886+00:00 [Info] {"allocated":3895776,"heap_allocated":3895776,"heap_idle":3153920,"heap_in_use":5201920,"heap_objects":14699,"heap_os_related":0,"heap_system":8355840,"last_gc_cycle":"2020-02-17 12:04:08.668085242 +0000 UTC","memory_allocations":339603,"memory_frees":324904,"next_gc_cycle":"6ms","num_gc":45,"stack_cache_in_use":6944,"stack_in_use":1081344,"stack_span_in_use":59584,"stack_system":1081344,"total_allocated":118333936}
2020-02-17T12:04:22.916+00:00 [Info] ServiceMgr::GetCurrentTopology rev: service.Revision(nil)
2020-02-17T12:04:22.916+00:00 [Info] ServiceMgr::GetTaskList rev: service.Revision(nil)
2020-02-17T12:04:22.917+00:00 [Info] ServiceMgr::GetCurrentTopology rev: service.Revision{0x0, 0x0, 0x0, 0x0, 0x0, 0x0, 0x0, 0x1}
2020-02-17T12:04:22.917+00:00 [Info] ServiceMgr::GetTaskList rev: service.Revision{0x0, 0x0, 0x0, 0x0, 0x0, 0x0, 0x0, 0x1}
2020-02-17T12:04:52.917+00:00 [Info] ServiceMgr::GetCurrentTopology rev: service.Revision(nil)
2020-02-17T12:04:52.918+00:00 [Info] ServiceMgr::GetTaskList rev: service.Revision(nil)
2020-02-17T12:04:52.918+00:00 [Info] ServiceMgr::GetCurrentTopology rev: service.Revision{0x0, 0x0, 0x0, 0x0, 0x0, 0x0, 0x0, 0x1}
2020-02-17T12:04:52.918+00:00 [Info] ServiceMgr::GetTaskList rev: service.Revision{0x0, 0x0, 0x0, 0x0, 0x0, 0x0, 0x0, 0x1}
2020-02-17T12:05:21.877+00:00 [Info] {"allocated":3309840,"heap_allocated":3309840,"heap_idle":3473408,"heap_in_use":4882432,"heap_objects":13074,"heap_os_related":0,"heap_system":8355840,"last_gc_cycle":"2020-02-17 12:05:18.698027085 +0000 UTC","memory_allocations":352398,"memory_frees":339324,"next_gc_cycle":"6ms","num_gc":47,"stack_cache_in_use":6944,"stack_in_use":1081344,"stack_span_in_use":59584,"stack_system":1081344,"total_allocated":122920552}
2020-02-17T12:05:22.918+00:00 [Info] ServiceMgr::GetCurrentTopology rev: service.Revision(nil)
2020-02-17T12:05:22.919+00:00 [Info] ServiceMgr::GetTaskList rev: service.Revision(nil)
2020-02-17T12:05:22.919+00:00 [Info] ServiceMgr::GetCurrentTopology rev: service.Revision{0x0, 0x0, 0x0, 0x0, 0x0, 0x0, 0x0, 0x1}
2020-02-17T12:05:22.919+00:00 [Info] ServiceMgr::GetTaskList rev: service.Revision{0x0, 0x0, 0x0, 0x0, 0x0, 0x0, 0x0, 0x1}
2020-02-17T12:05:52.919+00:00 [Info] ServiceMgr::GetCurrentTopology rev: service.Revision(nil)
2020-02-17T12:05:52.920+00:00 [Info] ServiceMgr::GetCurrentTopology rev: service.Revision{0x0, 0x0, 0x0, 0x0, 0x0, 0x0, 0x0, 0x1}
2020-02-17T12:05:52.920+00:00 [Info] ServiceMgr::GetTaskList rev: service.Revision(nil)
2020-02-17T12:05:52.921+00:00 [Info] ServiceMgr::GetTaskList rev: service.Revision{0x0, 0x0, 0x0, 0x0, 0x0, 0x0, 0x0, 0x1}
2020-02-17T12:06:21.877+00:00 [Info] {"allocated":5246936,"heap_allocated":5246936,"heap_idle":1835008,"heap_in_use":6520832,"heap_objects":17374,"heap_os_related":0,"heap_system":8355840,"last_gc_cycle":"2020-02-17 12:05:53.712919862 +0000 UTC","memory_allocations":365162,"memory_frees":347788,"next_gc_cycle":"6ms","num_gc":48,"stack_cache_in_use":6944,"stack_in_use":1081344,"stack_span_in_use":67336,"stack_system":1081344,"total_allocated":127497048}
2020-02-17T12:06:22.920+00:00 [Info] ServiceMgr::GetCurrentTopology rev: service.Revision(nil)
2020-02-17T12:06:22.921+00:00 [Info] ServiceMgr::GetCurrentTopology rev: service.Revision{0x0, 0x0, 0x0, 0x0, 0x0, 0x0, 0x0, 0x1}
2020-02-17T12:06:22.921+00:00 [Info] ServiceMgr::GetTaskList rev: service.Revision(nil)
2020-02-17T12:06:22.922+00:00 [Info] ServiceMgr::GetTaskList rev: service.Revision{0x0, 0x0, 0x0, 0x0, 0x0, 0x0, 0x0, 0x1}
2020-02-17T12:06:52.921+00:00 [Info] ServiceMgr::GetCurrentTopology rev: service.Revision(nil)
2020-02-17T12:06:52.922+00:00 [Info] ServiceMgr::GetTaskList rev: service.Revision(nil)
2020-02-17T12:06:52.922+00:00 [Info] ServiceMgr::GetCurrentTopology rev: service.Revision{0x0, 0x0, 0x0, 0x0, 0x0, 0x0, 0x0, 0x1}
2020-02-17T12:06:52.923+00:00 [Info] ServiceMgr::GetTaskList rev: service.Revision{0x0, 0x0, 0x0, 0x0, 0x0, 0x0, 0x0, 0x1}
2020-02-17T12:07:21.877+00:00 [Info] {"allocated":4532824,"heap_allocated":4532824,"heap_idle":2514944,"heap_in_use":5840896,"heap_objects":15983,"heap_os_related":0,"heap_system":8355840,"last_gc_cycle":"2020-02-17 12:07:03.744009275 +0000 UTC","memory_allocations":377963,"memory_frees":361980,"next_gc_cycle":"6ms","num_gc":50,"stack_cache_in_use":6944,"stack_in_use":1081344,"stack_span_in_use":63992,"stack_system":1081344,"total_allocated":132082832}
2020-02-17T12:07:22.922+00:00 [Info] ServiceMgr::GetCurrentTopology rev: service.Revision(nil)
2020-02-17T12:07:22.923+00:00 [Info] ServiceMgr::GetTaskList rev: service.Revision(nil)
2020-02-17T12:07:22.923+00:00 [Info] ServiceMgr::GetCurrentTopology rev: service.Revision{0x0, 0x0, 0x0, 0x0, 0x0, 0x0, 0x0, 0x1}
2020-02-17T12:07:22.924+00:00 [Info] ServiceMgr::GetTaskList rev: service.Revision{0x0, 0x0, 0x0, 0x0, 0x0, 0x0, 0x0, 0x1}
2020-02-17T12:07:52.923+00:00 [Info] ServiceMgr::GetCurrentTopology rev: service.Revision(nil)
2020-02-17T12:07:52.924+00:00 [Info] ServiceMgr::GetTaskList rev: service.Revision(nil)
2020-02-17T12:07:52.924+00:00 [Info] ServiceMgr::GetCurrentTopology rev: service.Revision{0x0, 0x0, 0x0, 0x0, 0x0, 0x0, 0x0, 0x1}
2020-02-17T12:07:52.925+00:00 [Info] ServiceMgr::GetTaskList rev: service.Revision{0x0, 0x0, 0x0, 0x0, 0x0, 0x0, 0x0, 0x1}
2020-02-17T12:08:21.877+00:00 [Info] {"allocated":3731080,"heap_allocated":3731080,"heap_idle":3227648,"heap_in_use":5128192,"heap_objects":13970,"heap_os_related":0,"heap_system":8355840,"last_gc_cycle":"2020-02-17 12:08:13.774079917 +0000 UTC","memory_allocations":390756,"memory_frees":376786,"next_gc_cycle":"6ms","num_gc":52,"stack_cache_in_use":6944,"stack_in_use":1081344,"stack_span_in_use":59584,"stack_system":1081344,"total_allocated":136666136}
2020-02-17T12:08:22.924+00:00 [Info] ServiceMgr::GetCurrentTopology rev: service.Revision(nil)
2020-02-17T12:08:22.925+00:00 [Info] ServiceMgr::GetTaskList rev: service.Revision(nil)
2020-02-17T12:08:22.925+00:00 [Info] ServiceMgr::GetCurrentTopology rev: service.Revision{0x0, 0x0, 0x0, 0x0, 0x0, 0x0, 0x0, 0x1}
2020-02-17T12:08:22.925+00:00 [Info] ServiceMgr::GetTaskList rev: service.Revision{0x0, 0x0, 0x0, 0x0, 0x0, 0x0, 0x0, 0x1}
2020-02-17T12:08:52.925+00:00 [Info] ServiceMgr::GetCurrentTopology rev: service.Revision(nil)
2020-02-17T12:08:52.926+00:00 [Info] ServiceMgr::GetTaskList rev: service.Revision(nil)
2020-02-17T12:08:52.926+00:00 [Info] ServiceMgr::GetCurrentTopology rev: service.Revision{0x0, 0x0, 0x0, 0x0, 0x0, 0x0, 0x0, 0x1}
2020-02-17T12:08:52.927+00:00 [Info] ServiceMgr::GetTaskList rev: service.Revision{0x0, 0x0, 0x0, 0x0, 0x0, 0x0, 0x0, 0x1}
2020-02-17T12:09:21.878+00:00 [Info] {"allocated":5548888,"heap_allocated":5548888,"heap_idle":1572864,"heap_in_use":6782976,"heap_objects":18312,"heap_os_related":0,"heap_system":8355840,"last_gc_cycle":"2020-02-17 12:08:48.79103948 +0000 UTC","memory_allocations":403523,"memory_frees":385211,"next_gc_cycle":"6ms","num_gc":53,"stack_cache_in_use":6944,"stack_in_use":1081344,"stack_span_in_use":69312,"stack_system":1081344,"total_allocated":141241928}
2020-02-17T12:09:22.926+00:00 [Info] ServiceMgr::GetCurrentTopology rev: service.Revision(nil)
2020-02-17T12:09:22.927+00:00 [Info] ServiceMgr::GetTaskList rev: service.Revision(nil)
2020-02-17T12:09:22.927+00:00 [Info] ServiceMgr::GetCurrentTopology rev: service.Revision{0x0, 0x0, 0x0, 0x0, 0x0, 0x0, 0x0, 0x1}
2020-02-17T12:09:22.928+00:00 [Info] ServiceMgr::GetTaskList rev: service.Revision{0x0, 0x0, 0x0, 0x0, 0x0, 0x0, 0x0, 0x1}
2020-02-17T12:09:52.927+00:00 [Info] ServiceMgr::GetCurrentTopology rev: service.Revision(nil)
2020-02-17T12:09:52.928+00:00 [Info] ServiceMgr::GetCurrentTopology rev: service.Revision{0x0, 0x0, 0x0, 0x0, 0x0, 0x0, 0x0, 0x1}
2020-02-17T12:09:52.928+00:00 [Info] ServiceMgr::GetTaskList rev: service.Revision(nil)
2020-02-17T12:09:52.929+00:00 [Info] ServiceMgr::GetTaskList rev: service.Revision{0x0, 0x0, 0x0, 0x0, 0x0, 0x0, 0x0, 0x1}
2020-02-17T12:10:21.877+00:00 [Info] {"allocated":4929904,"heap_allocated":4929904,"heap_idle":2113536,"heap_in_use":6242304,"heap_objects":17022,"heap_os_related":0,"heap_system":8355840,"last_gc_cycle":"2020-02-17 12:09:58.824831342 +0000 UTC","memory_allocations":416317,"memory_frees":399295,"next_gc_cycle":"6ms","num_gc":55,"stack_cache_in_use":6944,"stack_in_use":1081344,"stack_span_in_use":65816,"stack_system":1081344,"total_allocated":145824096}
2020-02-17T12:10:22.928+00:00 [Info] ServiceMgr::GetCurrentTopology rev: service.Revision(nil)
2020-02-17T12:10:22.929+00:00 [Info] ServiceMgr::GetTaskList rev: service.Revision(nil)
2020-02-17T12:10:22.930+00:00 [Info] ServiceMgr::GetCurrentTopology rev: service.Revision{0x0, 0x0, 0x0, 0x0, 0x0, 0x0, 0x0, 0x1}
2020-02-17T12:10:22.930+00:00 [Info] ServiceMgr::GetTaskList rev: service.Revision{0x0, 0x0, 0x0, 0x0, 0x0, 0x0, 0x0, 0x1}
2020-02-17T12:10:52.930+00:00 [Info] ServiceMgr::GetCurrentTopology rev: service.Revision(nil)
2020-02-17T12:10:52.931+00:00 [Info] ServiceMgr::GetTaskList rev: service.Revision(nil)
2020-02-17T12:10:52.931+00:00 [Info] ServiceMgr::GetCurrentTopology rev: service.Revision{0x0, 0x0, 0x0, 0x0, 0x0, 0x0, 0x0, 0x1}
2020-02-17T12:10:52.931+00:00 [Info] ServiceMgr::GetTaskList rev: service.Revision{0x0, 0x0, 0x0, 0x0, 0x0, 0x0, 0x0, 0x1}
2020-02-17T12:11:21.877+00:00 [Info] {"allocated":4116424,"heap_allocated":4116424,"heap_idle":2891776,"heap_in_use":5464064,"heap_objects":14875,"heap_os_related":0,"heap_system":8355840,"last_gc_cycle":"2020-02-17 12:11:08.857336124 +0000 UTC","memory_allocations":429133,"memory_frees":414258,"next_gc_cycle":"6ms","num_gc":57,"stack_cache_in_use":6944,"stack_in_use":1081344,"stack_span_in_use":60952,"stack_system":1081344,"total_allocated":150413720}
2020-02-17T12:11:22.932+00:00 [Info] ServiceMgr::GetTaskList rev: service.Revision(nil)
2020-02-17T12:11:22.932+00:00 [Info] ServiceMgr::GetCurrentTopology rev: service.Revision(nil)
2020-02-17T12:11:22.933+00:00 [Info] ServiceMgr::GetTaskList rev: service.Revision{0x0, 0x0, 0x0, 0x0, 0x0, 0x0, 0x0, 0x1}
2020-02-17T12:11:22.934+00:00 [Info] ServiceMgr::GetCurrentTopology rev: service.Revision{0x0, 0x0, 0x0, 0x0, 0x0, 0x0, 0x0, 0x1}
2020-02-17T12:11:52.933+00:00 [Info] ServiceMgr::GetTaskList rev: service.Revision(nil)
2020-02-17T12:11:52.934+00:00 [Info] ServiceMgr::GetCurrentTopology rev: service.Revision(nil)
2020-02-17T12:11:52.934+00:00 [Info] ServiceMgr::GetTaskList rev: service.Revision{0x0, 0x0, 0x0, 0x0, 0x0, 0x0, 0x0, 0x1}
2020-02-17T12:11:52.934+00:00 [Info] ServiceMgr::GetCurrentTopology rev: service.Revision{0x0, 0x0, 0x0, 0x0, 0x0, 0x0, 0x0, 0x1}
2020-02-17T12:12:21.877+00:00 [Info] {"allocated":3379368,"heap_allocated":3379368,"heap_idle":3416064,"heap_in_use":4939776,"heap_objects":13301,"heap_os_related":0,"heap_system":8355840,"last_gc_cycle":"2020-02-17 12:12:18.906224166 +0000 UTC","memory_allocations":441934,"memory_frees":428633,"next_gc_cycle":"6ms","num_gc":59,"stack_cache_in_use":6944,"stack_in_use":1081344,"stack_span_in_use":60800,"stack_system":1081344,"total_allocated":154998208}
2020-02-17T12:12:22.934+00:00 [Info] ServiceMgr::GetTaskList rev: service.Revision(nil)
2020-02-17T12:12:22.935+00:00 [Info] ServiceMgr::GetCurrentTopology rev: service.Revision(nil)
2020-02-17T12:12:22.935+00:00 [Info] ServiceMgr::GetTaskList rev: service.Revision{0x0, 0x0, 0x0, 0x0, 0x0, 0x0, 0x0, 0x1}
2020-02-17T12:12:22.935+00:00 [Info] ServiceMgr::GetCurrentTopology rev: service.Revision{0x0, 0x0, 0x0, 0x0, 0x0, 0x0, 0x0, 0x1}
2020-02-17T12:12:52.935+00:00 [Info] ServiceMgr::GetTaskList rev: service.Revision(nil)
2020-02-17T12:12:52.935+00:00 [Info] ServiceMgr::GetCurrentTopology rev: service.Revision(nil)
2020-02-17T12:12:52.937+00:00 [Info] ServiceMgr::GetTaskList rev: service.Revision{0x0, 0x0, 0x0, 0x0, 0x0, 0x0, 0x0, 0x1}
2020-02-17T12:12:52.938+00:00 [Info] ServiceMgr::GetCurrentTopology rev: service.Revision{0x0, 0x0, 0x0, 0x0, 0x0, 0x0, 0x0, 0x1}
2020-02-17T12:13:21.877+00:00 [Info] {"allocated":5081000,"heap_allocated":5081000,"heap_idle":1949696,"heap_in_use":6373376,"heap_objects":17331,"heap_os_related":0,"heap_system":8323072,"last_gc_cycle":"2020-02-17 12:12:53.921368035 +0000 UTC","memory_allocations":454693,"memory_frees":437362,"next_gc_cycle":"6ms","num_gc":60,"stack_cache_in_use":6944,"stack_in_use":1114112,"stack_span_in_use":66728,"stack_system":1114112,"total_allocated":159572384}
2020-02-17T12:13:22.938+00:00 [Info] ServiceMgr::GetTaskList rev: service.Revision(nil)
2020-02-17T12:13:22.938+00:00 [Info] ServiceMgr::GetCurrentTopology rev: service.Revision(nil)
2020-02-17T12:13:22.939+00:00 [Info] ServiceMgr::GetTaskList rev: service.Revision{0x0, 0x0, 0x0, 0x0, 0x0, 0x0, 0x0, 0x1}
2020-02-17T12:13:22.939+00:00 [Info] ServiceMgr::GetCurrentTopology rev: service.Revision{0x0, 0x0, 0x0, 0x0, 0x0, 0x0, 0x0, 0x1}
2020-02-17T12:13:52.939+00:00 [Info] ServiceMgr::GetTaskList rev: service.Revision(nil)
2020-02-17T12:13:52.939+00:00 [Info] ServiceMgr::GetCurrentTopology rev: service.Revision(nil)
2020-02-17T12:13:52.940+00:00 [Info] ServiceMgr::GetTaskList rev: service.Revision{0x0, 0x0, 0x0, 0x0, 0x0, 0x0, 0x0, 0x1}
2020-02-17T12:13:52.940+00:00 [Info] ServiceMgr::GetCurrentTopology rev: service.Revision{0x0, 0x0, 0x0, 0x0, 0x0, 0x0, 0x0, 0x1}
2020-02-17T12:14:21.877+00:00 [Info] {"allocated":4408216,"heap_allocated":4408216,"heap_idle":2588672,"heap_in_use":5734400,"heap_objects":15659,"heap_os_related":0,"heap_system":8323072,"last_gc_cycle":"2020-02-17 12:14:03.956181004 +0000 UTC","memory_allocations":467493,"memory_frees":451834,"next_gc_cycle":"6ms","num_gc":62,"stack_cache_in_use":6944,"stack_in_use":1114112,"stack_span_in_use":62320,"stack_system":1114112,"total_allocated":164157016}
2020-02-17T12:14:22.940+00:00 [Info] ServiceMgr::GetTaskList rev: service.Revision(nil)
2020-02-17T12:14:22.940+00:00 [Info] ServiceMgr::GetCurrentTopology rev: service.Revision(nil)
2020-02-17T12:14:22.942+00:00 [Info] ServiceMgr::GetTaskList rev: service.Revision{0x0, 0x0, 0x0, 0x0, 0x0, 0x0, 0x0, 0x1}
2020-02-17T12:14:22.942+00:00 [Info] ServiceMgr::GetCurrentTopology rev: service.Revision{0x0, 0x0, 0x0, 0x0, 0x0, 0x0, 0x0, 0x1}
2020-02-17T12:14:52.942+00:00 [Info] ServiceMgr::GetTaskList rev: service.Revision(nil)
2020-02-17T12:14:52.942+00:00 [Info] ServiceMgr::GetCurrentTopology rev: service.Revision(nil)
2020-02-17T12:14:52.943+00:00 [Info] ServiceMgr::GetTaskList rev: service.Revision{0x0, 0x0, 0x0, 0x0, 0x0, 0x0, 0x0, 0x1}
2020-02-17T12:14:52.943+00:00 [Info] ServiceMgr::GetCurrentTopology rev: service.Revision{0x0, 0x0, 0x0, 0x0, 0x0, 0x0, 0x0, 0x1}
2020-02-17T12:15:21.878+00:00 [Info] {"allocated":3735544,"heap_allocated":3735544,"heap_idle":3137536,"heap_in_use":5185536,"heap_objects":14001,"heap_os_related":0,"heap_system":8323072,"last_gc_cycle":"2020-02-17 12:15:13.985872215 +0000 UTC","memory_allocations":480303,"memory_frees":466302,"next_gc_cycle":"6ms","num_gc":64,"stack_cache_in_use":6944,"stack_in_use":1114112,"stack_span_in_use":61408,"stack_system":1114112,"total_allocated":168745392}
2020-02-17T12:15:22.943+00:00 [Info] ServiceMgr::GetTaskList rev: service.Revision(nil)
2020-02-17T12:15:22.943+00:00 [Info] ServiceMgr::GetCurrentTopology rev: service.Revision(nil)
2020-02-17T12:15:22.944+00:00 [Info] ServiceMgr::GetTaskList rev: service.Revision{0x0, 0x0, 0x0, 0x0, 0x0, 0x0, 0x0, 0x1}
2020-02-17T12:15:22.944+00:00 [Info] ServiceMgr::GetCurrentTopology rev: service.Revision{0x0, 0x0, 0x0, 0x0, 0x0, 0x0, 0x0, 0x1}
2020-02-17T12:15:52.944+00:00 [Info] ServiceMgr::GetTaskList rev: service.Revision(nil)
2020-02-17T12:15:52.945+00:00 [Info] ServiceMgr::GetCurrentTopology rev: service.Revision(nil)
2020-02-17T12:15:52.946+00:00 [Info] ServiceMgr::GetTaskList rev: service.Revision{0x0, 0x0, 0x0, 0x0, 0x0, 0x0, 0x0, 0x1}
2020-02-17T12:15:52.947+00:00 [Info] ServiceMgr::GetCurrentTopology rev: service.Revision{0x0, 0x0, 0x0, 0x0, 0x0, 0x0, 0x0, 0x1}
2020-02-17T12:16:21.877+00:00 [Info] {"allocated":5552840,"heap_allocated":5552840,"heap_idle":1556480,"heap_in_use":6766592,"heap_objects":18339,"heap_os_related":0,"heap_system":8323072,"last_gc_cycle":"2020-02-17 12:15:49.006060099 +0000 UTC","memory_allocations":493066,"memory_frees":474727,"next_gc_cycle":"6ms","num_gc":65,"stack_cache_in_use":6944,"stack_in_use":1114112,"stack_span_in_use":69616,"stack_system":1114112,"total_allocated":173320432}
2020-02-17T12:16:22.947+00:00 [Info] ServiceMgr::GetTaskList rev: service.Revision(nil)
2020-02-17T12:16:22.947+00:00 [Info] ServiceMgr::GetCurrentTopology rev: service.Revision(nil)
2020-02-17T12:16:22.948+00:00 [Info] ServiceMgr::GetTaskList rev: service.Revision{0x0, 0x0, 0x0, 0x0, 0x0, 0x0, 0x0, 0x1}
2020-02-17T12:16:22.949+00:00 [Info] ServiceMgr::GetCurrentTopology rev: service.Revision{0x0, 0x0, 0x0, 0x0, 0x0, 0x0, 0x0, 0x1}
2020-02-17T12:16:52.948+00:00 [Info] ServiceMgr::GetTaskList rev: service.Revision(nil)
2020-02-17T12:16:52.949+00:00 [Info] ServiceMgr::GetCurrentTopology rev: service.Revision(nil)
2020-02-17T12:16:52.949+00:00 [Info] ServiceMgr::GetTaskList rev: service.Revision{0x0, 0x0, 0x0, 0x0, 0x0, 0x0, 0x0, 0x1}
2020-02-17T12:16:52.950+00:00 [Info] ServiceMgr::GetCurrentTopology rev: service.Revision{0x0, 0x0, 0x0, 0x0, 0x0, 0x0, 0x0, 0x1}
2020-02-17T12:17:21.877+00:00 [Info] {"allocated":4833136,"heap_allocated":4833136,"heap_idle":2162688,"heap_in_use":6160384,"heap_objects":16575,"heap_os_related":0,"heap_system":8323072,"last_gc_cycle":"2020-02-17 12:16:59.047414327 +0000 UTC","memory_allocations":505852,"memory_frees":489277,"next_gc_cycle":"6ms","num_gc":67,"stack_cache_in_use":6944,"stack_in_use":1114112,"stack_span_in_use":64600,"stack_system":1114112,"total_allocated":177902760}
2020-02-17T12:17:22.950+00:00 [Info] ServiceMgr::GetTaskList rev: service.Revision(nil)
2020-02-17T12:17:22.950+00:00 [Info] ServiceMgr::GetCurrentTopology rev: service.Revision(nil)
2020-02-17T12:17:22.951+00:00 [Info] ServiceMgr::GetTaskList rev: service.Revision{0x0, 0x0, 0x0, 0x0, 0x0, 0x0, 0x0, 0x1}
2020-02-17T12:17:22.951+00:00 [Info] ServiceMgr::GetCurrentTopology rev: service.Revision{0x0, 0x0, 0x0, 0x0, 0x0, 0x0, 0x0, 0x1}
2020-02-17T12:17:52.951+00:00 [Info] ServiceMgr::GetTaskList rev: service.Revision(nil)
2020-02-17T12:17:52.952+00:00 [Info] ServiceMgr::GetCurrentTopology rev: service.Revision(nil)
2020-02-17T12:17:52.952+00:00 [Info] ServiceMgr::GetTaskList rev: service.Revision{0x0, 0x0, 0x0, 0x0, 0x0, 0x0, 0x0, 0x1}
2020-02-17T12:17:52.953+00:00 [Info] ServiceMgr::GetCurrentTopology rev: service.Revision{0x0, 0x0, 0x0, 0x0, 0x0, 0x0, 0x0, 0x1}
2020-02-17T12:18:21.878+00:00 [Info] {"allocated":4149776,"heap_allocated":4149776,"heap_idle":2834432,"heap_in_use":5488640,"heap_objects":15117,"heap_os_related":0,"heap_system":8323072,"last_gc_cycle":"2020-02-17 12:18:09.082575019 +0000 UTC","memory_allocations":518647,"memory_frees":503530,"next_gc_cycle":"6ms","num_gc":69,"stack_cache_in_use":6944,"stack_in_use":1114112,"stack_span_in_use":61864,"stack_system":1114112,"total_allocated":182486064}
2020-02-17T12:18:22.953+00:00 [Info] ServiceMgr::GetTaskList rev: service.Revision(nil)
2020-02-17T12:18:22.953+00:00 [Info] ServiceMgr::GetCurrentTopology rev: service.Revision(nil)
2020-02-17T12:18:22.954+00:00 [Info] ServiceMgr::GetTaskList rev: service.Revision{0x0, 0x0, 0x0, 0x0, 0x0, 0x0, 0x0, 0x1}
2020-02-17T12:18:22.954+00:00 [Info] ServiceMgr::GetCurrentTopology rev: service.Revision{0x0, 0x0, 0x0, 0x0, 0x0, 0x0, 0x0, 0x1}
2020-02-17T12:18:52.954+00:00 [Info] ServiceMgr::GetTaskList rev: service.Revision(nil)
2020-02-17T12:18:52.954+00:00 [Info] ServiceMgr::GetCurrentTopology rev: service.Revision(nil)
2020-02-17T12:18:52.955+00:00 [Info] ServiceMgr::GetTaskList rev: service.Revision{0x0, 0x0, 0x0, 0x0, 0x0, 0x0, 0x0, 0x1}
2020-02-17T12:18:52.955+00:00 [Info] ServiceMgr::GetCurrentTopology rev: service.Revision{0x0, 0x0, 0x0, 0x0, 0x0, 0x0, 0x0, 0x1}
2020-02-17T12:19:21.877+00:00 [Info] {"allocated":3316480,"heap_allocated":3316480,"heap_idle":3465216,"heap_in_use":4857856,"heap_objects":13167,"heap_os_related":0,"heap_system":8323072,"last_gc_cycle":"2020-02-17 12:19:19.11723475 +0000 UTC","memory_allocations":531429,"memory_frees":518262,"next_gc_cycle":"6ms","num_gc":71,"stack_cache_in_use":6944,"stack_in_use":1114112,"stack_span_in_use":60192,"stack_system":1114112,"total_allocated":187066392}
2020-02-17T12:19:22.955+00:00 [Info] ServiceMgr::GetTaskList rev: service.Revision(nil)
2020-02-17T12:19:22.955+00:00 [Info] ServiceMgr::GetCurrentTopology rev: service.Revision(nil)
2020-02-17T12:19:22.956+00:00 [Info] ServiceMgr::GetTaskList rev: service.Revision{0x0, 0x0, 0x0, 0x0, 0x0, 0x0, 0x0, 0x1}
2020-02-17T12:19:22.957+00:00 [Info] ServiceMgr::GetCurrentTopology rev: service.Revision{0x0, 0x0, 0x0, 0x0, 0x0, 0x0, 0x0, 0x1}
2020-02-17T12:19:52.956+00:00 [Info] ServiceMgr::GetTaskList rev: service.Revision(nil)
2020-02-17T12:19:52.957+00:00 [Info] ServiceMgr::GetTaskList rev: service.Revision{0x0, 0x0, 0x0, 0x0, 0x0, 0x0, 0x0, 0x1}
2020-02-17T12:19:52.957+00:00 [Info] ServiceMgr::GetCurrentTopology rev: service.Revision(nil)
2020-02-17T12:19:52.958+00:00 [Info] ServiceMgr::GetCurrentTopology rev: service.Revision{0x0, 0x0, 0x0, 0x0, 0x0, 0x0, 0x0, 0x1}
2020-02-17T12:20:21.877+00:00 [Info] {"allocated":5130064,"heap_allocated":5130064,"heap_idle":1925120,"heap_in_use":6397952,"heap_objects":17417,"heap_os_related":0,"heap_system":8323072,"last_gc_cycle":"2020-02-17 12:19:54.132698621 +0000 UTC","memory_allocations":544186,"memory_frees":526769,"next_gc_cycle":"6ms","num_gc":72,"stack_cache_in_use":6944,"stack_in_use":1114112,"stack_span_in_use":66424,"stack_system":1114112,"total_allocated":191642504}
2020-02-17T12:20:22.957+00:00 [Info] ServiceMgr::GetTaskList rev: service.Revision(nil)
2020-02-17T12:20:22.958+00:00 [Info] ServiceMgr::GetCurrentTopology rev: service.Revision(nil)
2020-02-17T12:20:22.958+00:00 [Info] ServiceMgr::GetTaskList rev: service.Revision{0x0, 0x0, 0x0, 0x0, 0x0, 0x0, 0x0, 0x1}
2020-02-17T12:20:22.959+00:00 [Info] ServiceMgr::GetCurrentTopology rev: service.Revision{0x0, 0x0, 0x0, 0x0, 0x0, 0x0, 0x0, 0x1}
2020-02-17T12:20:52.958+00:00 [Info] ServiceMgr::GetTaskList rev: service.Revision(nil)
2020-02-17T12:20:52.959+00:00 [Info] ServiceMgr::GetTaskList rev: service.Revision{0x0, 0x0, 0x0, 0x0, 0x0, 0x0, 0x0, 0x1}
2020-02-17T12:20:52.960+00:00 [Info] ServiceMgr::GetCurrentTopology rev: service.Revision(nil)
2020-02-17T12:20:52.961+00:00 [Info] ServiceMgr::GetCurrentTopology rev: service.Revision{0x0, 0x0, 0x0, 0x0, 0x0, 0x0, 0x0, 0x1}
2020-02-17T12:21:21.877+00:00 [Info] {"allocated":4530752,"heap_allocated":4530752,"heap_idle":2433024,"heap_in_use":5890048,"heap_objects":15999,"heap_os_related":0,"heap_system":8323072,"last_gc_cycle":"2020-02-17 12:21:04.161238364 +0000 UTC","memory_allocations":556986,"memory_frees":540987,"next_gc_cycle":"6ms","num_gc":74,"stack_cache_in_use":6944,"stack_in_use":1114112,"stack_span_in_use":64296,"stack_system":1114112,"total_allocated":196228240}
2020-02-17T12:21:22.959+00:00 [Info] ServiceMgr::GetTaskList rev: service.Revision(nil)
2020-02-17T12:21:22.960+00:00 [Info] ServiceMgr::GetTaskList rev: service.Revision{0x0, 0x0, 0x0, 0x0, 0x0, 0x0, 0x0, 0x1}
2020-02-17T12:21:22.961+00:00 [Info] ServiceMgr::GetCurrentTopology rev: service.Revision(nil)
2020-02-17T12:21:22.962+00:00 [Info] ServiceMgr::GetCurrentTopology rev: service.Revision{0x0, 0x0, 0x0, 0x0, 0x0, 0x0, 0x0, 0x1}
2020-02-17T12:21:52.961+00:00 [Info] ServiceMgr::GetTaskList rev: service.Revision(nil)
2020-02-17T12:21:52.961+00:00 [Info] ServiceMgr::GetTaskList rev: service.Revision{0x0, 0x0, 0x0, 0x0, 0x0, 0x0, 0x0, 0x1}
2020-02-17T12:21:52.962+00:00 [Info] ServiceMgr::GetCurrentTopology rev: service.Revision(nil)
2020-02-17T12:21:52.963+00:00 [Info] ServiceMgr::GetCurrentTopology rev: service.Revision{0x0, 0x0, 0x0, 0x0, 0x0, 0x0, 0x0, 0x1}
2020-02-17T12:22:21.878+00:00 [Info] {"allocated":3658296,"heap_allocated":3658296,"heap_idle":3235840,"heap_in_use":5087232,"heap_objects":14043,"heap_os_related":0,"heap_system":8323072,"last_gc_cycle":"2020-02-17 12:22:14.191553051 +0000 UTC","memory_allocations":569786,"memory_frees":555743,"next_gc_cycle":"6ms","num_gc":76,"stack_cache_in_use":6944,"stack_in_use":1114112,"stack_span_in_use":60040,"stack_system":1114112,"total_allocated":200813848}
2020-02-17T12:22:22.961+00:00 [Info] ServiceMgr::GetTaskList rev: service.Revision(nil)
2020-02-17T12:22:22.962+00:00 [Info] ServiceMgr::GetTaskList rev: service.Revision{0x0, 0x0, 0x0, 0x0, 0x0, 0x0, 0x0, 0x1}
2020-02-17T12:22:22.963+00:00 [Info] ServiceMgr::GetCurrentTopology rev: service.Revision(nil)
2020-02-17T12:22:22.964+00:00 [Info] ServiceMgr::GetCurrentTopology rev: service.Revision{0x0, 0x0, 0x0, 0x0, 0x0, 0x0, 0x0, 0x1}
2020-02-17T12:22:52.963+00:00 [Info] ServiceMgr::GetTaskList rev: service.Revision(nil)
2020-02-17T12:22:52.964+00:00 [Info] ServiceMgr::GetTaskList rev: service.Revision{0x0, 0x0, 0x0, 0x0, 0x0, 0x0, 0x0, 0x1}
2020-02-17T12:22:52.965+00:00 [Info] ServiceMgr::GetCurrentTopology rev: service.Revision(nil)
2020-02-17T12:22:52.965+00:00 [Info] ServiceMgr::GetCurrentTopology rev: service.Revision{0x0, 0x0, 0x0, 0x0, 0x0, 0x0, 0x0, 0x1}
2020-02-17T12:23:21.877+00:00 [Info] {"allocated":5559608,"heap_allocated":5559608,"heap_idle":1458176,"heap_in_use":6864896,"heap_objects":18416,"heap_os_related":0,"heap_system":8323072,"last_gc_cycle":"2020-02-17 12:22:49.206574358 +0000 UTC","memory_allocations":582545,"memory_frees":564129,"next_gc_cycle":"6ms","num_gc":77,"stack_cache_in_use":6944,"stack_in_use":1114112,"stack_span_in_use":71288,"stack_system":1114112,"total_allocated":205388984}
2020-02-17T12:23:22.965+00:00 [Info] ServiceMgr::GetTaskList rev: service.Revision(nil)
2020-02-17T12:23:22.966+00:00 [Info] ServiceMgr::GetTaskList rev: service.Revision{0x0, 0x0, 0x0, 0x0, 0x0, 0x0, 0x0, 0x1}
2020-02-17T12:23:22.966+00:00 [Info] ServiceMgr::GetCurrentTopology rev: service.Revision(nil)
2020-02-17T12:23:22.967+00:00 [Info] ServiceMgr::GetCurrentTopology rev: service.Revision{0x0, 0x0, 0x0, 0x0, 0x0, 0x0, 0x0, 0x1}
2020-02-17T12:23:52.966+00:00 [Info] ServiceMgr::GetTaskList rev: service.Revision(nil)
2020-02-17T12:23:52.967+00:00 [Info] ServiceMgr::GetTaskList rev: service.Revision{0x0, 0x0, 0x0, 0x0, 0x0, 0x0, 0x0, 0x1}
2020-02-17T12:23:52.967+00:00 [Info] ServiceMgr::GetCurrentTopology rev: service.Revision(nil)
2020-02-17T12:23:52.968+00:00 [Info] ServiceMgr::GetCurrentTopology rev: service.Revision{0x0, 0x0, 0x0, 0x0, 0x0, 0x0, 0x0, 0x1}
2020-02-17T12:24:21.877+00:00 [Info] {"allocated":4943232,"heap_allocated":4943232,"heap_idle":2056192,"heap_in_use":6266880,"heap_objects":17118,"heap_os_related":0,"heap_system":8323072,"last_gc_cycle":"2020-02-17 12:23:59.237550711 +0000 UTC","memory_allocations":595336,"memory_frees":578218,"next_gc_cycle":"6ms","num_gc":79,"stack_cache_in_use":6944,"stack_in_use":1114112,"stack_span_in_use":66272,"stack_system":1114112,"total_allocated":209973392}
2020-02-17T12:24:22.967+00:00 [Info] ServiceMgr::GetTaskList rev: service.Revision(nil)
2020-02-17T12:24:22.968+00:00 [Info] ServiceMgr::GetCurrentTopology rev: service.Revision(nil)
2020-02-17T12:24:22.968+00:00 [Info] ServiceMgr::GetTaskList rev: service.Revision{0x0, 0x0, 0x0, 0x0, 0x0, 0x0, 0x0, 0x1}
2020-02-17T12:24:22.969+00:00 [Info] ServiceMgr::GetCurrentTopology rev: service.Revision{0x0, 0x0, 0x0, 0x0, 0x0, 0x0, 0x0, 0x1}
2020-02-17T12:24:52.968+00:00 [Info] ServiceMgr::GetTaskList rev: service.Revision(nil)
2020-02-17T12:24:52.969+00:00 [Info] ServiceMgr::GetCurrentTopology rev: service.Revision(nil)
2020-02-17T12:24:52.969+00:00 [Info] ServiceMgr::GetTaskList rev: service.Revision{0x0, 0x0, 0x0, 0x0, 0x0, 0x0, 0x0, 0x1}
2020-02-17T12:24:52.970+00:00 [Info] ServiceMgr::GetCurrentTopology rev: service.Revision{0x0, 0x0, 0x0, 0x0, 0x0, 0x0, 0x0, 0x1}
2020-02-17T12:25:21.877+00:00 [Info] {"allocated":4171616,"heap_allocated":4171616,"heap_idle":2834432,"heap_in_use":5488640,"heap_objects":15293,"heap_os_related":0,"heap_system":8323072,"last_gc_cycle":"2020-02-17 12:25:09.271834949 +0000 UTC","memory_allocations":608125,"memory_frees":592832,"next_gc_cycle":"6ms","num_gc":81,"stack_cache_in_use":6944,"stack_in_use":1114112,"stack_span_in_use":61104,"stack_system":1114112,"total_allocated":214556184}
2020-02-17T12:25:22.970+00:00 [Info] ServiceMgr::GetTaskList rev: service.Revision(nil)
2020-02-17T12:25:22.970+00:00 [Info] ServiceMgr::GetCurrentTopology rev: service.Revision(nil)
2020-02-17T12:25:22.970+00:00 [Info] ServiceMgr::GetTaskList rev: service.Revision{0x0, 0x0, 0x0, 0x0, 0x0, 0x0, 0x0, 0x1}
2020-02-17T12:25:22.971+00:00 [Info] ServiceMgr::GetCurrentTopology rev: service.Revision{0x0, 0x0, 0x0, 0x0, 0x0, 0x0, 0x0, 0x1}
2020-02-17T12:25:52.971+00:00 [Info] ServiceMgr::GetTaskList rev: service.Revision(nil)
2020-02-17T12:25:52.971+00:00 [Info] ServiceMgr::GetTaskList rev: service.Revision{0x0, 0x0, 0x0, 0x0, 0x0, 0x0, 0x0, 0x1}
2020-02-17T12:25:52.972+00:00 [Info] ServiceMgr::GetCurrentTopology rev: service.Revision(nil)
2020-02-17T12:25:52.973+00:00 [Info] ServiceMgr::GetCurrentTopology rev: service.Revision{0x0, 0x0, 0x0, 0x0, 0x0, 0x0, 0x0, 0x1}
2020-02-17T12:26:21.878+00:00 [Info] {"allocated":3239040,"heap_allocated":3239040,"heap_idle":3555328,"heap_in_use":4767744,"heap_objects":13187,"heap_os_related":0,"heap_system":8323072,"last_gc_cycle":"2020-02-17 12:26:19.305811629 +0000 UTC","memory_allocations":620915,"memory_frees":607728,"next_gc_cycle":"6ms","num_gc":83,"stack_cache_in_use":6944,"stack_in_use":1114112,"stack_span_in_use":58672,"stack_system":1114112,"total_allocated":219138816}
2020-02-17T12:26:22.972+00:00 [Info] ServiceMgr::GetTaskList rev: service.Revision(nil)
2020-02-17T12:26:22.973+00:00 [Info] ServiceMgr::GetTaskList rev: service.Revision{0x0, 0x0, 0x0, 0x0, 0x0, 0x0, 0x0, 0x1}
2020-02-17T12:26:22.973+00:00 [Info] ServiceMgr::GetCurrentTopology rev: service.Revision(nil)
2020-02-17T12:26:22.974+00:00 [Info] ServiceMgr::GetCurrentTopology rev: service.Revision{0x0, 0x0, 0x0, 0x0, 0x0, 0x0, 0x0, 0x1}
2020-02-17T12:26:52.973+00:00 [Info] ServiceMgr::GetTaskList rev: service.Revision(nil)
2020-02-17T12:26:52.974+00:00 [Info] ServiceMgr::GetTaskList rev: service.Revision{0x0, 0x0, 0x0, 0x0, 0x0, 0x0, 0x0, 0x1}
2020-02-17T12:26:52.975+00:00 [Info] ServiceMgr::GetCurrentTopology rev: service.Revision(nil)
2020-02-17T12:26:52.975+00:00 [Info] ServiceMgr::GetCurrentTopology rev: service.Revision{0x0, 0x0, 0x0, 0x0, 0x0, 0x0, 0x0, 0x1}
2020-02-17T12:27:21.877+00:00 [Info] {"allocated":5218752,"heap_allocated":5218752,"heap_idle":1785856,"heap_in_use":6537216,"heap_objects":17511,"heap_os_related":0,"heap_system":8323072,"last_gc_cycle":"2020-02-17 12:26:54.321756575 +0000 UTC","memory_allocations":633680,"memory_frees":616169,"next_gc_cycle":"6ms","num_gc":84,"stack_cache_in_use":6944,"stack_in_use":1114112,"stack_span_in_use":68096,"stack_system":1114112,"total_allocated":223715488}
2020-02-17T12:27:22.974+00:00 [Info] ServiceMgr::GetTaskList rev: service.Revision(nil)
2020-02-17T12:27:22.975+00:00 [Info] ServiceMgr::GetTaskList rev: service.Revision{0x0, 0x0, 0x0, 0x0, 0x0, 0x0, 0x0, 0x1}
2020-02-17T12:27:22.976+00:00 [Info] ServiceMgr::GetCurrentTopology rev: service.Revision(nil)
2020-02-17T12:27:22.976+00:00 [Info] ServiceMgr::GetCurrentTopology rev: service.Revision{0x0, 0x0, 0x0, 0x0, 0x0, 0x0, 0x0, 0x1}
2020-02-17T12:27:52.975+00:00 [Info] ServiceMgr::GetTaskList rev: service.Revision(nil)
2020-02-17T12:27:52.976+00:00 [Info] ServiceMgr::GetTaskList rev: service.Revision{0x0, 0x0, 0x0, 0x0, 0x0, 0x0, 0x0, 0x1}
2020-02-17T12:27:52.977+00:00 [Info] ServiceMgr::GetCurrentTopology rev: service.Revision(nil)
2020-02-17T12:27:52.977+00:00 [Info] ServiceMgr::GetCurrentTopology rev: service.Revision{0x0, 0x0, 0x0, 0x0, 0x0, 0x0, 0x0, 0x1}
2020-02-17T12:28:21.878+00:00 [Info] {"allocated":4535008,"heap_allocated":4535008,"heap_idle":2482176,"heap_in_use":5840896,"heap_objects":16048,"heap_os_related":0,"heap_system":8323072,"last_gc_cycle":"2020-02-17 12:28:04.354225071 +0000 UTC","memory_allocations":646472,"memory_frees":630424,"next_gc_cycle":"6ms","num_gc":86,"stack_cache_in_use":6944,"stack_in_use":1114112,"stack_span_in_use":62624,"stack_system":1114112,"total_allocated":228298936}
2020-02-17T12:28:22.976+00:00 [Info] ServiceMgr::GetTaskList rev: service.Revision(nil)
2020-02-17T12:28:22.977+00:00 [Info] ServiceMgr::GetTaskList rev: service.Revision{0x0, 0x0, 0x0, 0x0, 0x0, 0x0, 0x0, 0x1}
2020-02-17T12:28:22.977+00:00 [Info] ServiceMgr::GetCurrentTopology rev: service.Revision(nil)
2020-02-17T12:28:22.978+00:00 [Info] ServiceMgr::GetCurrentTopology rev: service.Revision{0x0, 0x0, 0x0, 0x0, 0x0, 0x0, 0x0, 0x1}
2020-02-17T12:28:52.977+00:00 [Info] ServiceMgr::GetTaskList rev: service.Revision(nil)
2020-02-17T12:28:52.978+00:00 [Info] ServiceMgr::GetCurrentTopology rev: service.Revision(nil)
2020-02-17T12:28:52.979+00:00 [Info] ServiceMgr::GetTaskList rev: service.Revision{0x0, 0x0, 0x0, 0x0, 0x0, 0x0, 0x0, 0x1}
2020-02-17T12:28:52.980+00:00 [Info] ServiceMgr::GetCurrentTopology rev: service.Revision{0x0, 0x0, 0x0, 0x0, 0x0, 0x0, 0x0, 0x1}
2020-02-17T12:29:21.877+00:00 [Info] {"allocated":3744104,"heap_allocated":3744104,"heap_idle":3145728,"heap_in_use":5177344,"heap_objects":14144,"heap_os_related":0,"heap_system":8323072,"last_gc_cycle":"2020-02-17 12:29:14.383227209 +0000 UTC","memory_allocations":659256,"memory_frees":645112,"next_gc_cycle":"6ms","num_gc":88,"stack_cache_in_use":6944,"stack_in_use":1114112,"stack_span_in_use":61712,"stack_system":1114112,"total_allocated":232879552}
2020-02-17T12:29:22.980+00:00 [Info] ServiceMgr::GetTaskList rev: service.Revision(nil)
2020-02-17T12:29:22.980+00:00 [Info] ServiceMgr::GetCurrentTopology rev: service.Revision(nil)
2020-02-17T12:29:22.984+00:00 [Info] ServiceMgr::GetTaskList rev: service.Revision{0x0, 0x0, 0x0, 0x0, 0x0, 0x0, 0x0, 0x1}
2020-02-17T12:29:22.984+00:00 [Info] ServiceMgr::GetCurrentTopology rev: service.Revision{0x0, 0x0, 0x0, 0x0, 0x0, 0x0, 0x0, 0x1}
2020-02-17T12:29:52.984+00:00 [Info] ServiceMgr::GetTaskList rev: service.Revision(nil)
2020-02-17T12:29:52.985+00:00 [Info] ServiceMgr::GetCurrentTopology rev: service.Revision(nil)
2020-02-17T12:29:52.985+00:00 [Info] ServiceMgr::GetTaskList rev: service.Revision{0x0, 0x0, 0x0, 0x0, 0x0, 0x0, 0x0, 0x1}
2020-02-17T12:29:52.986+00:00 [Info] ServiceMgr::GetCurrentTopology rev: service.Revision{0x0, 0x0, 0x0, 0x0, 0x0, 0x0, 0x0, 0x1}
2020-02-17T12:30:21.877+00:00 [Info] {"allocated":5479336,"heap_allocated":5479336,"heap_idle":1597440,"heap_in_use":6725632,"heap_objects":18423,"heap_os_related":0,"heap_system":8323072,"last_gc_cycle":"2020-02-17 12:29:49.401894661 +0000 UTC","memory_allocations":672032,"memory_frees":653609,"next_gc_cycle":"6ms","num_gc":89,"stack_cache_in_use":6944,"stack_in_use":1114112,"stack_span_in_use":69616,"stack_system":1114112,"total_allocated":237459760}
2020-02-17T12:30:22.985+00:00 [Info] ServiceMgr::GetTaskList rev: service.Revision(nil)
2020-02-17T12:30:22.985+00:00 [Info] ServiceMgr::GetTaskList rev: service.Revision{0x0, 0x0, 0x0, 0x0, 0x0, 0x0, 0x0, 0x1}
2020-02-17T12:30:22.986+00:00 [Info] ServiceMgr::GetCurrentTopology rev: service.Revision(nil)
2020-02-17T12:30:22.987+00:00 [Info] ServiceMgr::GetCurrentTopology rev: service.Revision{0x0, 0x0, 0x0, 0x0, 0x0, 0x0, 0x0, 0x1}
2020-02-17T12:30:52.986+00:00 [Info] ServiceMgr::GetTaskList rev: service.Revision(nil)
2020-02-17T12:30:52.987+00:00 [Info] ServiceMgr::GetTaskList rev: service.Revision{0x0, 0x0, 0x0, 0x0, 0x0, 0x0, 0x0, 0x1}
2020-02-17T12:30:52.987+00:00 [Info] ServiceMgr::GetCurrentTopology rev: service.Revision(nil)
2020-02-17T12:30:52.988+00:00 [Info] ServiceMgr::GetCurrentTopology rev: service.Revision{0x0, 0x0, 0x0, 0x0, 0x0, 0x0, 0x0, 0x1}
2020-02-17T12:31:21.877+00:00 [Info] {"allocated":4925520,"heap_allocated":4925520,"heap_idle":2105344,"heap_in_use":6217728,"heap_objects":16938,"heap_os_related":0,"heap_system":8323072,"last_gc_cycle":"2020-02-17 12:30:59.439642374 +0000 UTC","memory_allocations":684822,"memory_frees":667884,"next_gc_cycle":"6ms","num_gc":91,"stack_cache_in_use":6944,"stack_in_use":1114112,"stack_span_in_use":65360,"stack_system":1114112,"total_allocated":242049688}
2020-02-17T12:31:22.987+00:00 [Info] ServiceMgr::GetTaskList rev: service.Revision(nil)
2020-02-17T12:31:22.988+00:00 [Info] ServiceMgr::GetTaskList rev: service.Revision{0x0, 0x0, 0x0, 0x0, 0x0, 0x0, 0x0, 0x1}
2020-02-17T12:31:22.988+00:00 [Info] ServiceMgr::GetCurrentTopology rev: service.Revision(nil)
2020-02-17T12:31:22.989+00:00 [Info] ServiceMgr::GetCurrentTopology rev: service.Revision{0x0, 0x0, 0x0, 0x0, 0x0, 0x0, 0x0, 0x1}
2020-02-17T12:31:52.988+00:00 [Info] ServiceMgr::GetTaskList rev: service.Revision(nil)
2020-02-17T12:31:52.989+00:00 [Info] ServiceMgr::GetTaskList rev: service.Revision{0x0, 0x0, 0x0, 0x0, 0x0, 0x0, 0x0, 0x1}
2020-02-17T12:31:52.990+00:00 [Info] ServiceMgr::GetCurrentTopology rev: service.Revision(nil)
2020-02-17T12:31:52.991+00:00 [Info] ServiceMgr::GetCurrentTopology rev: service.Revision{0x0, 0x0, 0x0, 0x0, 0x0, 0x0, 0x0, 0x1}
2020-02-17T12:32:21.877+00:00 [Info] {"allocated":4137848,"heap_allocated":4137848,"heap_idle":2785280,"heap_in_use":5537792,"heap_objects":15039,"heap_os_related":966656,"heap_system":8323072,"last_gc_cycle":"2020-02-17 12:32:09.469227603 +0000 UTC","memory_allocations":697613,"memory_frees":682574,"next_gc_cycle":"6ms","num_gc":93,"stack_cache_in_use":6944,"stack_in_use":1114112,"stack_span_in_use":62928,"stack_system":1114112,"total_allocated":246634400}
2020-02-17T12:32:22.989+00:00 [Info] ServiceMgr::GetTaskList rev: service.Revision(nil)
2020-02-17T12:32:22.990+00:00 [Info] ServiceMgr::GetTaskList rev: service.Revision{0x0, 0x0, 0x0, 0x0, 0x0, 0x0, 0x0, 0x1}
2020-02-17T12:32:22.991+00:00 [Info] ServiceMgr::GetCurrentTopology rev: service.Revision(nil)
2020-02-17T12:32:22.992+00:00 [Info] ServiceMgr::GetCurrentTopology rev: service.Revision{0x0, 0x0, 0x0, 0x0, 0x0, 0x0, 0x0, 0x1}
2020-02-17T12:32:52.990+00:00 [Info] ServiceMgr::GetTaskList rev: service.Revision(nil)
2020-02-17T12:32:52.991+00:00 [Info] ServiceMgr::GetTaskList rev: service.Revision{0x0, 0x0, 0x0, 0x0, 0x0, 0x0, 0x0, 0x1}
2020-02-17T12:32:52.992+00:00 [Info] ServiceMgr::GetCurrentTopology rev: service.Revision(nil)
2020-02-17T12:32:52.993+00:00 [Info] ServiceMgr::GetCurrentTopology rev: service.Revision{0x0, 0x0, 0x0, 0x0, 0x0, 0x0, 0x0, 0x1}
2020-02-17T12:33:21.878+00:00 [Info] {"allocated":3208072,"heap_allocated":3208072,"heap_idle":3588096,"heap_in_use":4734976,"heap_objects":13226,"heap_os_related":966656,"heap_system":8323072,"last_gc_cycle":"2020-02-17 12:33:19.500686305 +0000 UTC","memory_allocations":710399,"memory_frees":697173,"next_gc_cycle":"6ms","num_gc":95,"stack_cache_in_use":6944,"stack_in_use":1114112,"stack_span_in_use":59432,"stack_system":1114112,"total_allocated":251216712}
2020-02-17T12:33:22.991+00:00 [Info] ServiceMgr::GetTaskList rev: service.Revision(nil)
2020-02-17T12:33:22.992+00:00 [Info] ServiceMgr::GetTaskList rev: service.Revision{0x0, 0x0, 0x0, 0x0, 0x0, 0x0, 0x0, 0x1}
2020-02-17T12:33:22.993+00:00 [Info] ServiceMgr::GetCurrentTopology rev: service.Revision(nil)
2020-02-17T12:33:22.994+00:00 [Info] ServiceMgr::GetCurrentTopology rev: service.Revision{0x0, 0x0, 0x0, 0x0, 0x0, 0x0, 0x0, 0x1}
2020-02-17T12:33:52.992+00:00 [Info] ServiceMgr::GetTaskList rev: service.Revision(nil)
2020-02-17T12:33:52.994+00:00 [Info] ServiceMgr::GetCurrentTopology rev: service.Revision(nil)
2020-02-17T12:33:52.994+00:00 [Info] ServiceMgr::GetTaskList rev: service.Revision{0x0, 0x0, 0x0, 0x0, 0x0, 0x0, 0x0, 0x1}
2020-02-17T12:33:52.995+00:00 [Info] ServiceMgr::GetCurrentTopology rev: service.Revision{0x0, 0x0, 0x0, 0x0, 0x0, 0x0, 0x0, 0x1}
