[couchdb:info,2020-02-17T11:04:02.206Z,couchdb_ns_1@cb.local:cb_couch_sup<0.136.0>:couch_log:info:41]Apache CouchDB has started on http://0.0.0.0:8092/
[couchdb:info,2020-02-17T11:05:01.959Z,couchdb_ns_1@cb.local:couch_query_logger<0.186.0>:couch_log:info:41]Query-Volume
---
[couchdb:info,2020-02-17T11:06:01.960Z,couchdb_ns_1@cb.local:couch_query_logger<0.186.0>:couch_log:info:41]Query-Volume
---
[couchdb:info,2020-02-17T11:07:01.961Z,couchdb_ns_1@cb.local:couch_query_logger<0.186.0>:couch_log:info:41]Query-Volume
---
[couchdb:info,2020-02-17T11:08:01.962Z,couchdb_ns_1@cb.local:couch_query_logger<0.186.0>:couch_log:info:41]Query-Volume
---
[couchdb:info,2020-02-17T11:09:01.963Z,couchdb_ns_1@cb.local:couch_query_logger<0.186.0>:couch_log:info:41]Query-Volume
---
[couchdb:info,2020-02-17T11:10:01.964Z,couchdb_ns_1@cb.local:couch_query_logger<0.186.0>:couch_log:info:41]Query-Volume
---
[couchdb:info,2020-02-17T11:11:01.965Z,couchdb_ns_1@cb.local:couch_query_logger<0.186.0>:couch_log:info:41]Query-Volume
---
[couchdb:info,2020-02-17T11:12:01.966Z,couchdb_ns_1@cb.local:couch_query_logger<0.186.0>:couch_log:info:41]Query-Volume
---
[couchdb:info,2020-02-17T11:13:01.967Z,couchdb_ns_1@cb.local:couch_query_logger<0.186.0>:couch_log:info:41]Query-Volume
---
[couchdb:info,2020-02-17T11:14:01.968Z,couchdb_ns_1@cb.local:couch_query_logger<0.186.0>:couch_log:info:41]Query-Volume
---
[couchdb:info,2020-02-17T11:15:01.969Z,couchdb_ns_1@cb.local:couch_query_logger<0.186.0>:couch_log:info:41]Query-Volume
---
[couchdb:info,2020-02-17T11:16:01.970Z,couchdb_ns_1@cb.local:couch_query_logger<0.186.0>:couch_log:info:41]Query-Volume
---
[couchdb:info,2020-02-17T11:17:01.971Z,couchdb_ns_1@cb.local:couch_query_logger<0.186.0>:couch_log:info:41]Query-Volume
---
[couchdb:info,2020-02-17T11:18:01.972Z,couchdb_ns_1@cb.local:couch_query_logger<0.186.0>:couch_log:info:41]Query-Volume
---
[couchdb:info,2020-02-17T11:19:01.973Z,couchdb_ns_1@cb.local:couch_query_logger<0.186.0>:couch_log:info:41]Query-Volume
---
[couchdb:info,2020-02-17T11:20:01.974Z,couchdb_ns_1@cb.local:couch_query_logger<0.186.0>:couch_log:info:41]Query-Volume
---
[couchdb:info,2020-02-17T11:21:01.975Z,couchdb_ns_1@cb.local:couch_query_logger<0.186.0>:couch_log:info:41]Query-Volume
---
[couchdb:info,2020-02-17T11:22:01.976Z,couchdb_ns_1@cb.local:couch_query_logger<0.186.0>:couch_log:info:41]Query-Volume
---
[couchdb:info,2020-02-17T11:23:01.977Z,couchdb_ns_1@cb.local:couch_query_logger<0.186.0>:couch_log:info:41]Query-Volume
---
[couchdb:info,2020-02-17T11:24:01.978Z,couchdb_ns_1@cb.local:couch_query_logger<0.186.0>:couch_log:info:41]Query-Volume
---
[couchdb:info,2020-02-17T11:25:01.979Z,couchdb_ns_1@cb.local:couch_query_logger<0.186.0>:couch_log:info:41]Query-Volume
---
[couchdb:info,2020-02-17T11:26:01.980Z,couchdb_ns_1@cb.local:couch_query_logger<0.186.0>:couch_log:info:41]Query-Volume
---
[couchdb:info,2020-02-17T11:27:01.981Z,couchdb_ns_1@cb.local:couch_query_logger<0.186.0>:couch_log:info:41]Query-Volume
---
[couchdb:info,2020-02-17T11:28:01.982Z,couchdb_ns_1@cb.local:couch_query_logger<0.186.0>:couch_log:info:41]Query-Volume
---
[couchdb:info,2020-02-17T11:29:01.983Z,couchdb_ns_1@cb.local:couch_query_logger<0.186.0>:couch_log:info:41]Query-Volume
---
[couchdb:info,2020-02-17T11:30:01.984Z,couchdb_ns_1@cb.local:couch_query_logger<0.186.0>:couch_log:info:41]Query-Volume
---
[couchdb:info,2020-02-17T11:31:01.985Z,couchdb_ns_1@cb.local:couch_query_logger<0.186.0>:couch_log:info:41]Query-Volume
---
[couchdb:info,2020-02-17T11:34:25.163Z,couchdb_ns_1@cb.local:cb_couch_sup<0.135.0>:couch_log:info:41]Apache CouchDB has started on http://0.0.0.0:8092/
[couchdb:info,2020-02-17T11:35:24.917Z,couchdb_ns_1@cb.local:couch_query_logger<0.185.0>:couch_log:info:41]Query-Volume
---
[couchdb:info,2020-02-17T11:36:24.918Z,couchdb_ns_1@cb.local:couch_query_logger<0.185.0>:couch_log:info:41]Query-Volume
---
[couchdb:info,2020-02-17T11:37:24.919Z,couchdb_ns_1@cb.local:couch_query_logger<0.185.0>:couch_log:info:41]Query-Volume
---
[couchdb:info,2020-02-17T11:38:24.920Z,couchdb_ns_1@cb.local:couch_query_logger<0.185.0>:couch_log:info:41]Query-Volume
---
[couchdb:info,2020-02-17T11:39:16.694Z,couchdb_ns_1@cb.local:cb_couch_sup<0.135.0>:couch_log:info:41]Apache CouchDB has started on http://0.0.0.0:8092/
[couchdb:info,2020-02-17T11:40:16.442Z,couchdb_ns_1@cb.local:couch_query_logger<0.185.0>:couch_log:info:41]Query-Volume
---
[couchdb:info,2020-02-17T11:41:16.443Z,couchdb_ns_1@cb.local:couch_query_logger<0.185.0>:couch_log:info:41]Query-Volume
---
[couchdb:info,2020-02-17T11:42:16.444Z,couchdb_ns_1@cb.local:couch_query_logger<0.185.0>:couch_log:info:41]Query-Volume
---
[couchdb:info,2020-02-17T11:43:16.445Z,couchdb_ns_1@cb.local:couch_query_logger<0.185.0>:couch_log:info:41]Query-Volume
---
[couchdb:info,2020-02-17T11:43:44.602Z,couchdb_ns_1@cb.local:<0.477.0>:couch_log:info:41]Deleting couch file "/opt/couchbase/var/lib/couchbase/data/cms/master.couch.1.compact" with renaming it to "/opt/couchbase/var/lib/couchbase/data/.delete/6aac51d72ee10aa2b12b3178d4062833"
[couchdb:info,2020-02-17T11:43:44.635Z,couchdb_ns_1@cb.local:<0.477.0>:couch_log:info:41]Deleting couch file "/opt/couchbase/var/lib/couchbase/data/cms/master.couch.1.compact" with renaming it to "/opt/couchbase/var/lib/couchbase/data/.delete/4fee749f72a09640507bbe147e864730"
[couchdb:info,2020-02-17T11:43:44.741Z,couchdb_ns_1@cb.local:couch_view<0.232.0>:couch_log:info:41]Deleting couch file "/opt/couchbase/var/lib/couchbase/data/.cms/master_temp" with renaming it to "/opt/couchbase/var/lib/couchbase/data/.delete/d86942b0bfcfd94018fcd52c9ab96b9d"
[couchdb:info,2020-02-17T11:43:44.767Z,couchdb_ns_1@cb.local:couch_view<0.232.0>:couch_log:info:41]Deleting couch file "/opt/couchbase/var/lib/couchbase/data/.cms/master_temp" with renaming it to "/opt/couchbase/var/lib/couchbase/data/.delete/98d3dc241dc02b2681ad9d5df7242057"
[couchdb:info,2020-02-17T11:44:16.446Z,couchdb_ns_1@cb.local:couch_query_logger<0.185.0>:couch_log:info:41]Query-Volume
---
[couchdb:info,2020-02-17T11:45:16.447Z,couchdb_ns_1@cb.local:couch_query_logger<0.185.0>:couch_log:info:41]Query-Volume
---
[couchdb:info,2020-02-17T11:46:16.448Z,couchdb_ns_1@cb.local:couch_query_logger<0.185.0>:couch_log:info:41]Query-Volume
---
[couchdb:info,2020-02-17T11:47:16.449Z,couchdb_ns_1@cb.local:couch_query_logger<0.185.0>:couch_log:info:41]Query-Volume
---
[couchdb:info,2020-02-17T11:48:16.450Z,couchdb_ns_1@cb.local:couch_query_logger<0.185.0>:couch_log:info:41]Query-Volume
---
[couchdb:info,2020-02-17T11:49:16.451Z,couchdb_ns_1@cb.local:couch_query_logger<0.185.0>:couch_log:info:41]Query-Volume
---
[couchdb:info,2020-02-17T11:50:16.452Z,couchdb_ns_1@cb.local:couch_query_logger<0.185.0>:couch_log:info:41]Query-Volume
---
[couchdb:info,2020-02-17T11:51:16.453Z,couchdb_ns_1@cb.local:couch_query_logger<0.185.0>:couch_log:info:41]Query-Volume
---
[couchdb:info,2020-02-17T11:52:16.454Z,couchdb_ns_1@cb.local:couch_query_logger<0.185.0>:couch_log:info:41]Query-Volume
---
[couchdb:info,2020-02-17T11:53:16.455Z,couchdb_ns_1@cb.local:couch_query_logger<0.185.0>:couch_log:info:41]Query-Volume
---
[couchdb:info,2020-02-17T11:54:16.456Z,couchdb_ns_1@cb.local:couch_query_logger<0.185.0>:couch_log:info:41]Query-Volume
---
[couchdb:info,2020-02-17T11:55:16.457Z,couchdb_ns_1@cb.local:couch_query_logger<0.185.0>:couch_log:info:41]Query-Volume
---
[couchdb:info,2020-02-17T11:56:16.458Z,couchdb_ns_1@cb.local:couch_query_logger<0.185.0>:couch_log:info:41]Query-Volume
---
[couchdb:info,2020-02-17T11:57:16.459Z,couchdb_ns_1@cb.local:couch_query_logger<0.185.0>:couch_log:info:41]Query-Volume
---
[couchdb:info,2020-02-17T11:58:16.460Z,couchdb_ns_1@cb.local:couch_query_logger<0.185.0>:couch_log:info:41]Query-Volume
---
[couchdb:info,2020-02-17T11:59:16.461Z,couchdb_ns_1@cb.local:couch_query_logger<0.185.0>:couch_log:info:41]Query-Volume
---
[couchdb:info,2020-02-17T12:00:16.462Z,couchdb_ns_1@cb.local:couch_query_logger<0.185.0>:couch_log:info:41]Query-Volume
---
[couchdb:info,2020-02-17T12:01:16.463Z,couchdb_ns_1@cb.local:couch_query_logger<0.185.0>:couch_log:info:41]Query-Volume
---
[couchdb:info,2020-02-17T12:02:16.464Z,couchdb_ns_1@cb.local:couch_query_logger<0.185.0>:couch_log:info:41]Query-Volume
---
[couchdb:info,2020-02-17T12:03:16.465Z,couchdb_ns_1@cb.local:couch_query_logger<0.185.0>:couch_log:info:41]Query-Volume
---
[couchdb:info,2020-02-17T12:04:16.466Z,couchdb_ns_1@cb.local:couch_query_logger<0.185.0>:couch_log:info:41]Query-Volume
---
[couchdb:info,2020-02-17T12:05:16.467Z,couchdb_ns_1@cb.local:couch_query_logger<0.185.0>:couch_log:info:41]Query-Volume
---
[couchdb:info,2020-02-17T12:06:16.468Z,couchdb_ns_1@cb.local:couch_query_logger<0.185.0>:couch_log:info:41]Query-Volume
---
[couchdb:info,2020-02-17T12:07:16.469Z,couchdb_ns_1@cb.local:couch_query_logger<0.185.0>:couch_log:info:41]Query-Volume
---
[couchdb:info,2020-02-17T12:08:16.470Z,couchdb_ns_1@cb.local:couch_query_logger<0.185.0>:couch_log:info:41]Query-Volume
---
[couchdb:info,2020-02-17T12:09:16.471Z,couchdb_ns_1@cb.local:couch_query_logger<0.185.0>:couch_log:info:41]Query-Volume
---
[couchdb:info,2020-02-17T12:10:16.472Z,couchdb_ns_1@cb.local:couch_query_logger<0.185.0>:couch_log:info:41]Query-Volume
---
[couchdb:info,2020-02-17T12:11:16.473Z,couchdb_ns_1@cb.local:couch_query_logger<0.185.0>:couch_log:info:41]Query-Volume
---
[couchdb:info,2020-02-17T12:12:16.474Z,couchdb_ns_1@cb.local:couch_query_logger<0.185.0>:couch_log:info:41]Query-Volume
---
[couchdb:info,2020-02-17T12:13:16.475Z,couchdb_ns_1@cb.local:couch_query_logger<0.185.0>:couch_log:info:41]Query-Volume
---
[couchdb:info,2020-02-17T12:14:16.476Z,couchdb_ns_1@cb.local:couch_query_logger<0.185.0>:couch_log:info:41]Query-Volume
---
[couchdb:info,2020-02-17T12:15:16.477Z,couchdb_ns_1@cb.local:couch_query_logger<0.185.0>:couch_log:info:41]Query-Volume
---
[couchdb:info,2020-02-17T12:16:16.478Z,couchdb_ns_1@cb.local:couch_query_logger<0.185.0>:couch_log:info:41]Query-Volume
---
[couchdb:info,2020-02-17T12:17:16.479Z,couchdb_ns_1@cb.local:couch_query_logger<0.185.0>:couch_log:info:41]Query-Volume
---
[couchdb:info,2020-02-17T12:18:16.480Z,couchdb_ns_1@cb.local:couch_query_logger<0.185.0>:couch_log:info:41]Query-Volume
---
[couchdb:info,2020-02-17T12:19:16.481Z,couchdb_ns_1@cb.local:couch_query_logger<0.185.0>:couch_log:info:41]Query-Volume
---
[couchdb:info,2020-02-17T12:20:16.482Z,couchdb_ns_1@cb.local:couch_query_logger<0.185.0>:couch_log:info:41]Query-Volume
---
[couchdb:info,2020-02-17T12:21:16.483Z,couchdb_ns_1@cb.local:couch_query_logger<0.185.0>:couch_log:info:41]Query-Volume
---
[couchdb:info,2020-02-17T12:22:16.484Z,couchdb_ns_1@cb.local:couch_query_logger<0.185.0>:couch_log:info:41]Query-Volume
---
[couchdb:info,2020-02-17T12:23:16.485Z,couchdb_ns_1@cb.local:couch_query_logger<0.185.0>:couch_log:info:41]Query-Volume
---
[couchdb:info,2020-02-17T12:24:16.486Z,couchdb_ns_1@cb.local:couch_query_logger<0.185.0>:couch_log:info:41]Query-Volume
---
[couchdb:info,2020-02-17T12:25:16.487Z,couchdb_ns_1@cb.local:couch_query_logger<0.185.0>:couch_log:info:41]Query-Volume
---
[couchdb:info,2020-02-17T12:26:16.488Z,couchdb_ns_1@cb.local:couch_query_logger<0.185.0>:couch_log:info:41]Query-Volume
---
[couchdb:info,2020-02-17T12:27:16.489Z,couchdb_ns_1@cb.local:couch_query_logger<0.185.0>:couch_log:info:41]Query-Volume
---
[couchdb:info,2020-02-17T12:28:16.490Z,couchdb_ns_1@cb.local:couch_query_logger<0.185.0>:couch_log:info:41]Query-Volume
---
[couchdb:info,2020-02-17T12:29:16.491Z,couchdb_ns_1@cb.local:couch_query_logger<0.185.0>:couch_log:info:41]Query-Volume
---
[couchdb:info,2020-02-17T12:30:16.492Z,couchdb_ns_1@cb.local:couch_query_logger<0.185.0>:couch_log:info:41]Query-Volume
---
[couchdb:info,2020-02-17T12:31:16.493Z,couchdb_ns_1@cb.local:couch_query_logger<0.185.0>:couch_log:info:41]Query-Volume
---
[couchdb:info,2020-02-17T12:32:16.494Z,couchdb_ns_1@cb.local:couch_query_logger<0.185.0>:couch_log:info:41]Query-Volume
---
[couchdb:info,2020-02-17T12:33:16.495Z,couchdb_ns_1@cb.local:couch_query_logger<0.185.0>:couch_log:info:41]Query-Volume
---
