2020/02/17 11:39:21 cbauth: key: fts/remoteClients registered for tls config updates
2020/02/17 11:39:21 cfg_metakv: metaKVCallback, path: /fts/cbgt/cfg/nodeDefs-known/c17ce99f3cb0cec8038043e30471d33f, key: nodeDefs-known/c17ce99f3cb0cec8038043e30471d33f, deletion: false
2020/02/17 11:39:21 cfg_metakv: metaKVCallback, path: /fts/cbgt/cfg/nodeDefs-wanted/c17ce99f3cb0cec8038043e30471d33f, key: nodeDefs-wanted/c17ce99f3cb0cec8038043e30471d33f, deletion: false
2020/02/17 11:39:21 cfg_metakv: metaKVCallback, path: /fts/cbgt/cfg/version, key: version, deletion: false
_time=2020-02-17T11:39:21.443+00:00 _level=INFO _msg= Initialization of cbauth succeeded  
_time=2020-02-17T11:39:21.451+00:00 _level=INFO _msg=New store created with url http://127.0.0.1:8091 
_time=2020-02-17T11:39:21.451+00:00 _level=INFO _msg=pollEOF: About to start stdin polling 
_time=2020-02-17T11:39:21.480+00:00 _level=INFO _msg=New settings received: {"timeout":0,"n1ql-feat-ctrl":12,"max-parallelism":1,"query.settings.curl_whitelist":{"all_access":false,"allowed_urls":[],"disallowed_urls":[]},"query.settings.tmp_space_dir":"/opt/couchbase/var/lib/couchbase/tmp","completed-limit":4000,"prepared-limit":16384,"pipeline-batch":16,"pipeline-cap":512,"scan-cap":512,"loglevel":"info","completed-threshold":1000,"query.settings.tmp_space_size":5120} 
_time=2020-02-17T11:39:21.480+00:00 _level=INFO _msg=Settings notifier from metakv 
_time=2020-02-17T11:39:21.480+00:00 _level=INFO _msg=New Value for curl whitelist <ud>map[all_access:false allowed_urls:[] disallowed_urls:[]]</ud> 
2020-02-17T11:39:21.485+00:00 [INFO] Using plain authentication for user <ud>@cbq-engine</ud> 
2020-02-17T11:39:21.490+00:00 [INFO] Using plain authentication for user <ud>@cbq-engine</ud> 
2020-02-17T11:39:21.492+00:00 [INFO] Using plain authentication for user <ud>@cbq-engine</ud> 
2020-02-17T11:39:21.492+00:00 [INFO] Using plain authentication for user <ud>@cbq-engine</ud> 
2020-02-17T11:39:21.495+00:00 [INFO] Using plain authentication for user <ud>@cbq-engine</ud> 
2020/02/17 11:39:21 audit: created new audit service
_time=2020-02-17T11:39:21.507+00:00 _level=INFO _msg= GSI indexer settings have been updated map[query_tmpspace_limit:5120 query_tmpspace_dir:/opt/couchbase/var/lib/couchbase/tmp] 
2020-02-17T11:39:21.506+00:00 [Info] GSIC - Setting config map[query_tmpspace_limit:5120 query_tmpspace_dir:/opt/couchbase/var/lib/couchbase/tmp]
_time=2020-02-17T11:39:21.507+00:00 _level=INFO _msg= n1fty indexer settings have been updated map[query_tmpspace_limit:5120 query_tmpspace_dir:/opt/couchbase/var/lib/couchbase/tmp] 
_time=2020-02-17T11:39:21.507+00:00 _level=INFO _msg=Query Configuration changed for pipeline-cap. New value is 512 
_time=2020-02-17T11:39:21.507+00:00 _level=INFO _msg=Query Configuration changed for completed-limit. New value is 4000 
_time=2020-02-17T11:39:21.507+00:00 _level=INFO _msg=Query Configuration changed for n1ql-feat-ctrl. New value is 12 
_time=2020-02-17T11:39:21.507+00:00 _level=INFO _msg=Query Configuration changed for max-parallelism. New value is 1 
_time=2020-02-17T11:39:21.507+00:00 _level=INFO _msg=Query Configuration changed for scan-cap. New value is 512 
_time=2020-02-17T11:39:21.507+00:00 _level=INFO _msg=Query Configuration changed for loglevel. New value is info 
_time=2020-02-17T11:39:21.507+00:00 _level=INFO _msg=Query Configuration changed for completed-threshold. New value is 1000 
_time=2020-02-17T11:39:21.507+00:00 _level=INFO _msg=Query Configuration changed for pipeline-batch. New value is 16 
_time=2020-02-17T11:39:21.507+00:00 _level=INFO _msg=Query Configuration changed for timeout. New value is 0 
_time=2020-02-17T11:39:21.507+00:00 _level=INFO _msg=Query Configuration changed for prepared-limit. New value is 16384 
_time=2020-02-17T11:39:21.522+00:00 _level=INFO _msg=cbq-engine started max-concurrency=4 servicers=16 max-index-api=4 timeout=0s request-size-cap=67108864 datastore=http://127.0.0.1:8091 loglevel=INFO plus-servicers=64 scan-cap=512 pipeline-cap=512 pipeline-batch=16 version=2.0.0-N1QL request-cap=256 n1ql_feat_cntrl=12 
_time=2020-02-17T11:39:21.523+00:00 _level=INFO _msg=HttpEndpoint: Listen Address=[::]:8093 
_time=2020-02-17T11:39:21.523+00:00 _level=INFO _msg=Starting audit worker 1 
_time=2020-02-17T11:39:21.523+00:00 _level=INFO _msg=Starting audit worker 2 
_time=2020-02-17T11:39:21.523+00:00 _level=INFO _msg=Starting audit worker 3 
_time=2020-02-17T11:39:21.523+00:00 _level=INFO _msg=Starting audit worker 4 
_time=2020-02-17T11:39:21.523+00:00 _level=INFO _msg=Starting audit settings worker 1. 
_time=2020-02-17T11:39:21.523+00:00 _level=INFO _msg= Certificates have been refreshed by ns server  
_time=2020-02-17T11:39:21.540+00:00 _level=INFO _msg=HttpEndpoint: ListenTLS Address=[::]:18093 
_time=2020-02-17T11:39:21.540+00:00 _level=ERROR _msg=Updating node-to-node encryption level: {EncryptData:false DisableNonSSLPorts:false} 
2020/02/17 11:39:21 cfg_metakv: metaKVCallback, path: /fts/cbgt/cfg/nodeDefs-known/3f1adf42289fac35f84a33ceb7f5d2d2, key: nodeDefs-known/3f1adf42289fac35f84a33ceb7f5d2d2, deletion: false
2020/02/17 11:39:21 cfg_metakv: metaKVCallback, path: /fts/cbgt/cfg/nodeDefs-wanted/3f1adf42289fac35f84a33ceb7f5d2d2, key: nodeDefs-wanted/3f1adf42289fac35f84a33ceb7f5d2d2, deletion: false
2020-02-17T11:39:21.733+00:00 [INFO] c6:c5:4b:23:a3:5b:6c:3 17909633581238894684 : Initialized isolate
2020-02-17T11:39:21.760+00:00 [INFO] Reponse : Message:"Evaluator initialized successfully" 
2020/02/17 11:39:21 cfg_metakv: metaKVCallback, path: /fts/cbgt/cfg/nodeDefs-known/e2a2c7da05001b61d5128ac80c037dc5, key: nodeDefs-known/e2a2c7da05001b61d5128ac80c037dc5, deletion: false
2020/02/17 11:39:21 cfg_metakv: metaKVCallback, path: /fts/cbgt/cfg/nodeDefs-wanted/e2a2c7da05001b61d5128ac80c037dc5, key: nodeDefs-wanted/e2a2c7da05001b61d5128ac80c037dc5, deletion: false
2020-02-17T11:39:21.934+00:00 [INFO] a5:c1:12:4:47:51:82:e3 3504189795222981838 : Initialized isolate
2020-02-17T11:39:21.939+00:00 [INFO] Reponse : Message:"Evaluator initialized successfully" 
_time=2020-02-17T11:39:22.523+00:00 _level=INFO _msg=Starting audit update stream 
